<?xml version="1.0" encoding="utf-8"?><testsuites name="pytest tests"><testsuite name="pytest" errors="0" failures="0" skipped="0" tests="18" time="2.178" timestamp="2026-04-11T10:07:27.381222+00:00" hostname="agent-env-4a7f80d7-756c-4200-8991-71de3adaf3ec"><testcase classname="backend.tests.test_iteration76_new_features.TestMorningCheckEmailReport" name="test_send_email_report_success" time="0.492" /><testcase classname="backend.tests.test_iteration76_new_features.TestMorningCheckEmailReport" name="test_send_email_report_missing_email" time="0.087" /><testcase classname="backend.tests.test_iteration76_new_features.TestTechnicianInvites" name="test_create_invite" time="0.079" /><testcase classname="backend.tests.test_iteration76_new_features.TestTechnicianInvites" name="test_list_invites" time="0.092" /><testcase classname="backend.tests.test_iteration76_new_features.TestTechnicianInvites" name="test_resend_invite" time="0.093" /><testcase classname="backend.tests.test_iteration76_new_features.TestTechnicianInvites" name="test_revoke_invite" time="0.107" /><testcase classname="backend.tests.test_iteration76_new_features.TestTechnicianInvites" name="test_create_invite_duplicate_pending" time="0.193" /><testcase classname="backend.tests.test_iteration76_new_features.TestTechnicianInvites" name="test_create_invite_missing_fields" time="0.081" /><testcase classname="backend.tests.test_iteration76_new_features.TestDocBrandingTemplates" name="test_get_templates" time="0.087" /><testcase classname="backend.tests.test_iteration76_new_features.TestDocBrandingTemplates" name="test_get_branding_settings" time="0.081" /><testcase classname="backend.tests.test_iteration76_new_features.TestDocBrandingTemplates" name="test_update_branding_settings_invoice" time="0.082" /><testcase classname="backend.tests.test_iteration76_new_features.TestDocBrandingTemplates" name="test_update_branding_settings_purchase_order" time="0.083" /><testcase classname="backend.tests.test_iteration76_new_features.TestDocBrandingTemplates" name="test_update_branding_settings_invalid_doc_type" time="0.112" /><testcase classname="backend.tests.test_iteration76_new_features.TestDocBrandingTemplates" name="test_preview_template_builtin" time="0.083" /><testcase classname="backend.tests.test_iteration76_new_features.TestDocBrandingTemplates" name="test_preview_template_modern" time="0.088" /><testcase classname="backend.tests.test_iteration76_new_features.TestDocBrandingTemplates" name="test_preview_template_not_found" time="0.095" /><testcase classname="backend.tests.test_iteration76_new_features.TestOnboardingKanbanView" name="test_get_onboarding_sessions" time="0.092" /><testcase classname="backend.tests.test_iteration76_new_features.TestOnboardingKanbanView" name="test_create_onboarding_session" time="0.068" /></testsuite></testsuites>