<?xml version="1.0" encoding="utf-8"?><testsuites name="pytest tests"><testsuite name="pytest" errors="0" failures="0" skipped="0" tests="18" time="16.098" timestamp="2026-03-20T05:21:41.827329+00:00" hostname="agent-env-8af72050-eead-4d66-b3b4-667ee815406f"><testcase classname="backend.tests.test_iteration44_security_features.TestSecurityDashboard" name="test_security_overview" time="1.304" /><testcase classname="backend.tests.test_iteration44_security_features.TestSecurityDashboard" name="test_security_score_trend" time="0.419" /><testcase classname="backend.tests.test_iteration44_security_features.TestEndpointSecurity" name="test_endpoint_scores" time="1.061" /><testcase classname="backend.tests.test_iteration44_security_features.TestRansomwareCanary" name="test_canary_status" time="1.038" /><testcase classname="backend.tests.test_iteration44_security_features.TestKanbanTickets" name="test_kanban_board" time="1.052" /><testcase classname="backend.tests.test_iteration44_security_features.TestRecurringInvoices" name="test_list_recurring_invoices" time="1.030" /><testcase classname="backend.tests.test_iteration44_security_features.TestIdentityThreats" name="test_identity_overview" time="1.046" /><testcase classname="backend.tests.test_iteration44_security_features.TestSocFeed" name="test_soc_events" time="1.040" /><testcase classname="backend.tests.test_iteration44_security_features.TestSocFeed" name="test_soc_stats" time="0.413" /><testcase classname="backend.tests.test_iteration44_security_features.TestVulnerabilityScanner" name="test_vuln_overview" time="1.054" /><testcase classname="backend.tests.test_iteration44_security_features.TestVulnerabilityScanner" name="test_vulns_by_client" time="0.424" /><testcase classname="backend.tests.test_iteration44_security_features.TestRemediationPlaybooks" name="test_list_playbooks" time="1.059" /><testcase classname="backend.tests.test_iteration44_security_features.TestThirdPartyPatching" name="test_patching_overview" time="1.135" /><testcase classname="backend.tests.test_iteration44_security_features.TestAuditTrail" name="test_audit_events" time="1.034" /><testcase classname="backend.tests.test_iteration44_security_features.TestAuditTrail" name="test_audit_summary" time="0.403" /><testcase classname="backend.tests.test_iteration44_security_features.TestPasswordRotation" name="test_rotation_policies" time="1.040" /><testcase classname="backend.tests.test_iteration44_security_features.TestPasswordRotation" name="test_rotation_history" time="0.404" /><testcase classname="backend.tests.test_iteration44_security_features.TestThreatTimeline" name="test_threat_timeline" time="1.041" /></testsuite></testsuites>