<?xml version="1.0" encoding="utf-8"?><testsuites name="pytest tests"><testsuite name="pytest" errors="0" failures="0" skipped="0" tests="28" time="3.087" timestamp="2026-03-20T03:27:21.051837+00:00" hostname="agent-env-6ad1e55c-6072-4c1c-b384-316430b3b4a2"><testcase classname="backend.tests.test_iteration42_phase12_features.TestSeedDataVerification" name="test_clients_count_15" time="0.436" /><testcase classname="backend.tests.test_iteration42_phase12_features.TestSeedDataVerification" name="test_devices_with_warranty_data" time="0.076" /><testcase classname="backend.tests.test_iteration42_phase12_features.TestSeedDataVerification" name="test_csat_dashboard_seeded" time="0.092" /><testcase classname="backend.tests.test_iteration42_phase12_features.TestSeedDataVerification" name="test_approvals_seeded" time="0.084" /><testcase classname="backend.tests.test_iteration42_phase12_features.TestSeedDataVerification" name="test_skills_matrix_seeded" time="0.099" /><testcase classname="backend.tests.test_iteration42_phase12_features.TestSeedDataVerification" name="test_it_roadmap_seeded" time="0.107" /><testcase classname="backend.tests.test_iteration42_phase12_features.TestSlaPenalties" name="test_sla_penalty_dashboard" time="0.084" /><testcase classname="backend.tests.test_iteration42_phase12_features.TestSlaPenalties" name="test_calculate_penalty_for_contract" time="0.117" /><testcase classname="backend.tests.test_iteration42_phase12_features.TestRevenueForecast" name="test_revenue_forecast_dashboard" time="0.106" /><testcase classname="backend.tests.test_iteration42_phase12_features.TestClientRisk" name="test_client_risk_dashboard" time="0.138" /><testcase classname="backend.tests.test_iteration42_phase12_features.TestBulkActions" name="test_get_available_actions" time="0.077" /><testcase classname="backend.tests.test_iteration42_phase12_features.TestBulkActions" name="test_execute_bulk_action_restart" time="0.084" /><testcase classname="backend.tests.test_iteration42_phase12_features.TestEscalationMatrix" name="test_get_escalation_rules" time="0.070" /><testcase classname="backend.tests.test_iteration42_phase12_features.TestEscalationMatrix" name="test_check_escalations" time="0.093" /><testcase classname="backend.tests.test_iteration42_phase12_features.TestChangeManagement" name="test_list_changes" time="0.077" /><testcase classname="backend.tests.test_iteration42_phase12_features.TestChangeManagement" name="test_change_stats" time="0.079" /><testcase classname="backend.tests.test_iteration42_phase12_features.TestChangeManagement" name="test_create_and_approve_change" time="0.158" /><testcase classname="backend.tests.test_iteration42_phase12_features.TestIncidentHeatmap" name="test_heatmap_data" time="0.093" /><testcase classname="backend.tests.test_iteration42_phase12_features.TestTechUtilization" name="test_tech_utilization_dashboard" time="0.107" /><testcase classname="backend.tests.test_iteration42_phase12_features.TestCostPerTicket" name="test_cost_per_ticket_dashboard" time="0.076" /><testcase classname="backend.tests.test_iteration42_phase12_features.TestProfitabilityHeatmap" name="test_profitability_data" time="0.118" /><testcase classname="backend.tests.test_iteration42_phase12_features.TestBackupCompliance" name="test_backup_compliance_dashboard" time="0.089" /><testcase classname="backend.tests.test_iteration42_phase12_features.TestProcurementPlanner" name="test_procurement_recommendations" time="0.094" /><testcase classname="backend.tests.test_iteration42_phase12_features.TestClientReports" name="test_get_report_templates" time="0.081" /><testcase classname="backend.tests.test_iteration42_phase12_features.TestClientReports" name="test_generate_client_report" time="0.087" /><testcase classname="backend.tests.test_iteration42_phase12_features.TestLiveChat" name="test_get_chat_sessions" time="0.074" /><testcase classname="backend.tests.test_iteration42_phase12_features.TestLiveChat" name="test_create_chat_session" time="0.073" /><testcase classname="backend.tests.test_iteration42_phase12_features.TestLiveChat" name="test_widget_config" time="0.094" /></testsuite></testsuites>