<?xml version="1.0" encoding="utf-8"?><testsuites name="pytest tests"><testsuite name="pytest" errors="0" failures="0" skipped="0" tests="25" time="46.398" timestamp="2026-05-08T13:53:27.602153+00:00" hostname="agent-env-4a7f80d7-756c-4200-8991-71de3adaf3ec"><testcase classname="backend.tests.test_iteration155_acronis_backup_actions.TestAcronisBackupRun" name="test_run_requires_policy_id" time="4.223" /><testcase classname="backend.tests.test_iteration155_acronis_backup_actions.TestAcronisBackupRun" name="test_run_requires_resource_ids" time="2.945" /><testcase classname="backend.tests.test_iteration155_acronis_backup_actions.TestAcronisBackupRun" name="test_run_requires_both_fields" time="2.995" /><testcase classname="backend.tests.test_iteration155_acronis_backup_actions.TestAcronisBackupRun" name="test_run_requires_auth" time="0.141" /><testcase classname="backend.tests.test_iteration155_acronis_backup_actions.TestAcronisBackupCancel" name="test_cancel_requires_policy_id" time="0.139" /><testcase classname="backend.tests.test_iteration155_acronis_backup_actions.TestAcronisBackupCancel" name="test_cancel_requires_resource_ids" time="0.127" /><testcase classname="backend.tests.test_iteration155_acronis_backup_actions.TestAcronisBackupCancel" name="test_cancel_requires_auth" time="0.102" /><testcase classname="backend.tests.test_iteration155_acronis_backup_actions.TestAcronisPolicies" name="test_policies_returns_items" time="3.142" /><testcase classname="backend.tests.test_iteration155_acronis_backup_actions.TestAcronisPolicies" name="test_policies_item_structure" time="3.093" /><testcase classname="backend.tests.test_iteration155_acronis_backup_actions.TestAcronisPolicies" name="test_policies_filter_by_type" time="2.878" /><testcase classname="backend.tests.test_iteration155_acronis_backup_actions.TestAcronisPolicies" name="test_policies_requires_auth" time="0.121" /><testcase classname="backend.tests.test_iteration155_acronis_backup_actions.TestAcronisPoliciesApply" name="test_apply_requires_policy_id" time="0.086" /><testcase classname="backend.tests.test_iteration155_acronis_backup_actions.TestAcronisPoliciesApply" name="test_apply_requires_resource_ids" time="0.102" /><testcase classname="backend.tests.test_iteration155_acronis_backup_actions.TestAcronisPoliciesApply" name="test_apply_response_structure" time="0.924" /><testcase classname="backend.tests.test_iteration155_acronis_backup_actions.TestAcronisPoliciesApply" name="test_apply_requires_auth" time="0.120" /><testcase classname="backend.tests.test_iteration155_acronis_backup_actions.TestAcronisApplicationsDelete" name="test_delete_invalid_application_graceful" time="0.935" /><testcase classname="backend.tests.test_iteration155_acronis_backup_actions.TestAcronisApplicationsDelete" name="test_delete_requires_auth" time="0.181" /><testcase classname="backend.tests.test_iteration155_acronis_backup_actions.TestAcronisResourceApplications" name="test_resource_applications_returns_structure" time="0.909" /><testcase classname="backend.tests.test_iteration155_acronis_backup_actions.TestAcronisResourceApplications" name="test_resource_applications_item_structure" time="7.412" /><testcase classname="backend.tests.test_iteration155_acronis_backup_actions.TestAcronisResourceApplications" name="test_resource_applications_requires_auth" time="0.162" /><testcase classname="backend.tests.test_iteration155_acronis_backup_actions.TestAcronisLiveActivitiesEnhanced" name="test_live_activities_has_resource_and_policy_fields" time="4.708" /><testcase classname="backend.tests.test_iteration155_acronis_backup_actions.TestBackupCenterRegression" name="test_orphans_still_works" time="7.592" /><testcase classname="backend.tests.test_iteration155_acronis_backup_actions.TestBackupCenterRegression" name="test_agents_health_still_works" time="1.804" /><testcase classname="backend.tests.test_iteration155_acronis_backup_actions.TestBackupCenterRegression" name="test_alerts_still_works" time="1.394" /><testcase classname="backend.tests.test_iteration155_acronis_backup_actions.TestBackupCenterRegression" name="test_console_link_still_works" time="0.070" /></testsuite></testsuites>