<?xml version="1.0" encoding="utf-8"?><testsuites name="pytest tests"><testsuite name="pytest" errors="0" failures="0" skipped="0" tests="28" time="3.595" timestamp="2026-04-23T11:57:41.686003+00:00" hostname="agent-env-4a7f80d7-756c-4200-8991-71de3adaf3ec"><testcase classname="backend.tests.test_cipp_suped.TestCippStatus" name="test_cipp_status_requires_auth" time="0.151" /><testcase classname="backend.tests.test_cipp_suped.TestCippStatus" name="test_cipp_status_returns_structure" time="0.419" /><testcase classname="backend.tests.test_cipp_suped.TestCippSettings" name="test_cipp_save_settings" time="0.076" /><testcase classname="backend.tests.test_cipp_suped.TestCippSettings" name="test_cipp_status_after_save" time="0.108" /><testcase classname="backend.tests.test_cipp_suped.TestCippSettings" name="test_cipp_test_connection" time="0.173" /><testcase classname="backend.tests.test_cipp_suped.TestCippSettings" name="test_cipp_delete_settings" time="0.095" /><testcase classname="backend.tests.test_cipp_suped.TestCippSettings" name="test_cipp_status_after_delete" time="0.094" /><testcase classname="backend.tests.test_cipp_suped.TestCippSummaryWhenNotConfigured" name="test_cipp_summary_not_configured" time="0.236" /><testcase classname="backend.tests.test_cipp_suped.TestCippLinkedClients" name="test_cipp_linked_clients" time="0.108" /><testcase classname="backend.tests.test_cipp_suped.TestCippTenantsNotConfigured" name="test_cipp_tenants_not_configured" time="0.197" /><testcase classname="backend.tests.test_cipp_suped.TestCippTenantsNotConfigured" name="test_cipp_tenant_users_not_configured" time="0.090" /><testcase classname="backend.tests.test_cipp_suped.TestCippTenantsNotConfigured" name="test_cipp_tenant_licenses_not_configured" time="0.098" /><testcase classname="backend.tests.test_cipp_suped.TestClientCippLinking" name="test_link_cipp_tenant" time="0.166" /><testcase classname="backend.tests.test_cipp_suped.TestClientCippLinking" name="test_verify_cipp_tenant_linked" time="0.084" /><testcase classname="backend.tests.test_cipp_suped.TestClientCippLinking" name="test_unlink_cipp_tenant" time="0.090" /><testcase classname="backend.tests.test_cipp_suped.TestClientCippLinking" name="test_verify_cipp_tenant_unlinked" time="0.106" /><testcase classname="backend.tests.test_cipp_suped.TestClientSupedLinking" name="test_link_suped_tenant" time="0.093" /><testcase classname="backend.tests.test_cipp_suped.TestClientSupedLinking" name="test_verify_suped_tenant_linked" time="0.093" /><testcase classname="backend.tests.test_cipp_suped.TestClientSupedLinking" name="test_unlink_suped_tenant" time="0.088" /><testcase classname="backend.tests.test_cipp_suped.TestSupedServices" name="test_suped_services" time="0.119" /><testcase classname="backend.tests.test_cipp_suped.TestSupedComplianceDashboard" name="test_suped_compliance_dashboard" time="0.131" /><testcase classname="backend.tests.test_cipp_suped.TestClientSubscriptions" name="test_get_client_subscriptions_default" time="0.092" /><testcase classname="backend.tests.test_cipp_suped.TestClientSubscriptions" name="test_put_client_subscriptions" time="0.104" /><testcase classname="backend.tests.test_cipp_suped.TestClientSubscriptions" name="test_verify_client_subscriptions" time="0.098" /><testcase classname="backend.tests.test_cipp_suped.TestCippSettingsValidation" name="test_cipp_save_settings_missing_base_url" time="0.089" /><testcase classname="backend.tests.test_cipp_suped.TestCippSettingsValidation" name="test_cipp_save_settings_missing_api_key" time="0.100" /><testcase classname="backend.tests.test_cipp_suped.TestCippLinkValidation" name="test_link_cipp_tenant_missing_tenant_id" time="0.118" /><testcase classname="backend.tests.test_cipp_suped.TestCippLinkValidation" name="test_link_suped_tenant_missing_tenant_id" time="0.087" /></testsuite></testsuites>