<?xml version="1.0" encoding="utf-8"?><testsuites name="pytest tests"><testsuite name="pytest" errors="0" failures="0" skipped="0" tests="11" time="4.412" timestamp="2026-04-10T01:12:40.921292+00:00" hostname="agent-env-4a7f80d7-756c-4200-8991-71de3adaf3ec"><testcase classname="tests.test_iteration72_security_fixes.TestAdminAuth" name="test_admin_login_success" time="0.512" /><testcase classname="tests.test_iteration72_security_fixes.TestAdminAuth" name="test_auth_me_endpoint" time="0.517" /><testcase classname="tests.test_iteration72_security_fixes.TestPortalAuth" name="test_portal_login_success" time="0.330" /><testcase classname="tests.test_iteration72_security_fixes.TestSystemRandomEndpoints" name="test_nps_tracker_overview" time="0.413" /><testcase classname="tests.test_iteration72_security_fixes.TestSystemRandomEndpoints" name="test_hardware_refresh_overview" time="0.400" /><testcase classname="tests.test_iteration72_security_fixes.TestSystemRandomEndpoints" name="test_backup_verify_overview" time="0.450" /><testcase classname="tests.test_iteration72_security_fixes.TestSystemRandomEndpoints" name="test_executive_reports_overview" time="0.400" /><testcase classname="tests.test_iteration72_security_fixes.TestDashboardEndpoints" name="test_dashboard_stats" time="0.388" /><testcase classname="tests.test_iteration72_security_fixes.TestDashboardEndpoints" name="test_tickets_list" time="0.400" /><testcase classname="tests.test_iteration72_security_fixes.TestDashboardEndpoints" name="test_devices_list" time="0.413" /><testcase classname="tests.test_iteration72_security_fixes.TestSeedEndpoint" name="test_seed_endpoint" time="0.093" /></testsuite></testsuites>