<?xml version="1.0" encoding="utf-8"?><testsuites name="pytest tests"><testsuite name="pytest" errors="0" failures="2" skipped="0" tests="35" time="68.229" timestamp="2026-05-01T15:56:55.030418+00:00" hostname="agent-env-4a7f80d7-756c-4200-8991-71de3adaf3ec"><testcase classname="backend.tests.test_iteration135_new_features.TestInvoicePdfTemplates" name="test_create_template" time="0.675" /><testcase classname="backend.tests.test_iteration135_new_features.TestInvoicePdfTemplates" name="test_list_templates" time="0.097" /><testcase classname="backend.tests.test_iteration135_new_features.TestInvoicePdfTemplates" name="test_get_template_by_id" time="0.079" /><testcase classname="backend.tests.test_iteration135_new_features.TestInvoicePdfTemplates" name="test_update_template" time="0.080" /><testcase classname="backend.tests.test_iteration135_new_features.TestInvoicePdfTemplates" name="test_set_default_template" time="0.181" /><testcase classname="backend.tests.test_iteration135_new_features.TestInvoicePdfTemplates" name="test_preview_template_pdf" time="0.408" /><testcase classname="backend.tests.test_iteration135_new_features.TestInvoicePdfTemplates" name="test_preview_pdf_get_with_token" time="0.114" /><testcase classname="backend.tests.test_iteration135_new_features.TestInvoicePdfTemplates" name="test_validation_bad_layout" time="0.091" /><testcase classname="backend.tests.test_iteration135_new_features.TestInvoicePdfTemplates" name="test_validation_bad_density" time="0.088" /><testcase classname="backend.tests.test_iteration135_new_features.TestInvoicePdfTemplates" name="test_validation_bad_hex_color" time="0.082" /><testcase classname="backend.tests.test_iteration135_new_features.TestInvoicePdfTemplates" name="test_delete_template" time="0.171" /><testcase classname="backend.tests.test_iteration135_new_features.TestWhyOnFire" name="test_why_on_fire_ticket" time="11.219" /><testcase classname="backend.tests.test_iteration135_new_features.TestWhyOnFire" name="test_why_on_fire_device" time="0.233"><failure message="KeyError: 'entity_type'">backend/tests/test_iteration135_new_features.py:188: in test_why_on_fire_device
    assert data["entity_type"] == "device"
           ^^^^^^^^^^^^^^^^^^^
E   KeyError: 'entity_type'</failure></testcase><testcase classname="backend.tests.test_iteration135_new_features.TestWhyOnFire" name="test_why_on_fire_client" time="11.361" /><testcase classname="backend.tests.test_iteration135_new_features.TestWhyOnFire" name="test_why_on_fire_invalid_entity_type" time="0.147" /><testcase classname="backend.tests.test_iteration135_new_features.TestWhyOnFire" name="test_why_on_fire_not_found" time="0.093" /><testcase classname="backend.tests.test_iteration135_new_features.TestAutoQuote" name="test_auto_quote_from_ticket" time="9.719" /><testcase classname="backend.tests.test_iteration135_new_features.TestAutoQuote" name="test_auto_quote_not_found" time="0.148" /><testcase classname="backend.tests.test_iteration135_new_features.TestThreatRadar" name="test_threat_radar" time="0.081" /><testcase classname="backend.tests.test_iteration135_new_features.TestHealthCertificate" name="test_health_certificate_pdf" time="0.196" /><testcase classname="backend.tests.test_iteration135_new_features.TestHealthCertificate" name="test_health_certificate_no_token" time="0.183" /><testcase classname="backend.tests.test_iteration135_new_features.TestHealthCertificate" name="test_health_certificate_not_found" time="0.177" /><testcase classname="backend.tests.test_iteration135_new_features.TestKiosk" name="test_register_kiosk" time="0.090" /><testcase classname="backend.tests.test_iteration135_new_features.TestKiosk" name="test_list_kiosks" time="0.107" /><testcase classname="backend.tests.test_iteration135_new_features.TestKiosk" name="test_kiosk_lookup_missing_params" time="0.093" /><testcase classname="backend.tests.test_iteration135_new_features.TestKiosk" name="test_kiosk_lookup_unknown_email" time="0.111" /><testcase classname="backend.tests.test_iteration135_new_features.TestKiosk" name="test_kiosk_dashboard_invalid_token" time="0.086" /><testcase classname="backend.tests.test_iteration135_new_features.TestKiosk" name="test_kiosk_dashboard_valid_token" time="0.195" /><testcase classname="backend.tests.test_iteration135_new_features.TestKiosk" name="test_kiosk_approve_estimate_not_found" time="0.098" /><testcase classname="backend.tests.test_iteration135_new_features.TestKiosk" name="test_kiosk_approve_estimate_missing_name" time="0.082" /><testcase classname="backend.tests.test_iteration135_new_features.TestKiosk" name="test_delete_kiosk" time="0.089" /><testcase classname="backend.tests.test_iteration135_new_features.TestRegression" name="test_blueprints_page_loads" time="0.110" /><testcase classname="backend.tests.test_iteration135_new_features.TestRegression" name="test_qbr_endpoint" time="30.925" /><testcase classname="backend.tests.test_iteration135_new_features.TestRegression" name="test_warroom_list" time="0.270"><failure message="assert 404 == 200&#10; +  where 404 = &lt;Response [404]&gt;.status_code">backend/tests/test_iteration135_new_features.py:419: in test_warroom_list
    assert response.status_code == 200
E   assert 404 == 200
E    +  where 404 = &lt;Response [404]&gt;.status_code</failure></testcase><testcase classname="backend.tests.test_iteration135_new_features.TestRegression" name="test_tech_roster" time="0.213" /></testsuite></testsuites>