<?xml version="1.0" encoding="utf-8"?><testsuites name="pytest tests"><testsuite name="pytest" errors="0" failures="0" skipped="0" tests="19" time="19.727" timestamp="2026-03-21T02:27:38.162469+00:00" hostname="agent-env-a227f03a-500d-4f88-ac15-f50f7ced9482"><testcase classname="backend.tests.test_iteration56_billing_dashboard.TestBillingDashboard" name="test_auth_login" time="0.761" /><testcase classname="backend.tests.test_iteration56_billing_dashboard.TestBillingDashboard" name="test_billing_dashboard_metrics_endpoint_exists" time="1.108" /><testcase classname="backend.tests.test_iteration56_billing_dashboard.TestBillingDashboard" name="test_billing_dashboard_metrics_has_mrr" time="1.249" /><testcase classname="backend.tests.test_iteration56_billing_dashboard.TestBillingDashboard" name="test_billing_dashboard_metrics_has_arr" time="0.969" /><testcase classname="backend.tests.test_iteration56_billing_dashboard.TestBillingDashboard" name="test_billing_dashboard_metrics_has_payment_health_score" time="0.977" /><testcase classname="backend.tests.test_iteration56_billing_dashboard.TestBillingDashboard" name="test_billing_dashboard_metrics_has_streak" time="1.004" /><testcase classname="backend.tests.test_iteration56_billing_dashboard.TestBillingDashboard" name="test_billing_dashboard_metrics_has_overdue_alerts" time="0.973" /><testcase classname="backend.tests.test_iteration56_billing_dashboard.TestBillingDashboard" name="test_billing_dashboard_metrics_has_monthly_trend" time="0.999" /><testcase classname="backend.tests.test_iteration56_billing_dashboard.TestBillingDashboard" name="test_billing_dashboard_metrics_has_top_debtors" time="0.983" /><testcase classname="backend.tests.test_iteration56_billing_dashboard.TestBillingDashboard" name="test_billing_dashboard_metrics_has_recent_payments" time="0.988" /><testcase classname="backend.tests.test_iteration56_billing_dashboard.TestBillingDashboard" name="test_billing_dashboard_metrics_has_cash_flow_forecast" time="0.975" /><testcase classname="backend.tests.test_iteration56_billing_dashboard.TestBillingDashboard" name="test_billing_dashboard_metrics_has_counts" time="1.342" /><testcase classname="backend.tests.test_iteration56_billing_dashboard.TestBillingDashboard" name="test_billing_dashboard_metrics_has_revenue_stats" time="0.966" /><testcase classname="backend.tests.test_iteration56_billing_dashboard.TestBillingDashboard" name="test_billing_dashboard_metrics_overdue_alert_structure" time="0.992" /><testcase classname="backend.tests.test_iteration56_billing_dashboard.TestBillingDashboard" name="test_billing_dashboard_metrics_monthly_trend_structure" time="0.991" /><testcase classname="backend.tests.test_iteration56_billing_dashboard.TestBillingDashboard" name="test_chase_endpoint_requires_valid_invoice" time="0.974" /><testcase classname="backend.tests.test_iteration56_billing_dashboard.TestBillingDashboard" name="test_chase_endpoint_with_valid_invoice" time="1.382" /><testcase classname="backend.tests.test_iteration56_billing_dashboard.TestBillingDashboard" name="test_billing_dashboard_metrics_requires_auth" time="1.007" /><testcase classname="backend.tests.test_iteration56_billing_dashboard.TestBillingDashboard" name="test_chase_endpoint_requires_auth" time="1.028" /></testsuite></testsuites>