<?xml version="1.0" encoding="utf-8"?><testsuites name="pytest tests"><testsuite name="pytest" errors="0" failures="0" skipped="0" tests="37" time="4.939" timestamp="2026-04-30T11:01:27.150741+00:00" hostname="agent-env-4a7f80d7-756c-4200-8991-71de3adaf3ec"><testcase classname="backend.tests.test_iteration121_integrations_regression.TestCippStatus" name="test_cipp_status_returns_expected_fields" time="0.580" /><testcase classname="backend.tests.test_iteration121_integrations_regression.TestCippSummaryNotConfigured" name="test_cipp_summary_no_500_when_not_configured" time="0.109" /><testcase classname="backend.tests.test_iteration121_integrations_regression.TestCippLinkedClients" name="test_cipp_linked_clients_no_500" time="0.115" /><testcase classname="backend.tests.test_iteration121_integrations_regression.TestCippDigests" name="test_cipp_digests_no_500" time="0.134" /><testcase classname="backend.tests.test_iteration121_integrations_regression.TestCippHygieneDigest" name="test_cipp_hygiene_digest_returns_configured_false_when_not_configured" time="0.119" /><testcase classname="backend.tests.test_iteration121_integrations_regression.TestClientCippHygiene" name="test_client_cipp_hygiene_unlinked" time="0.089" /><testcase classname="backend.tests.test_iteration121_integrations_regression.TestUnifiSiteManagerStatus" name="test_unifi_status_no_500" time="0.102" /><testcase classname="backend.tests.test_iteration121_integrations_regression.TestUnifiSiteManagerSummary" name="test_unifi_summary_no_500" time="0.107" /><testcase classname="backend.tests.test_iteration121_integrations_regression.TestUnifiSiteManagerLinkedClients" name="test_unifi_linked_clients_no_500" time="0.113" /><testcase classname="backend.tests.test_iteration121_integrations_regression.TestUnifiDebugEndpoints" name="test_unifi_debug_raw_devices" time="0.088" /><testcase classname="backend.tests.test_iteration121_integrations_regression.TestUnifiDebugEndpoints" name="test_unifi_debug_raw_sites" time="0.110" /><testcase classname="backend.tests.test_iteration121_integrations_regression.TestUnifiControllersCRUD" name="test_list_controllers_initially_empty_or_array" time="0.117" /><testcase classname="backend.tests.test_iteration121_integrations_regression.TestUnifiControllersCRUD" name="test_create_controller_with_all_fields" time="0.089" /><testcase classname="backend.tests.test_iteration121_integrations_regression.TestUnifiControllersCRUD" name="test_list_controllers_includes_created" time="0.203" /><testcase classname="backend.tests.test_iteration121_integrations_regression.TestUnifiControllersCRUD" name="test_update_controller" time="0.089" /><testcase classname="backend.tests.test_iteration121_integrations_regression.TestUnifiControllersCRUD" name="test_controller_test_fails_gracefully_on_fake_url" time="0.175" /><testcase classname="backend.tests.test_iteration121_integrations_regression.TestUnifiControllersCRUD" name="test_controller_summary_returns_structure" time="0.096" /><testcase classname="backend.tests.test_iteration121_integrations_regression.TestUnifiControllersCRUD" name="test_controller_devices_graceful_error" time="0.088" /><testcase classname="backend.tests.test_iteration121_integrations_regression.TestUnifiControllersCRUD" name="test_controller_clients_graceful_error" time="0.116" /><testcase classname="backend.tests.test_iteration121_integrations_regression.TestUnifiControllersCRUD" name="test_controller_sites_graceful_error" time="0.090" /><testcase classname="backend.tests.test_iteration121_integrations_regression.TestUnifiControllersCRUD" name="test_delete_controller" time="0.133" /><testcase classname="backend.tests.test_iteration121_integrations_regression.TestUnifiControllersCRUD" name="test_list_controllers_after_delete" time="0.164" /><testcase classname="backend.tests.test_iteration121_integrations_regression.TestSupedServices" name="test_suped_services_returns_6_services" time="0.101" /><testcase classname="backend.tests.test_iteration121_integrations_regression.TestSupedComplianceDashboard" name="test_compliance_dashboard_returns_expected_fields" time="0.102" /><testcase classname="backend.tests.test_iteration121_integrations_regression.TestClientSubscriptions" name="test_get_client_subscriptions_default" time="0.109" /><testcase classname="backend.tests.test_iteration121_integrations_regression.TestClientSubscriptions" name="test_put_client_subscriptions" time="0.097" /><testcase classname="backend.tests.test_iteration121_integrations_regression.TestClientSubscriptions" name="test_get_client_subscriptions_after_update" time="0.098" /><testcase classname="backend.tests.test_iteration121_integrations_regression.TestClientSubscriptions" name="test_cleanup_client_subscriptions" time="0.084" /><testcase classname="backend.tests.test_iteration121_integrations_regression.TestHuduSummary" name="test_hudu_summary_always_returns_stats_object" time="0.205" /><testcase classname="backend.tests.test_iteration121_integrations_regression.TestHuduSummary" name="test_hudu_summary_responds_fast" time="0.121" /><testcase classname="backend.tests.test_iteration121_integrations_regression.TestHuduSummary" name="test_hudu_summary_force_refresh" time="0.241" /><testcase classname="backend.tests.test_iteration121_integrations_regression.TestHuduSync" name="test_hudu_sync_returns_summary_field" time="0.095" /><testcase classname="backend.tests.test_iteration121_integrations_regression.TestAuthRequired" name="test_cipp_status_requires_auth" time="0.085" /><testcase classname="backend.tests.test_iteration121_integrations_regression.TestAuthRequired" name="test_unifi_status_requires_auth" time="0.095" /><testcase classname="backend.tests.test_iteration121_integrations_regression.TestAuthRequired" name="test_unifi_controllers_requires_auth" time="0.087" /><testcase classname="backend.tests.test_iteration121_integrations_regression.TestAuthRequired" name="test_suped_services_requires_auth" time="0.079" /><testcase classname="backend.tests.test_iteration121_integrations_regression.TestAuthRequired" name="test_hudu_summary_requires_auth" time="0.205" /></testsuite></testsuites>