<?xml version="1.0" encoding="utf-8"?><testsuites name="pytest tests"><testsuite name="pytest" errors="0" failures="0" skipped="0" tests="25" time="10.627" timestamp="2026-04-30T11:38:32.641335+00:00" hostname="agent-env-4a7f80d7-756c-4200-8991-71de3adaf3ec"><testcase classname="backend.tests.test_iteration122_tactical_rmm.TestTRMMIntegration" name="test_trmm_status_not_configured" time="0.669" /><testcase classname="backend.tests.test_iteration122_tactical_rmm.TestTRMMIntegration" name="test_trmm_summary_not_configured" time="0.529" /><testcase classname="backend.tests.test_iteration122_tactical_rmm.TestTRMMIntegration" name="test_trmm_test_not_configured" time="0.637" /><testcase classname="backend.tests.test_iteration122_tactical_rmm.TestTRMMIntegration" name="test_trmm_settings_save_and_verify" time="0.501" /><testcase classname="backend.tests.test_iteration122_tactical_rmm.TestTRMMIntegration" name="test_trmm_settings_validation" time="0.657" /><testcase classname="backend.tests.test_iteration122_tactical_rmm.TestTRMMIntegration" name="test_trmm_test_unreachable_url" time="0.618" /><testcase classname="backend.tests.test_iteration122_tactical_rmm.TestTRMMIntegration" name="test_trmm_settings_delete" time="0.697" /><testcase classname="backend.tests.test_iteration122_tactical_rmm.TestTRMMIntegration" name="test_trmm_actions_log_empty" time="0.462" /><testcase classname="backend.tests.test_iteration122_tactical_rmm.TestTRMMIntegration" name="test_trmm_linked_devices_empty" time="0.473" /><testcase classname="backend.tests.test_iteration122_tactical_rmm.TestTRMMIntegration" name="test_device_link_trmm_agent" time="0.707" /><testcase classname="backend.tests.test_iteration122_tactical_rmm.TestTRMMIntegration" name="test_device_unlink_trmm_agent" time="0.603" /><testcase classname="backend.tests.test_iteration122_tactical_rmm.TestTRMMIntegration" name="test_device_link_validation" time="0.480" /><testcase classname="backend.tests.test_iteration122_tactical_rmm.TestTRMMIntegration" name="test_device_link_not_found" time="0.578" /><testcase classname="backend.tests.test_iteration122_tactical_rmm.TestRegressionSmoke" name="test_health_endpoint" time="0.439" /><testcase classname="backend.tests.test_iteration122_tactical_rmm.TestRegressionSmoke" name="test_auth_login" time="0.628" /><testcase classname="backend.tests.test_iteration122_tactical_rmm.TestRegressionSmoke" name="test_unifi_status" time="0.388" /><testcase classname="backend.tests.test_iteration122_tactical_rmm.TestRegressionSmoke" name="test_cipp_status" time="0.371" /><testcase classname="backend.tests.test_iteration122_tactical_rmm.TestRegressionSmoke" name="test_hudu_summary" time="0.360" /><testcase classname="backend.tests.test_iteration122_tactical_rmm.TestTRMMAuthRequired" name="test_trmm_status_requires_auth" time="0.091" /><testcase classname="backend.tests.test_iteration122_tactical_rmm.TestTRMMAuthRequired" name="test_trmm_summary_requires_auth" time="0.099" /><testcase classname="backend.tests.test_iteration122_tactical_rmm.TestTRMMAuthRequired" name="test_trmm_test_requires_auth" time="0.104" /><testcase classname="backend.tests.test_iteration122_tactical_rmm.TestTRMMAuthRequired" name="test_trmm_settings_post_requires_auth" time="0.139" /><testcase classname="backend.tests.test_iteration122_tactical_rmm.TestTRMMAuthRequired" name="test_trmm_settings_delete_requires_auth" time="0.096" /><testcase classname="backend.tests.test_iteration122_tactical_rmm.TestTRMMAuthRequired" name="test_trmm_actions_log_requires_auth" time="0.117" /><testcase classname="backend.tests.test_iteration122_tactical_rmm.TestTRMMAuthRequired" name="test_trmm_linked_devices_requires_auth" time="0.082" /></testsuite></testsuites>