<?xml version="1.0" encoding="utf-8"?><testsuites name="pytest tests"><testsuite name="pytest" errors="0" failures="0" skipped="0" tests="22" time="3.741" timestamp="2026-06-26T14:15:50.073538+00:00" hostname="agent-env-4a7f80d7-756c-4200-8991-71de3adaf3ec"><testcase classname="backend.tests.test_iteration174_lead_studio" name="test_score" time="0.511" /><testcase classname="backend.tests.test_iteration174_lead_studio" name="test_hot" time="0.045" /><testcase classname="backend.tests.test_iteration174_lead_studio" name="test_stale" time="0.077" /><testcase classname="backend.tests.test_iteration174_lead_studio" name="test_activity_ticker" time="0.077" /><testcase classname="backend.tests.test_iteration174_lead_studio" name="test_forecast" time="0.075" /><testcase classname="backend.tests.test_iteration174_lead_studio" name="test_velocity" time="0.045" /><testcase classname="backend.tests.test_iteration174_lead_studio" name="test_source_attribution" time="0.077" /><testcase classname="backend.tests.test_iteration174_lead_studio" name="test_conversion_funnel" time="0.047" /><testcase classname="backend.tests.test_iteration174_lead_studio" name="test_next_best_action" time="0.113" /><testcase classname="backend.tests.test_iteration174_lead_studio" name="test_ai_draft_email[follow_up]" time="0.079" /><testcase classname="backend.tests.test_iteration174_lead_studio" name="test_ai_draft_email[intro]" time="0.131" /><testcase classname="backend.tests.test_iteration174_lead_studio" name="test_ai_draft_email[proposal_followup]" time="0.034" /><testcase classname="backend.tests.test_iteration174_lead_studio" name="test_ai_draft_email[winback]" time="0.076" /><testcase classname="backend.tests.test_iteration174_lead_studio" name="test_quick_parse" time="0.080" /><testcase classname="backend.tests.test_iteration174_lead_studio" name="test_win_loss_reasons" time="0.078" /><testcase classname="backend.tests.test_iteration174_lead_studio" name="test_win_loss_post" time="0.150" /><testcase classname="backend.tests.test_iteration174_lead_studio" name="test_recently_viewed_and_touch" time="0.160" /><testcase classname="backend.tests.test_iteration174_lead_studio" name="test_saved_views_crud" time="0.340" /><testcase classname="backend.tests.test_iteration174_lead_studio" name="test_tasks_crud" time="0.531" /><testcase classname="backend.tests.test_iteration174_lead_studio" name="test_bulk_action" time="0.254" /><testcase classname="backend.tests.test_iteration174_lead_studio" name="test_merge_into_ticket" time="0.503" /><testcase classname="backend.tests.test_iteration174_lead_studio" name="test_create_ticket_from_lead" time="0.153" /></testsuite></testsuites>