<?xml version="1.0" encoding="utf-8"?><testsuites name="pytest tests"><testsuite name="pytest" errors="0" failures="0" skipped="0" tests="33" time="11.145" timestamp="2026-04-16T13:30:25.139693+00:00" hostname="agent-env-4a7f80d7-756c-4200-8991-71de3adaf3ec"><testcase classname="backend.tests.test_iteration87_new_features.TestWorkflowAutomation" name="test_get_workflow_triggers" time="0.546" /><testcase classname="backend.tests.test_iteration87_new_features.TestWorkflowAutomation" name="test_get_workflow_actions" time="0.246" /><testcase classname="backend.tests.test_iteration87_new_features.TestWorkflowAutomation" name="test_create_workflow" time="0.117" /><testcase classname="backend.tests.test_iteration87_new_features.TestWorkflowAutomation" name="test_get_workflows" time="0.116" /><testcase classname="backend.tests.test_iteration87_new_features.TestWorkflowAutomation" name="test_update_workflow" time="0.217" /><testcase classname="backend.tests.test_iteration87_new_features.TestWorkflowAutomation" name="test_toggle_workflow" time="0.107" /><testcase classname="backend.tests.test_iteration87_new_features.TestWorkflowAutomation" name="test_test_workflow" time="0.106" /><testcase classname="backend.tests.test_iteration87_new_features.TestWorkflowAutomation" name="test_get_workflow_stats" time="0.118" /><testcase classname="backend.tests.test_iteration87_new_features.TestWorkflowAutomation" name="test_delete_workflow" time="0.295" /><testcase classname="backend.tests.test_iteration87_new_features.TestDeviceTerminal" name="test_get_terminal_sessions" time="0.066" /><testcase classname="backend.tests.test_iteration87_new_features.TestDeviceTerminal" name="test_create_terminal_session" time="0.102" /><testcase classname="backend.tests.test_iteration87_new_features.TestDeviceTerminal" name="test_create_session_offline_device_fails" time="0.082" /><testcase classname="backend.tests.test_iteration87_new_features.TestDeviceTerminal" name="test_execute_command" time="0.111" /><testcase classname="backend.tests.test_iteration87_new_features.TestDeviceTerminal" name="test_execute_multiple_commands" time="0.318" /><testcase classname="backend.tests.test_iteration87_new_features.TestDeviceTerminal" name="test_end_terminal_session" time="0.111" /><testcase classname="backend.tests.test_iteration87_new_features.TestStripeBillingPortal" name="test_get_billing_portal_stats" time="0.098" /><testcase classname="backend.tests.test_iteration87_new_features.TestStripeBillingPortal" name="test_get_client_billing_status" time="0.110" /><testcase classname="backend.tests.test_iteration87_new_features.TestStripeBillingPortal" name="test_create_portal_link" time="0.187" /><testcase classname="backend.tests.test_iteration87_new_features.TestStripeBillingPortal" name="test_send_payment_reminder" time="0.217" /><testcase classname="backend.tests.test_iteration87_new_features.TestStripeBillingPortal" name="test_get_billing_portal_config" time="0.113" /><testcase classname="backend.tests.test_iteration87_new_features.TestScheduledReports" name="test_get_scheduled_reports" time="0.085" /><testcase classname="backend.tests.test_iteration87_new_features.TestScheduledReports" name="test_create_scheduled_report" time="0.145" /><testcase classname="backend.tests.test_iteration87_new_features.TestScheduledReports" name="test_update_scheduled_report" time="0.094" /><testcase classname="backend.tests.test_iteration87_new_features.TestScheduledReports" name="test_toggle_scheduled_report" time="0.098" /><testcase classname="backend.tests.test_iteration87_new_features.TestScheduledReports" name="test_send_report_now" time="0.107" /><testcase classname="backend.tests.test_iteration87_new_features.TestScheduledReports" name="test_get_report_logs" time="0.099" /><testcase classname="backend.tests.test_iteration87_new_features.TestScheduledReports" name="test_get_scheduled_report_stats" time="0.126" /><testcase classname="backend.tests.test_iteration87_new_features.TestScheduledReports" name="test_delete_scheduled_report" time="0.093" /><testcase classname="backend.tests.test_iteration87_new_features.TestAITicketTriage" name="test_ai_triage_ticket" time="6.339" /><testcase classname="backend.tests.test_iteration87_new_features.TestAITicketTriage" name="test_ai_triage_nonexistent_ticket" time="0.107" /><testcase classname="backend.tests.test_iteration87_new_features.TestAITicketTriage" name="test_get_triage_stats" time="0.083" /><testcase classname="backend.tests.test_iteration87_new_features.TestCleanup" name="test_cleanup_test_workflows" time="0.189" /><testcase classname="backend.tests.test_iteration87_new_features.TestCleanup" name="test_cleanup_test_reports" time="0.091" /></testsuite></testsuites>