<?xml version="1.0" encoding="utf-8"?><testsuites name="pytest tests"><testsuite name="pytest" errors="0" failures="0" skipped="0" tests="16" time="64.683" timestamp="2026-04-19T09:45:55.566366+00:00" hostname="agent-env-4a7f80d7-756c-4200-8991-71de3adaf3ec"><testcase classname="backend.tests.test_iteration107_wave_a_ai.TestTicketCopilot" name="test_copilot_summarize" time="6.465" /><testcase classname="backend.tests.test_iteration107_wave_a_ai.TestTicketCopilot" name="test_copilot_next_step" time="4.386" /><testcase classname="backend.tests.test_iteration107_wave_a_ai.TestTicketCopilot" name="test_copilot_draft_reply" time="3.612" /><testcase classname="backend.tests.test_iteration107_wave_a_ai.TestTicketCopilot" name="test_copilot_invalid_action" time="7.058" /><testcase classname="backend.tests.test_iteration107_wave_a_ai.TestTicketCopilot" name="test_copilot_nonexistent_ticket" time="0.136" /><testcase classname="backend.tests.test_iteration107_wave_a_ai.TestExplainError" name="test_explain_error_basic" time="8.883" /><testcase classname="backend.tests.test_iteration107_wave_a_ai.TestExplainError" name="test_explain_error_linux_syslog" time="12.279" /><testcase classname="backend.tests.test_iteration107_wave_a_ai.TestExplainError" name="test_explain_error_missing_error_text" time="0.132" /><testcase classname="backend.tests.test_iteration107_wave_a_ai.TestExplainError" name="test_explain_error_empty_error_text" time="0.090" /><testcase classname="backend.tests.test_iteration107_wave_a_ai.TestStandupDigest" name="test_standup_digest_get" time="6.364" /><testcase classname="backend.tests.test_iteration107_wave_a_ai.TestStandupDigest" name="test_standup_digest_history" time="0.120" /><testcase classname="backend.tests.test_iteration107_wave_a_ai.TestStandupDigest" name="test_standup_digest_settings_get" time="0.154" /><testcase classname="backend.tests.test_iteration107_wave_a_ai.TestStandupDigest" name="test_standup_digest_settings_update" time="0.191" /><testcase classname="backend.tests.test_iteration107_wave_a_ai.TestAuditEvents" name="test_copilot_creates_audit_event" time="3.541" /><testcase classname="backend.tests.test_iteration107_wave_a_ai.TestAuditEvents" name="test_explain_error_creates_audit_event" time="4.641" /><testcase classname="backend.tests.test_iteration107_wave_a_ai.TestRegressionExistingAI" name="test_ai_diagnose_endpoint" time="6.549" /></testsuite></testsuites>