<?xml version="1.0" encoding="utf-8"?><testsuites name="pytest tests"><testsuite name="pytest" errors="0" failures="0" skipped="0" tests="25" time="5.111" timestamp="2026-05-09T06:41:39.545950+00:00" hostname="agent-env-4a7f80d7-756c-4200-8991-71de3adaf3ec"><testcase classname="tests.test_billing_pro.TestSmartNumbering" name="test_get_numbering_defaults" time="0.523" /><testcase classname="tests.test_billing_pro.TestSmartNumbering" name="test_save_numbering" time="0.216" /><testcase classname="tests.test_billing_pro.TestSmartNumbering" name="test_preview_numbering" time="0.084" /><testcase classname="tests.test_billing_pro.TestMRRAnalytics" name="test_mrr_analytics" time="0.085" /><testcase classname="tests.test_billing_pro.TestGenerationCalendar" name="test_calendar" time="0.080" /><testcase classname="tests.test_billing_pro.TestBulkInvoiceActions" name="test_bulk_action_requires_params" time="0.094" /><testcase classname="tests.test_billing_pro.TestBulkInvoiceActions" name="test_export_csv" time="0.105" /><testcase classname="tests.test_billing_pro.TestWarehouses" name="test_list_warehouses" time="0.100" /><testcase classname="tests.test_billing_pro.TestWarehouses" name="test_create_and_delete_warehouse" time="0.162" /><testcase classname="tests.test_billing_pro.TestInventorySnapshot" name="test_snapshot" time="0.096" /><testcase classname="tests.test_billing_pro.TestSuggestRetail" name="test_suggest_retail" time="0.096" /><testcase classname="tests.test_billing_pro.TestBulkImport" name="test_bulk_import" time="0.083" /><testcase classname="tests.test_billing_pro.TestTierPricing" name="test_tier_pricing_flow" time="0.235" /><testcase classname="tests.test_billing_pro.TestApprovalWorkflow" name="test_get_approval_settings" time="0.076" /><testcase classname="tests.test_billing_pro.TestApprovalWorkflow" name="test_save_approval_settings" time="0.086" /><testcase classname="tests.test_billing_pro.TestTaxCompliance" name="test_get_tax_compliance" time="0.132" /><testcase classname="tests.test_billing_pro.TestTaxCompliance" name="test_save_tax_compliance" time="0.107" /><testcase classname="tests.test_billing_pro.TestFXRate" name="test_fx_rate" time="0.590" /><testcase classname="tests.test_billing_pro.TestRetainers" name="test_retainer_flow" time="0.379" /><testcase classname="tests.test_billing_pro.TestDepositInvoice" name="test_create_deposit" time="0.158" /><testcase classname="tests.test_billing_pro.TestIndexation" name="test_set_indexation" time="0.178" /><testcase classname="tests.test_billing_pro.TestProration" name="test_prorate" time="0.151" /><testcase classname="tests.test_billing_pro.TestInvoiceCreationWithPerLineTax" name="test_create_invoice_with_line_tax" time="0.277" /><testcase classname="tests.test_billing_pro.TestSmartNumberingOnInvoiceCreate" name="test_smart_numbering_applied" time="0.440" /><testcase classname="tests.test_billing_pro.TestApprovalWorkflowOnInvoice" name="test_large_invoice_needs_approval" time="0.478" /></testsuite></testsuites>