<?xml version="1.0" encoding="utf-8"?><testsuites name="pytest tests"><testsuite name="pytest" errors="0" failures="0" skipped="0" tests="14" time="6.852" timestamp="2026-04-16T23:02:32.413096+00:00" hostname="agent-env-4a7f80d7-756c-4200-8991-71de3adaf3ec"><testcase classname="backend.tests.test_iteration90_branding.TestBrandingAPIs" name="test_01_get_branding_public_no_auth" time="0.458" /><testcase classname="backend.tests.test_iteration90_branding.TestBrandingAPIs" name="test_02_get_branding_with_auth" time="0.497" /><testcase classname="backend.tests.test_iteration90_branding.TestBrandingAPIs" name="test_03_get_branding_without_auth_fails" time="0.439" /><testcase classname="backend.tests.test_iteration90_branding.TestBrandingAPIs" name="test_04_update_branding_company_name" time="0.545" /><testcase classname="backend.tests.test_iteration90_branding.TestBrandingAPIs" name="test_05_update_branding_colors" time="0.624" /><testcase classname="backend.tests.test_iteration90_branding.TestBrandingAPIs" name="test_06_update_branding_login_customization" time="0.515" /><testcase classname="backend.tests.test_iteration90_branding.TestBrandingAPIs" name="test_07_update_branding_invoice_email" time="0.492" /><testcase classname="backend.tests.test_iteration90_branding.TestBrandingAPIs" name="test_08_public_branding_reflects_changes" time="0.466" /><testcase classname="backend.tests.test_iteration90_branding.TestBrandingAPIs" name="test_09_upload_logo_company" time="0.394" /><testcase classname="backend.tests.test_iteration90_branding.TestBrandingAPIs" name="test_10_upload_logo_icon" time="0.401" /><testcase classname="backend.tests.test_iteration90_branding.TestBrandingAPIs" name="test_11_upload_logo_invoice" time="0.411" /><testcase classname="backend.tests.test_iteration90_branding.TestBrandingAPIs" name="test_12_upload_logo_invalid_file_type" time="0.386" /><testcase classname="backend.tests.test_iteration90_branding.TestRecurringInvoiceAddLine" name="test_13_create_recurring_invoice_with_line_items" time="0.467" /><testcase classname="backend.tests.test_iteration90_branding.TestRecurringInvoiceAddLine" name="test_14_update_recurring_invoice_add_line_item" time="0.677" /></testsuite></testsuites>