<?xml version="1.0" encoding="utf-8"?><testsuites name="pytest tests"><testsuite name="pytest" errors="0" failures="0" skipped="0" tests="16" time="8.182" timestamp="2026-04-17T11:53:41.569235+00:00" hostname="agent-env-4a7f80d7-756c-4200-8991-71de3adaf3ec"><testcase classname="backend.tests.test_iteration91_enhanced_modules.TestProfitabilityHeatmap" name="test_get_profitability_data" time="0.437" /><testcase classname="backend.tests.test_iteration91_enhanced_modules.TestContractProfitability" name="test_get_contract_profit_overview" time="0.414" /><testcase classname="backend.tests.test_iteration91_enhanced_modules.TestCSATSurveys" name="test_seed_demo_data" time="0.448" /><testcase classname="backend.tests.test_iteration91_enhanced_modules.TestCSATSurveys" name="test_get_csat_dashboard" time="0.116" /><testcase classname="backend.tests.test_iteration91_enhanced_modules.TestCSATSurveys" name="test_get_csat_surveys" time="0.107" /><testcase classname="backend.tests.test_iteration91_enhanced_modules.TestPatchCompliance" name="test_get_patch_compliance_overview" time="0.419" /><testcase classname="backend.tests.test_iteration91_enhanced_modules.TestPatchCompliance" name="test_get_patch_compliance_rings" time="0.113" /><testcase classname="backend.tests.test_iteration91_enhanced_modules.TestNetworkTopology" name="test_get_topology_all" time="0.457" /><testcase classname="backend.tests.test_iteration91_enhanced_modules.TestNetworkTopology" name="test_get_topology_by_client" time="0.194" /><testcase classname="backend.tests.test_iteration91_enhanced_modules.TestAlertRules" name="test_get_alert_rules" time="0.430" /><testcase classname="backend.tests.test_iteration91_enhanced_modules.TestAlertRules" name="test_get_alert_rules_options" time="0.109" /><testcase classname="backend.tests.test_iteration91_enhanced_modules.TestAlertRules" name="test_get_alert_rules_stats" time="0.082" /><testcase classname="backend.tests.test_iteration91_enhanced_modules.TestAlertRules" name="test_create_alert_rule" time="0.074" /><testcase classname="backend.tests.test_iteration91_enhanced_modules.TestAlertRules" name="test_toggle_alert_rule" time="0.307" /><testcase classname="backend.tests.test_iteration91_enhanced_modules.TestAlertRules" name="test_delete_alert_rule" time="0.186" /><testcase classname="backend.tests.test_iteration91_enhanced_modules.TestAICopilot" name="test_copilot_chat" time="4.190" /></testsuite></testsuites>