<?xml version="1.0" encoding="utf-8"?><testsuites name="pytest tests"><testsuite name="pytest" errors="0" failures="0" skipped="0" tests="23" time="2.793" timestamp="2026-03-20T06:03:43.762178+00:00" hostname="agent-env-8af72050-eead-4d66-b3b4-667ee815406f"><testcase classname="backend.tests.test_iteration45_batch3_features.TestPatchHubDashboard" name="test_patch_hub_dashboard" time="0.441" /><testcase classname="backend.tests.test_iteration45_batch3_features.TestPatchHubIntelligence" name="test_patch_intelligence" time="0.102" /><testcase classname="backend.tests.test_iteration45_batch3_features.TestPatchHubRings" name="test_get_rings" time="0.077" /><testcase classname="backend.tests.test_iteration45_batch3_features.TestPatchHubRings" name="test_promote_ring" time="0.174" /><testcase classname="backend.tests.test_iteration45_batch3_features.TestPatchHubExclusions" name="test_get_exclusions" time="0.307" /><testcase classname="backend.tests.test_iteration45_batch3_features.TestPatchHubReboots" name="test_get_reboot_schedule" time="0.090" /><testcase classname="backend.tests.test_iteration45_batch3_features.TestPatchHubRollback" name="test_get_rollbacks" time="0.105" /><testcase classname="backend.tests.test_iteration45_batch3_features.TestPatchHubTesting" name="test_get_testing_results" time="0.089" /><testcase classname="backend.tests.test_iteration45_batch3_features.TestPatchHubHistory" name="test_get_history" time="0.083" /><testcase classname="backend.tests.test_iteration45_batch3_features.TestPatchHubComplianceByClient" name="test_compliance_by_client" time="0.076" /><testcase classname="backend.tests.test_iteration45_batch3_features.TestNLPQuery" name="test_nlp_empty_query_returns_suggestions" time="0.083" /><testcase classname="backend.tests.test_iteration45_batch3_features.TestNLPQuery" name="test_nlp_query_offline_devices" time="0.181" /><testcase classname="backend.tests.test_iteration45_batch3_features.TestAIResolution" name="test_get_ai_suggestions" time="0.080" /><testcase classname="backend.tests.test_iteration45_batch3_features.TestClientBudget" name="test_budget_overview" time="0.073" /><testcase classname="backend.tests.test_iteration45_batch3_features.TestDarkWebMonitor" name="test_dark_web_overview" time="0.068" /><testcase classname="backend.tests.test_iteration45_batch3_features.TestPhishingSim" name="test_get_campaigns" time="0.071" /><testcase classname="backend.tests.test_iteration45_batch3_features.TestBackupVerify" name="test_backup_verify_overview" time="0.090" /><testcase classname="backend.tests.test_iteration45_batch3_features.TestComplianceFrameworks" name="test_frameworks_overview" time="0.066" /><testcase classname="backend.tests.test_iteration45_batch3_features.TestNPSTracker" name="test_nps_overview" time="0.090" /><testcase classname="backend.tests.test_iteration45_batch3_features.TestExecutiveReports" name="test_list_reports" time="0.091" /><testcase classname="backend.tests.test_iteration45_batch3_features.TestGeoMap" name="test_geo_map_data" time="0.092" /><testcase classname="backend.tests.test_iteration45_batch3_features.TestHardwareRefresh" name="test_hardware_refresh_overview" time="0.072" /><testcase classname="backend.tests.test_iteration45_batch3_features.TestOnboardingWorkflows" name="test_list_workflows" time="0.082" /></testsuite></testsuites>