<?xml version="1.0" encoding="utf-8"?><testsuites name="pytest tests"><testsuite name="pytest" errors="0" failures="0" skipped="3" tests="31" time="31.400" timestamp="2026-03-19T13:44:49.301633+00:00" hostname="agent-env-6ad1e55c-6072-4c1c-b384-316430b3b4a2"><testcase classname="backend.tests.test_iteration41_phase11_features.TestKnowledgeBase" name="test_get_kb_articles" time="1.311" /><testcase classname="backend.tests.test_iteration41_phase11_features.TestKnowledgeBase" name="test_create_kb_article" time="0.391" /><testcase classname="backend.tests.test_iteration41_phase11_features.TestKnowledgeBase" name="test_search_kb" time="0.382" /><testcase classname="backend.tests.test_iteration41_phase11_features.TestClientTimeline" name="test_get_client_timeline" time="0.757" /><testcase classname="backend.tests.test_iteration41_phase11_features.TestCompliance" name="test_get_frameworks" time="0.380" /><testcase classname="backend.tests.test_iteration41_phase11_features.TestCompliance" name="test_scan_client_cis" time="0.420" /><testcase classname="backend.tests.test_iteration41_phase11_features.TestCompliance" name="test_get_compliance_reports" time="0.378" /><testcase classname="backend.tests.test_iteration41_phase11_features.TestRPEDashboard" name="test_get_rpe_dashboard" time="0.390" /><testcase classname="backend.tests.test_iteration41_phase11_features.TestDispatchBoard" name="test_get_dispatch_board" time="0.393" /><testcase classname="backend.tests.test_iteration41_phase11_features.TestDispatchBoard" name="test_dispatch_assign" time="0.783"><skipped type="pytest.skip" message="No technicians available for testing">/app/backend/tests/test_iteration41_phase11_features.py:205: No technicians available for testing</skipped></testcase><testcase classname="backend.tests.test_iteration41_phase11_features.TestContractProfit" name="test_get_contract_profit_overview" time="0.381" /><testcase classname="backend.tests.test_iteration41_phase11_features.TestVendorScorecard" name="test_get_vendor_scorecard_overview" time="0.377" /><testcase classname="backend.tests.test_iteration41_phase11_features.TestITRoadmap" name="test_get_all_roadmaps" time="0.386" /><testcase classname="backend.tests.test_iteration41_phase11_features.TestITRoadmap" name="test_get_client_roadmap" time="0.379" /><testcase classname="backend.tests.test_iteration41_phase11_features.TestITRoadmap" name="test_add_roadmap_item" time="0.379" /><testcase classname="backend.tests.test_iteration41_phase11_features.TestWarrantyTracker" name="test_get_warranty_overview" time="0.382" /><testcase classname="backend.tests.test_iteration41_phase11_features.TestClientCompare" name="test_get_client_compare" time="0.420" /><testcase classname="backend.tests.test_iteration41_phase11_features.TestSkillsMatrix" name="test_get_skills_matrix" time="0.369" /><testcase classname="backend.tests.test_iteration41_phase11_features.TestSkillsMatrix" name="test_update_skills" time="0.000"><skipped type="pytest.skip" message="No technicians available for testing">/app/backend/tests/test_iteration41_phase11_features.py:356: No technicians available for testing</skipped></testcase><testcase classname="backend.tests.test_iteration41_phase11_features.TestApprovalWorkflows" name="test_get_pending_approvals" time="0.375" /><testcase classname="backend.tests.test_iteration41_phase11_features.TestApprovalWorkflows" name="test_get_all_approvals" time="0.373" /><testcase classname="backend.tests.test_iteration41_phase11_features.TestApprovalWorkflows" name="test_get_workflows" time="0.379" /><testcase classname="backend.tests.test_iteration41_phase11_features.TestApprovalWorkflows" name="test_create_approval" time="0.379" /><testcase classname="backend.tests.test_iteration41_phase11_features.TestApprovalWorkflows" name="test_approve_request" time="0.760" /><testcase classname="backend.tests.test_iteration41_phase11_features.TestAssetDepreciation" name="test_get_asset_depreciation" time="0.365" /><testcase classname="backend.tests.test_iteration41_phase11_features.TestPostmortem" name="test_get_postmortems" time="0.374" /><testcase classname="backend.tests.test_iteration41_phase11_features.TestPostmortem" name="test_generate_postmortem" time="18.304" /><testcase classname="backend.tests.test_iteration41_phase11_features.TestCSATSurveys" name="test_get_csat_dashboard" time="0.383" /><testcase classname="backend.tests.test_iteration41_phase11_features.TestCSATSurveys" name="test_get_csat_surveys" time="0.377" /><testcase classname="backend.tests.test_iteration41_phase11_features.TestCSATSurveys" name="test_submit_csat" time="0.000"><skipped type="pytest.skip" message="No technicians available for testing">/app/backend/tests/test_iteration41_phase11_features.py:504: No technicians available for testing</skipped></testcase><testcase classname="backend.tests.test_iteration41_phase11_features.TestCSATSurveys" name="test_seed_demo_data" time="0.512" /></testsuite></testsuites>