<?xml version="1.0" encoding="utf-8"?><testsuites name="pytest tests"><testsuite name="pytest" errors="0" failures="0" skipped="0" tests="18" time="16.725" timestamp="2026-03-09T14:34:27.396281+00:00" hostname="agent-env-2254966a-8261-48a9-b8a8-3f4b4f6c82c4"><testcase classname="tests.test_iteration8_invoices_dashboard_settings.TestInvoiceEndpoints" name="test_get_invoices_list" time="1.234" /><testcase classname="tests.test_iteration8_invoices_dashboard_settings.TestInvoiceEndpoints" name="test_get_invoice_stats_summary" time="0.553" /><testcase classname="tests.test_iteration8_invoices_dashboard_settings.TestInvoiceEndpoints" name="test_create_invoice_with_line_items_and_tax" time="0.827" /><testcase classname="tests.test_iteration8_invoices_dashboard_settings.TestInvoiceEndpoints" name="test_get_single_invoice" time="0.426" /><testcase classname="tests.test_iteration8_invoices_dashboard_settings.TestInvoiceEndpoints" name="test_record_manual_payment_partial" time="0.832" /><testcase classname="tests.test_iteration8_invoices_dashboard_settings.TestInvoiceEndpoints" name="test_record_manual_payment_full" time="1.258" /><testcase classname="tests.test_iteration8_invoices_dashboard_settings.TestInvoiceEndpoints" name="test_stripe_pay_endpoint_returns_url" time="2.355" /><testcase classname="tests.test_iteration8_invoices_dashboard_settings.TestInvoiceEndpoints" name="test_delete_test_invoice" time="0.411" /><testcase classname="tests.test_iteration8_invoices_dashboard_settings.TestNoNotesThresholdSettings" name="test_get_default_threshold" time="1.057" /><testcase classname="tests.test_iteration8_invoices_dashboard_settings.TestNoNotesThresholdSettings" name="test_save_threshold_settings" time="1.273" /><testcase classname="tests.test_iteration8_invoices_dashboard_settings.TestNoNotesThresholdSettings" name="test_check_escalation_endpoint" time="0.460" /><testcase classname="tests.test_iteration8_invoices_dashboard_settings.TestNoNotesThresholdSettings" name="test_disable_threshold" time="0.404" /><testcase classname="tests.test_iteration8_invoices_dashboard_settings.TestXeroSettings" name="test_get_xero_settings" time="1.040" /><testcase classname="tests.test_iteration8_invoices_dashboard_settings.TestXeroSettings" name="test_save_xero_settings" time="0.848" /><testcase classname="tests.test_iteration8_invoices_dashboard_settings.TestEnhancedDashboard" name="test_enhanced_stats_returns_all_fields" time="1.053" /><testcase classname="tests.test_iteration8_invoices_dashboard_settings.TestEnhancedDashboard" name="test_enhanced_stats_numeric_values" time="0.434" /><testcase classname="tests.test_iteration8_invoices_dashboard_settings.TestProductsStillWork" name="test_products_list" time="1.076" /><testcase classname="tests.test_iteration8_invoices_dashboard_settings.TestPurchaseOrdersStillWork" name="test_po_list" time="1.096" /></testsuite></testsuites>