<?xml version="1.0" encoding="utf-8"?><testsuites name="pytest tests"><testsuite name="pytest" errors="0" failures="1" skipped="0" tests="46" time="37.636" timestamp="2026-05-03T11:56:11.677692+00:00" hostname="agent-env-4a7f80d7-756c-4200-8991-71de3adaf3ec"><testcase classname="backend.tests.test_iteration146_finance_intel.TestProductMarginInsights" name="test_product_margin_insights_returns_200" time="0.791" /><testcase classname="backend.tests.test_iteration146_finance_intel.TestProductMarginInsights" name="test_product_margin_insights_structure" time="0.047" /><testcase classname="backend.tests.test_iteration146_finance_intel.TestProductMarginInsights" name="test_product_margin_insights_product_fields" time="0.040" /><testcase classname="backend.tests.test_iteration146_finance_intel.TestProductPriceHistory" name="test_get_price_history_returns_200" time="0.081" /><testcase classname="backend.tests.test_iteration146_finance_intel.TestProductPriceHistory" name="test_get_price_history_404_for_invalid_product" time="0.038" /><testcase classname="backend.tests.test_iteration146_finance_intel.TestProductPriceHistory" name="test_record_price_change" time="0.122" /><testcase classname="backend.tests.test_iteration146_finance_intel.TestProductKits" name="test_list_kits_returns_200" time="0.046" /><testcase classname="backend.tests.test_iteration146_finance_intel.TestProductKits" name="test_create_kit_success" time="0.097" /><testcase classname="backend.tests.test_iteration146_finance_intel.TestProductKits" name="test_create_kit_400_when_name_missing" time="0.045" /><testcase classname="backend.tests.test_iteration146_finance_intel.TestProductKits" name="test_update_kit" time="0.164" /><testcase classname="backend.tests.test_iteration146_finance_intel.TestProductKits" name="test_update_kit_404_for_invalid_id" time="0.075" /><testcase classname="backend.tests.test_iteration146_finance_intel.TestProductKits" name="test_delete_kit" time="0.076" /><testcase classname="backend.tests.test_iteration146_finance_intel.TestProductKits" name="test_delete_kit_404_for_invalid_id" time="0.042" /><testcase classname="backend.tests.test_iteration146_finance_intel.TestApplyKitToTicket" name="test_apply_kit_to_ticket" time="0.298" /><testcase classname="backend.tests.test_iteration146_finance_intel.TestApplyKitToTicket" name="test_apply_kit_404_invalid_ticket" time="0.193" /><testcase classname="backend.tests.test_iteration146_finance_intel.TestApplyKitToTicket" name="test_apply_kit_404_invalid_kit" time="0.092" /><testcase classname="backend.tests.test_iteration146_finance_intel.TestClientPriceBook" name="test_get_price_book_returns_200" time="0.095" /><testcase classname="backend.tests.test_iteration146_finance_intel.TestClientPriceBook" name="test_upsert_price_override" time="0.508" /><testcase classname="backend.tests.test_iteration146_finance_intel.TestClientPriceBook" name="test_upsert_price_override_400_no_product_id" time="1.042" /><testcase classname="backend.tests.test_iteration146_finance_intel.TestClientPriceBook" name="test_delete_price_override" time="0.203" /><testcase classname="backend.tests.test_iteration146_finance_intel.TestClientPriceBook" name="test_get_client_price_for_product" time="0.123" /><testcase classname="backend.tests.test_iteration146_finance_intel.TestSubscriptionDrift" name="test_subscription_drift_returns_200" time="0.079" /><testcase classname="backend.tests.test_iteration146_finance_intel.TestSubscriptionDrift" name="test_subscription_drift_structure" time="0.082" /><testcase classname="backend.tests.test_iteration146_finance_intel.TestCashFlowForecast" name="test_cash_flow_forecast_returns_200" time="0.042" /><testcase classname="backend.tests.test_iteration146_finance_intel.TestCashFlowForecast" name="test_cash_flow_forecast_structure" time="0.045" /><testcase classname="backend.tests.test_iteration146_finance_intel.TestLatePaymentRisk" name="test_late_payment_risk_overview_returns_200" time="0.066" /><testcase classname="backend.tests.test_iteration146_finance_intel.TestLatePaymentRisk" name="test_late_payment_risk_overview_structure" time="0.075" /><testcase classname="backend.tests.test_iteration146_finance_intel.TestLatePaymentRisk" name="test_late_payment_risk_invoice_fields" time="0.058" /><testcase classname="backend.tests.test_iteration146_finance_intel.TestLatePaymentRisk" name="test_single_invoice_late_risk" time="0.076" /><testcase classname="backend.tests.test_iteration146_finance_intel.TestLatePaymentRisk" name="test_single_invoice_late_risk_404" time="0.044" /><testcase classname="backend.tests.test_iteration146_finance_intel.TestInvoiceMargin" name="test_invoice_margin_returns_200" time="0.142" /><testcase classname="backend.tests.test_iteration146_finance_intel.TestInvoiceMargin" name="test_invoice_margin_structure" time="0.110" /><testcase classname="backend.tests.test_iteration146_finance_intel.TestInvoiceMargin" name="test_invoice_margin_404" time="0.039" /><testcase classname="backend.tests.test_iteration146_finance_intel.TestInvoiceMargin" name="test_margin_overview_returns_200" time="0.076" /><testcase classname="backend.tests.test_iteration146_finance_intel.TestInvoiceMargin" name="test_margin_overview_structure" time="0.044" /><testcase classname="backend.tests.test_iteration146_finance_intel.TestQuoteNudge" name="test_quote_nudge_returns_200" time="0.132" /><testcase classname="backend.tests.test_iteration146_finance_intel.TestQuoteNudge" name="test_quote_nudge_structure" time="0.097" /><testcase classname="backend.tests.test_iteration146_finance_intel.TestQuoteNudge" name="test_quote_nudge_404" time="0.041" /><testcase classname="backend.tests.test_iteration146_finance_intel.TestDisputeScan" name="test_dispute_scan_returns_200" time="12.663" /><testcase classname="backend.tests.test_iteration146_finance_intel.TestDisputeScan" name="test_dispute_scan_structure" time="11.255" /><testcase classname="backend.tests.test_iteration146_finance_intel.TestDisputeScan" name="test_dispute_scan_404" time="0.046" /><testcase classname="backend.tests.test_iteration146_finance_intel.TestRegressionEndpoints" name="test_products_endpoint" time="0.036" /><testcase classname="backend.tests.test_iteration146_finance_intel.TestRegressionEndpoints" name="test_invoices_endpoint" time="0.034" /><testcase classname="backend.tests.test_iteration146_finance_intel.TestRegressionEndpoints" name="test_help_copilot_endpoint" time="7.897" /><testcase classname="backend.tests.test_iteration146_finance_intel.TestRegressionEndpoints" name="test_atmosphere_endpoint" time="0.048"><failure message="assert 404 == 200&#10; +  where 404 = &lt;Response [404]&gt;.status_code">backend/tests/test_iteration146_finance_intel.py:621: in test_atmosphere_endpoint
    assert resp.status_code == 200
E   assert 404 == 200
E    +  where 404 = &lt;Response [404]&gt;.status_code</failure></testcase><testcase classname="backend.tests.test_iteration146_finance_intel.TestRegressionEndpoints" name="test_change_freezes_endpoint" time="0.041" /></testsuite></testsuites>