<?xml version="1.0" encoding="utf-8"?><testsuites name="pytest tests"><testsuite name="pytest" errors="0" failures="0" skipped="0" tests="25" time="19.794" timestamp="2026-03-20T13:18:39.674822+00:00" hostname="agent-env-9af01e89-7ae6-46ac-a65a-e705ee336e6a"><testcase classname="backend.tests.test_iteration51_user_settings_ticket_lifecycle.TestUserProfile" name="test_get_profile" time="1.243" /><testcase classname="backend.tests.test_iteration51_user_settings_ticket_lifecycle.TestUserProfile" name="test_update_profile_name" time="1.708" /><testcase classname="backend.tests.test_iteration51_user_settings_ticket_lifecycle.TestUserProfile" name="test_update_profile_specialties" time="0.848" /><testcase classname="backend.tests.test_iteration51_user_settings_ticket_lifecycle.TestPasswordChange" name="test_change_password_correct_current" time="1.737" /><testcase classname="backend.tests.test_iteration51_user_settings_ticket_lifecycle.TestPasswordChange" name="test_change_password_wrong_current" time="0.649" /><testcase classname="backend.tests.test_iteration51_user_settings_ticket_lifecycle.TestPasswordChange" name="test_change_password_missing_fields" time="0.425" /><testcase classname="backend.tests.test_iteration51_user_settings_ticket_lifecycle.Test2FA" name="test_get_2fa_status" time="0.398" /><testcase classname="backend.tests.test_iteration51_user_settings_ticket_lifecycle.Test2FA" name="test_setup_2fa" time="0.415" /><testcase classname="backend.tests.test_iteration51_user_settings_ticket_lifecycle.Test2FA" name="test_verify_2fa" time="1.464" /><testcase classname="backend.tests.test_iteration51_user_settings_ticket_lifecycle.TestSecurityKeys" name="test_register_security_key" time="0.850" /><testcase classname="backend.tests.test_iteration51_user_settings_ticket_lifecycle.TestSecurityKeys" name="test_delete_security_key" time="0.798" /><testcase classname="backend.tests.test_iteration51_user_settings_ticket_lifecycle.TestNotifications" name="test_get_notification_prefs" time="0.427" /><testcase classname="backend.tests.test_iteration51_user_settings_ticket_lifecycle.TestNotifications" name="test_save_notification_prefs" time="0.402" /><testcase classname="backend.tests.test_iteration51_user_settings_ticket_lifecycle.TestWorkingHours" name="test_get_working_hours" time="0.428" /><testcase classname="backend.tests.test_iteration51_user_settings_ticket_lifecycle.TestWorkingHours" name="test_save_working_hours" time="0.409" /><testcase classname="backend.tests.test_iteration51_user_settings_ticket_lifecycle.TestApiKeys" name="test_create_api_key" time="0.456" /><testcase classname="backend.tests.test_iteration51_user_settings_ticket_lifecycle.TestApiKeys" name="test_get_api_keys_prefix_only" time="1.227" /><testcase classname="backend.tests.test_iteration51_user_settings_ticket_lifecycle.TestApiKeys" name="test_delete_api_key" time="0.793" /><testcase classname="backend.tests.test_iteration51_user_settings_ticket_lifecycle.TestSessions" name="test_get_sessions" time="0.419" /><testcase classname="backend.tests.test_iteration51_user_settings_ticket_lifecycle.TestDisplayPrefs" name="test_get_display_prefs" time="0.414" /><testcase classname="backend.tests.test_iteration51_user_settings_ticket_lifecycle.TestDisplayPrefs" name="test_save_display_prefs" time="0.890" /><testcase classname="backend.tests.test_iteration51_user_settings_ticket_lifecycle.TestTicketLifecycle" name="test_ticket_auto_close_resolved_to_closed" time="1.617" /><testcase classname="backend.tests.test_iteration51_user_settings_ticket_lifecycle.TestTicketLifecycle" name="test_tickets_filter_excludes_old_closed" time="0.406" /><testcase classname="backend.tests.test_iteration51_user_settings_ticket_lifecycle.TestTicketLifecycle" name="test_tickets_filter_with_status_includes_all" time="0.402" /><testcase classname="backend.tests.test_iteration51_user_settings_ticket_lifecycle.TestCleanup" name="test_cleanup_api_keys" time="0.871" /></testsuite></testsuites>