<?xml version="1.0" encoding="utf-8"?><testsuites name="pytest tests"><testsuite name="pytest" errors="0" failures="0" skipped="0" tests="22" time="51.042" timestamp="2026-05-02T01:27:28.069107+00:00" hostname="agent-env-4a7f80d7-756c-4200-8991-71de3adaf3ec"><testcase classname="backend.tests.test_mega_features.TestTicketDoppelganger" name="test_doppelganger_returns_matches" time="0.517" /><testcase classname="backend.tests.test_mega_features.TestTicketTimeline" name="test_timeline_returns_events" time="0.190" /><testcase classname="backend.tests.test_mega_features.TestApologyDraft" name="test_apology_draft_returns_email" time="8.454" /><testcase classname="backend.tests.test_mega_features.TestCognitiveLoad" name="test_cognitive_load_returns_team" time="0.130" /><testcase classname="backend.tests.test_mega_features.TestClientDNA" name="test_dna_returns_profile" time="0.085" /><testcase classname="backend.tests.test_mega_features.TestClientLTV" name="test_ltv_returns_forecast" time="0.198" /><testcase classname="backend.tests.test_mega_features.TestClientAnniversary" name="test_anniversary_returns_draft" time="5.748" /><testcase classname="backend.tests.test_mega_features.TestPreBillingAudit" name="test_audit_returns_flags" time="0.191" /><testcase classname="backend.tests.test_mega_features.TestReminderStrategy" name="test_reminder_returns_strategy" time="0.170" /><testcase classname="backend.tests.test_mega_features.TestAgedARHeatmap" name="test_ar_heatmap_returns_buckets" time="0.090" /><testcase classname="backend.tests.test_mega_features.TestWinProbability" name="test_win_probability_returns_score" time="0.193" /><testcase classname="backend.tests.test_mega_features.TestPricingFlags" name="test_pricing_flags_returns_flags" time="0.175" /><testcase classname="backend.tests.test_mega_features.TestHealthTrajectory" name="test_trajectory_returns_buckets" time="0.097" /><testcase classname="backend.tests.test_mega_features.TestPatchAnomalies" name="test_anomalies_returns_list" time="0.181" /><testcase classname="backend.tests.test_mega_features.TestBatteryWall" name="test_battery_wall_returns_devices" time="0.077" /><testcase classname="backend.tests.test_mega_features.TestRestoreDrills" name="test_drill_crud" time="0.284" /><testcase classname="backend.tests.test_mega_features.TestInsuranceVault" name="test_vault_returns_score" time="0.085" /><testcase classname="backend.tests.test_mega_features.TestSkillsXP" name="test_xp_returns_team" time="0.085" /><testcase classname="backend.tests.test_mega_features.TestOneOnOneAgenda" name="test_agenda_returns_text" time="12.982" /><testcase classname="backend.tests.test_mega_features.TestVoiceBrief" name="test_brief_returns_text" time="8.024" /><testcase classname="backend.tests.test_mega_features.TestRunbooks" name="test_runbook_from_resolved_ticket" time="12.743" /><testcase classname="backend.tests.test_mega_features.TestRunbooks" name="test_list_runbooks" time="0.232" /></testsuite></testsuites>