<?xml version="1.0" encoding="utf-8"?><testsuites name="pytest tests"><testsuite name="pytest" errors="0" failures="0" skipped="0" tests="33" time="6.986" timestamp="2026-03-21T01:40:04.119462+00:00" hostname="agent-env-78ce0679-5cb3-42ca-a909-e5ffa622c48d"><testcase classname="backend.tests.test_iteration54_field_job_enrichment.TestFieldJobBasics" name="test_get_field_jobs_list" time="0.779" /><testcase classname="backend.tests.test_iteration54_field_job_enrichment.TestFieldJobBasics" name="test_get_field_job_detail" time="0.193" /><testcase classname="backend.tests.test_iteration54_field_job_enrichment.TestFieldNotes" name="test_get_field_notes" time="0.170" /><testcase classname="backend.tests.test_iteration54_field_job_enrichment.TestFieldNotes" name="test_add_field_note" time="0.166" /><testcase classname="backend.tests.test_iteration54_field_job_enrichment.TestEnhancedChecklists" name="test_get_enhanced_templates" time="0.080" /><testcase classname="backend.tests.test_iteration54_field_job_enrichment.TestEnhancedChecklists" name="test_get_field_checklist" time="0.188" /><testcase classname="backend.tests.test_iteration54_field_job_enrichment.TestEnhancedChecklists" name="test_load_checklist_template" time="0.156" /><testcase classname="backend.tests.test_iteration54_field_job_enrichment.TestEnhancedChecklists" name="test_toggle_checklist_item" time="0.227" /><testcase classname="backend.tests.test_iteration54_field_job_enrichment.TestEnhancedChecklists" name="test_add_custom_checklist_item" time="0.152" /><testcase classname="backend.tests.test_iteration54_field_job_enrichment.TestSitePhotos" name="test_get_field_photos" time="0.160" /><testcase classname="backend.tests.test_iteration54_field_job_enrichment.TestAuditTrail" name="test_get_audit_log" time="0.162" /><testcase classname="backend.tests.test_iteration54_field_job_enrichment.TestEquipmentTracking" name="test_get_equipment" time="0.186" /><testcase classname="backend.tests.test_iteration54_field_job_enrichment.TestEquipmentTracking" name="test_add_equipment" time="0.153" /><testcase classname="backend.tests.test_iteration54_field_job_enrichment.TestEquipmentTracking" name="test_delete_equipment" time="0.218" /><testcase classname="backend.tests.test_iteration54_field_job_enrichment.TestMaterialsTracking" name="test_get_materials" time="0.185" /><testcase classname="backend.tests.test_iteration54_field_job_enrichment.TestMaterialsTracking" name="test_add_material" time="0.151" /><testcase classname="backend.tests.test_iteration54_field_job_enrichment.TestMaterialsTracking" name="test_delete_material" time="0.237" /><testcase classname="backend.tests.test_iteration54_field_job_enrichment.TestSiteInfo" name="test_get_site_info" time="0.166" /><testcase classname="backend.tests.test_iteration54_field_job_enrichment.TestSiteInfo" name="test_save_site_info" time="0.224" /><testcase classname="backend.tests.test_iteration54_field_job_enrichment.TestQuoteBuilder" name="test_get_quote" time="0.145" /><testcase classname="backend.tests.test_iteration54_field_job_enrichment.TestQuoteBuilder" name="test_create_quote" time="0.149" /><testcase classname="backend.tests.test_iteration54_field_job_enrichment.TestQuoteBuilder" name="test_send_quote" time="0.313" /><testcase classname="backend.tests.test_iteration54_field_job_enrichment.TestQuoteBuilder" name="test_approve_quote" time="0.241" /><testcase classname="backend.tests.test_iteration54_field_job_enrichment.TestCustomerNotifications" name="test_send_notification" time="0.152" /><testcase classname="backend.tests.test_iteration54_field_job_enrichment.TestCustomerNotifications" name="test_get_notifications" time="0.182" /><testcase classname="backend.tests.test_iteration54_field_job_enrichment.TestPushToInvoice" name="test_push_to_new_invoice" time="0.160" /><testcase classname="backend.tests.test_iteration54_field_job_enrichment.TestJobHistory" name="test_get_job_history" time="0.164" /><testcase classname="backend.tests.test_iteration54_field_job_enrichment.TestQRCode" name="test_get_qr_code" time="0.171" /><testcase classname="backend.tests.test_iteration54_field_job_enrichment.TestPDFReport" name="test_get_pdf_report" time="0.463" /><testcase classname="backend.tests.test_iteration54_field_job_enrichment.TestDispatchQueue" name="test_get_dispatch_queue" time="0.079" /><testcase classname="backend.tests.test_iteration54_field_job_enrichment.TestProgressTracker" name="test_status_update_creates_audit" time="0.322" /><testcase classname="backend.tests.test_iteration54_field_job_enrichment.TestSignalSpeedInputs" name="test_update_signal_speed" time="0.243" /><testcase classname="backend.tests.test_iteration54_field_job_enrichment.TestFieldJobStats" name="test_get_field_stats" time="0.095" /></testsuite></testsuites>