<?xml version="1.0" encoding="utf-8"?><testsuites name="pytest tests"><testsuite name="pytest" errors="6" failures="16" skipped="0" tests="28" time="6.102" timestamp="2026-03-07T13:44:29.978511+00:00" hostname="agent-env-aa5dda43-1fa3-4a98-a6dd-38832e8f89d0"><testcase classname="backend.tests.test_iteration4_features.TestAuth" name="test_login_success" time="0.960" /><testcase classname="backend.tests.test_iteration4_features.TestScriptingAPI" name="test_get_scripts" time="0.112" /><testcase classname="backend.tests.test_iteration4_features.TestScriptingAPI" name="test_create_script" time="0.120"><failure message="AssertionError: Failed to create script: {&quot;id&quot;:&quot;9747c646-89a9-4407-9355-0e03fb3e59d3&quot;,&quot;name&quot;:&quot;TEST_Script_f857d7ed&quot;,&quot;description&quot;:&quot;Test script for iteration 4&quot;,&quot;script_type&quot;:&quot;powershell&quot;,&quot;content&quot;:&quot;Write-Host 'Hello World'&quot;,&quot;category&quot;:&quot;general&quot;,&quot;os_target&quot;:&quot;windows&quot;,&quot;run_as_admin&quot;:true,&quot;timeout_seconds&quot;:60,&quot;parameters&quot;:[],&quot;is_built_in&quot;:false,&quot;created_by&quot;:&quot;user-001&quot;,&quot;created_by_name&quot;:&quot;Alex Thompson&quot;,&quot;run_count&quot;:0,&quot;last_run&quot;:null,&quot;created_at&quot;:&quot;2026-03-07T13:44:31.303229Z&quot;,&quot;updated_at&quot;:&quot;2026-03-07T13:44:31.303231Z&quot;}&#10;assert 200 == 201&#10; +  where 200 = &lt;Response [200]&gt;.status_code">backend/tests/test_iteration4_features.py:93: in test_create_script
    assert response.status_code == 201, f"Failed to create script: {response.text}"
E   AssertionError: Failed to create script: {"id":"9747c646-89a9-4407-9355-0e03fb3e59d3","name":"TEST_Script_f857d7ed","description":"Test script for iteration 4","script_type":"powershell","content":"Write-Host 'Hello World'","category":"general","os_target":"windows","run_as_admin":true,"timeout_seconds":60,"parameters":[],"is_built_in":false,"created_by":"user-001","created_by_name":"Alex Thompson","run_count":0,"last_run":null,"created_at":"2026-03-07T13:44:31.303229Z","updated_at":"2026-03-07T13:44:31.303231Z"}
E   assert 200 == 201
E    +  where 200 = &lt;Response [200]&gt;.status_code</failure></testcase><testcase classname="backend.tests.test_iteration4_features.TestScriptingAPI" name="test_get_script_by_id" time="0.098"><failure message="assert 200 == 201&#10; +  where 200 = &lt;Response [200]&gt;.status_code">backend/tests/test_iteration4_features.py:110: in test_get_script_by_id
    assert create_response.status_code == 201
E   assert 200 == 201
E    +  where 200 = &lt;Response [200]&gt;.status_code</failure></testcase><testcase classname="backend.tests.test_iteration4_features.TestScriptingAPI" name="test_update_script" time="0.088"><failure message="assert 200 == 201&#10; +  where 200 = &lt;Response [200]&gt;.status_code">backend/tests/test_iteration4_features.py:129: in test_update_script
    assert create_response.status_code == 201
E   assert 200 == 201
E    +  where 200 = &lt;Response [200]&gt;.status_code</failure></testcase><testcase classname="backend.tests.test_iteration4_features.TestScriptingAPI" name="test_delete_script" time="0.073"><failure message="assert 200 == 201&#10; +  where 200 = &lt;Response [200]&gt;.status_code">backend/tests/test_iteration4_features.py:149: in test_delete_script
    assert create_response.status_code == 201
E   assert 200 == 201
E    +  where 200 = &lt;Response [200]&gt;.status_code</failure></testcase><testcase classname="backend.tests.test_iteration4_features.TestScriptingAPI" name="test_get_script_executions" time="0.086" /><testcase classname="backend.tests.test_iteration4_features.TestPasswordVaultAPI" name="test_get_passwords" time="0.107" /><testcase classname="backend.tests.test_iteration4_features.TestPasswordVaultAPI" name="test_create_password" time="0.189"><failure message="AssertionError: Failed to create password: {&quot;id&quot;:&quot;a43a07e2-0dcc-4a9f-9e1d-310d100a0742&quot;,&quot;name&quot;:&quot;TEST_Password_e0e34055&quot;,&quot;message&quot;:&quot;Password created&quot;}&#10;assert 200 == 201&#10; +  where 200 = &lt;Response [200]&gt;.status_code">backend/tests/test_iteration4_features.py:195: in test_create_password
    assert response.status_code == 201, f"Failed to create password: {response.text}"
E   AssertionError: Failed to create password: {"id":"a43a07e2-0dcc-4a9f-9e1d-310d100a0742","name":"TEST_Password_e0e34055","message":"Password created"}
E   assert 200 == 201
E    +  where 200 = &lt;Response [200]&gt;.status_code</failure></testcase><testcase classname="backend.tests.test_iteration4_features.TestPasswordVaultAPI" name="test_reveal_password" time="0.078"><failure message="assert 200 == 201&#10; +  where 200 = &lt;Response [200]&gt;.status_code">backend/tests/test_iteration4_features.py:213: in test_reveal_password
    assert create_response.status_code == 201
E   assert 200 == 201
E    +  where 200 = &lt;Response [200]&gt;.status_code</failure></testcase><testcase classname="backend.tests.test_iteration4_features.TestPasswordVaultAPI" name="test_update_password" time="0.095"><failure message="assert 200 == 201&#10; +  where 200 = &lt;Response [200]&gt;.status_code">backend/tests/test_iteration4_features.py:233: in test_update_password
    assert create_response.status_code == 201
E   assert 200 == 201
E    +  where 200 = &lt;Response [200]&gt;.status_code</failure></testcase><testcase classname="backend.tests.test_iteration4_features.TestPasswordVaultAPI" name="test_delete_password" time="0.076"><failure message="assert 200 == 201&#10; +  where 200 = &lt;Response [200]&gt;.status_code">backend/tests/test_iteration4_features.py:254: in test_delete_password
    assert create_response.status_code == 201
E   assert 200 == 201
E    +  where 200 = &lt;Response [200]&gt;.status_code</failure></testcase><testcase classname="backend.tests.test_iteration4_features.TestDocumentationAPI" name="test_get_documentation" time="0.077" /><testcase classname="backend.tests.test_iteration4_features.TestDocumentationAPI" name="test_create_documentation" time="0.083"><failure message="AssertionError: Failed to create doc: {&quot;id&quot;:&quot;d6a65b81-d6b1-43c6-a833-c0dcc5a76f76&quot;,&quot;client_id&quot;:&quot;client-001&quot;,&quot;client_name&quot;:&quot;Acme Corporation&quot;,&quot;title&quot;:&quot;TEST_Doc_06c4c80e&quot;,&quot;content&quot;:&quot;# Test Documentation\n\nThis is a test document.&quot;,&quot;category&quot;:&quot;procedures&quot;,&quot;parent_id&quot;:null,&quot;is_template&quot;:false,&quot;tags&quot;:[&quot;test&quot;,&quot;iteration4&quot;],&quot;last_edited_by&quot;:&quot;user-001&quot;,&quot;last_edited_by_name&quot;:&quot;Alex Thompson&quot;,&quot;view_count&quot;:0,&quot;created_at&quot;:&quot;2026-03-07T13:44:32.438409Z&quot;,&quot;updated_at&quot;:&quot;2026-03-07T13:44:32.438411Z&quot;}&#10;assert 200 == 201&#10; +  where 200 = &lt;Response [200]&gt;.status_code">backend/tests/test_iteration4_features.py:290: in test_create_documentation
    assert response.status_code == 201, f"Failed to create doc: {response.text}"
E   AssertionError: Failed to create doc: {"id":"d6a65b81-d6b1-43c6-a833-c0dcc5a76f76","client_id":"client-001","client_name":"Acme Corporation","title":"TEST_Doc_06c4c80e","content":"# Test Documentation\n\nThis is a test document.","category":"procedures","parent_id":null,"is_template":false,"tags":["test","iteration4"],"last_edited_by":"user-001","last_edited_by_name":"Alex Thompson","view_count":0,"created_at":"2026-03-07T13:44:32.438409Z","updated_at":"2026-03-07T13:44:32.438411Z"}
E   assert 200 == 201
E    +  where 200 = &lt;Response [200]&gt;.status_code</failure></testcase><testcase classname="backend.tests.test_iteration4_features.TestDocumentationAPI" name="test_get_documentation_by_id" time="0.104"><failure message="assert 200 == 201&#10; +  where 200 = &lt;Response [200]&gt;.status_code">backend/tests/test_iteration4_features.py:306: in test_get_documentation_by_id
    assert create_response.status_code == 201
E   assert 200 == 201
E    +  where 200 = &lt;Response [200]&gt;.status_code</failure></testcase><testcase classname="backend.tests.test_iteration4_features.TestDocumentationAPI" name="test_update_documentation" time="0.080"><failure message="assert 200 == 201&#10; +  where 200 = &lt;Response [200]&gt;.status_code">backend/tests/test_iteration4_features.py:325: in test_update_documentation
    assert create_response.status_code == 201
E   assert 200 == 201
E    +  where 200 = &lt;Response [200]&gt;.status_code</failure></testcase><testcase classname="backend.tests.test_iteration4_features.TestDocumentationAPI" name="test_delete_documentation" time="0.079"><failure message="assert 200 == 201&#10; +  where 200 = &lt;Response [200]&gt;.status_code">backend/tests/test_iteration4_features.py:345: in test_delete_documentation
    assert create_response.status_code == 201
E   assert 200 == 201
E    +  where 200 = &lt;Response [200]&gt;.status_code</failure></testcase><testcase classname="backend.tests.test_iteration4_features.TestProjectsAPI" name="test_get_projects" time="0.114" /><testcase classname="backend.tests.test_iteration4_features.TestProjectsAPI" name="test_create_project" time="0.091"><failure message="AssertionError: Failed to create project: {&quot;id&quot;:&quot;c4747fad-ea0f-4c41-945c-0db77a538c9f&quot;,&quot;name&quot;:&quot;TEST_Project_0123b26d&quot;,&quot;description&quot;:&quot;Test project for iteration 4&quot;,&quot;client_id&quot;:&quot;client-001&quot;,&quot;client_name&quot;:&quot;Acme Corporation&quot;,&quot;status&quot;:&quot;planning&quot;,&quot;priority&quot;:&quot;high&quot;,&quot;start_date&quot;:&quot;2026-03-07&quot;,&quot;target_end_date&quot;:&quot;2026-04-07&quot;,&quot;actual_end_date&quot;:null,&quot;budget_hours&quot;:40.0,&quot;spent_hours&quot;:0.0,&quot;project_manager&quot;:null,&quot;project_manager_name&quot;:null,&quot;team_members&quot;:[],&quot;tags&quot;:[],&quot;created_at&quot;:&quot;2026-03-07T13:44:32.932725Z&quot;,&quot;updated_at&quot;:&quot;2026-03-07T13:44:32.932726Z&quot;}&#10;assert 200 == 201&#10; +  where 200 = &lt;Response [200]&gt;.status_code">backend/tests/test_iteration4_features.py:384: in test_create_project
    assert response.status_code == 201, f"Failed to create project: {response.text}"
E   AssertionError: Failed to create project: {"id":"c4747fad-ea0f-4c41-945c-0db77a538c9f","name":"TEST_Project_0123b26d","description":"Test project for iteration 4","client_id":"client-001","client_name":"Acme Corporation","status":"planning","priority":"high","start_date":"2026-03-07","target_end_date":"2026-04-07","actual_end_date":null,"budget_hours":40.0,"spent_hours":0.0,"project_manager":null,"project_manager_name":null,"team_members":[],"tags":[],"created_at":"2026-03-07T13:44:32.932725Z","updated_at":"2026-03-07T13:44:32.932726Z"}
E   assert 200 == 201
E    +  where 200 = &lt;Response [200]&gt;.status_code</failure></testcase><testcase classname="backend.tests.test_iteration4_features.TestProjectsAPI" name="test_get_project_by_id" time="0.084"><failure message="assert 200 == 201&#10; +  where 200 = &lt;Response [200]&gt;.status_code">backend/tests/test_iteration4_features.py:400: in test_get_project_by_id
    assert create_response.status_code == 201
E   assert 200 == 201
E    +  where 200 = &lt;Response [200]&gt;.status_code</failure></testcase><testcase classname="backend.tests.test_iteration4_features.TestProjectsAPI" name="test_update_project" time="0.072"><failure message="assert 200 == 201&#10; +  where 200 = &lt;Response [200]&gt;.status_code">backend/tests/test_iteration4_features.py:419: in test_update_project
    assert create_response.status_code == 201
E   assert 200 == 201
E    +  where 200 = &lt;Response [200]&gt;.status_code</failure></testcase><testcase classname="backend.tests.test_iteration4_features.TestProjectsAPI" name="test_delete_project" time="0.080"><failure message="assert 200 == 201&#10; +  where 200 = &lt;Response [200]&gt;.status_code">backend/tests/test_iteration4_features.py:438: in test_delete_project
    assert create_response.status_code == 201
E   assert 200 == 201
E    +  where 200 = &lt;Response [200]&gt;.status_code</failure></testcase><testcase classname="backend.tests.test_iteration4_features.TestProjectTasksAPI" name="test_get_project_tasks" time="0.082"><error message="failed on setup with &quot;assert 200 == 201&#10; +  where 200 = &lt;Response [200]&gt;.status_code&quot;">backend/tests/test_iteration4_features.py:464: in test_project_id
    assert response.status_code == 201
E   assert 200 == 201
E    +  where 200 = &lt;Response [200]&gt;.status_code</error></testcase><testcase classname="backend.tests.test_iteration4_features.TestProjectTasksAPI" name="test_create_project_task" time="0.079"><error message="failed on setup with &quot;assert 200 == 201&#10; +  where 200 = &lt;Response [200]&gt;.status_code&quot;">backend/tests/test_iteration4_features.py:464: in test_project_id
    assert response.status_code == 201
E   assert 200 == 201
E    +  where 200 = &lt;Response [200]&gt;.status_code</error></testcase><testcase classname="backend.tests.test_iteration4_features.TestProjectTasksAPI" name="test_update_project_task" time="0.090"><error message="failed on setup with &quot;assert 200 == 201&#10; +  where 200 = &lt;Response [200]&gt;.status_code&quot;">backend/tests/test_iteration4_features.py:464: in test_project_id
    assert response.status_code == 201
E   assert 200 == 201
E    +  where 200 = &lt;Response [200]&gt;.status_code</error></testcase><testcase classname="backend.tests.test_iteration4_features.TestProjectTasksAPI" name="test_delete_project_task" time="0.086"><error message="failed on setup with &quot;assert 200 == 201&#10; +  where 200 = &lt;Response [200]&gt;.status_code&quot;">backend/tests/test_iteration4_features.py:464: in test_project_id
    assert response.status_code == 201
E   assert 200 == 201
E    +  where 200 = &lt;Response [200]&gt;.status_code</error></testcase><testcase classname="backend.tests.test_iteration4_features.TestTicketEmailsAPI" name="test_get_ticket_emails" time="0.129"><error message="failed on setup with &quot;assert 200 == 201&#10; +  where 200 = &lt;Response [200]&gt;.status_code&quot;">backend/tests/test_iteration4_features.py:544: in test_ticket_id
    assert response.status_code == 201
E   assert 200 == 201
E    +  where 200 = &lt;Response [200]&gt;.status_code</error></testcase><testcase classname="backend.tests.test_iteration4_features.TestTicketEmailsAPI" name="test_send_ticket_email" time="2.329"><error message="failed on setup with &quot;assert 200 == 201&#10; +  where 200 = &lt;Response [200]&gt;.status_code&quot;">backend/tests/test_iteration4_features.py:544: in test_ticket_id
    assert response.status_code == 201
E   assert 200 == 201
E    +  where 200 = &lt;Response [200]&gt;.status_code</error></testcase></testsuite></testsuites>