<?xml version="1.0" encoding="utf-8"?><testsuites name="pytest tests"><testsuite name="pytest" errors="0" failures="0" skipped="0" tests="42" time="6.594" timestamp="2026-03-18T11:03:17.750101+00:00" hostname="agent-env-ab6fd474-587b-4ea4-8d5d-616c6eac0694"><testcase classname="backend.tests.test_iteration35_batch_features.TestInvoicePDF" name="test_get_invoices_list" time="0.547" /><testcase classname="backend.tests.test_iteration35_batch_features.TestInvoicePDF" name="test_invoice_pdf_preview" time="0.380" /><testcase classname="backend.tests.test_iteration35_batch_features.TestInvoicePDF" name="test_invoice_pdf_download" time="0.187" /><testcase classname="backend.tests.test_iteration35_batch_features.TestInvoicePDF" name="test_invoice_pdf_not_found" time="0.117" /><testcase classname="backend.tests.test_iteration35_batch_features.TestProxmox" name="test_get_proxmox_nodes" time="0.084" /><testcase classname="backend.tests.test_iteration35_batch_features.TestProxmox" name="test_get_proxmox_vms" time="0.078" /><testcase classname="backend.tests.test_iteration35_batch_features.TestProxmox" name="test_vm_action_start" time="0.180" /><testcase classname="backend.tests.test_iteration35_batch_features.TestProxmox" name="test_vm_action_reboot" time="0.186" /><testcase classname="backend.tests.test_iteration35_batch_features.TestProxmox" name="test_vm_action_shutdown" time="0.174" /><testcase classname="backend.tests.test_iteration35_batch_features.TestProxmox" name="test_vm_action_stop" time="0.163" /><testcase classname="backend.tests.test_iteration35_batch_features.TestProxmox" name="test_vm_action_invalid" time="0.175" /><testcase classname="backend.tests.test_iteration35_batch_features.TestProxmox" name="test_get_proxmox_backups" time="0.117" /><testcase classname="backend.tests.test_iteration35_batch_features.TestProxmox" name="test_create_backup" time="0.180" /><testcase classname="backend.tests.test_iteration35_batch_features.TestProxmox" name="test_get_backup_schedules" time="0.101" /><testcase classname="backend.tests.test_iteration35_batch_features.TestAcronis" name="test_get_acronis_customers" time="0.092" /><testcase classname="backend.tests.test_iteration35_batch_features.TestAcronis" name="test_get_acronis_subscriptions" time="0.089" /><testcase classname="backend.tests.test_iteration35_batch_features.TestAcronis" name="test_get_acronis_usage_summary" time="0.100" /><testcase classname="backend.tests.test_iteration35_batch_features.TestAcronis" name="test_acronis_sync" time="0.085" /><testcase classname="backend.tests.test_iteration35_batch_features.TestAcronis" name="test_link_acronis_customer" time="0.300" /><testcase classname="backend.tests.test_iteration35_batch_features.TestGradient" name="test_get_reconciliation_dashboard" time="0.115" /><testcase classname="backend.tests.test_iteration35_batch_features.TestGradient" name="test_get_revenue_opportunities" time="0.119" /><testcase classname="backend.tests.test_iteration35_batch_features.TestFinancialReports" name="test_revenue_summary" time="0.096" /><testcase classname="backend.tests.test_iteration35_batch_features.TestFinancialReports" name="test_aging_report" time="0.106" /><testcase classname="backend.tests.test_iteration35_batch_features.TestFinancialReports" name="test_profit_loss" time="0.083" /><testcase classname="backend.tests.test_iteration35_batch_features.TestFinancialReports" name="test_client_revenue" time="0.126" /><testcase classname="backend.tests.test_iteration35_batch_features.TestFinancialReports" name="test_service_revenue" time="0.088" /><testcase classname="backend.tests.test_iteration35_batch_features.TestFinancialReports" name="test_payment_collection" time="0.109" /><testcase classname="backend.tests.test_iteration35_batch_features.TestFinancialReports" name="test_tax_summary" time="0.089" /><testcase classname="backend.tests.test_iteration35_batch_features.TestFinancialReports" name="test_monthly_allocations" time="0.160" /><testcase classname="backend.tests.test_iteration35_batch_features.TestTicketAttachments" name="test_get_tickets_list" time="0.084" /><testcase classname="backend.tests.test_iteration35_batch_features.TestTicketAttachments" name="test_get_ticket_attachments" time="0.163" /><testcase classname="backend.tests.test_iteration35_batch_features.TestTicketAttachments" name="test_upload_ticket_attachment" time="0.166" /><testcase classname="backend.tests.test_iteration35_batch_features.TestDeviceChat" name="test_get_devices" time="0.094" /><testcase classname="backend.tests.test_iteration35_batch_features.TestDeviceChat" name="test_send_chat_message" time="0.211" /><testcase classname="backend.tests.test_iteration35_batch_features.TestDeviceChat" name="test_get_chat_messages" time="0.193" /><testcase classname="backend.tests.test_iteration35_batch_features.TestDeviceChat" name="test_set_typing_status" time="0.195" /><testcase classname="backend.tests.test_iteration35_batch_features.TestDeviceChat" name="test_get_typing_status" time="0.173" /><testcase classname="backend.tests.test_iteration35_batch_features.TestDeviceChat" name="test_export_chat_pdf" time="0.165" /><testcase classname="backend.tests.test_iteration35_batch_features.TestDeviceChat" name="test_mark_messages_read" time="0.190" /><testcase classname="backend.tests.test_iteration35_batch_features.TestDeviceChat" name="test_get_unread_count" time="0.254" /><testcase classname="backend.tests.test_iteration35_batch_features.TestSidebarRoutes" name="test_gradient_page_loads" time="0.124" /><testcase classname="backend.tests.test_iteration35_batch_features.TestSidebarRoutes" name="test_financial_reports_page_loads" time="0.085" /></testsuite></testsuites>