<?xml version="1.0" encoding="utf-8"?><testsuites name="pytest tests"><testsuite name="pytest" errors="0" failures="0" skipped="0" tests="14" time="19.485" timestamp="2026-03-20T12:37:40.302398+00:00" hostname="agent-env-9af01e89-7ae6-46ac-a65a-e705ee336e6a"><testcase classname="backend.tests.test_iteration50_clients_module_revamp.TestClientsModuleRevamp" name="test_get_clients_list" time="1.173" /><testcase classname="backend.tests.test_iteration50_clients_module_revamp.TestClientsModuleRevamp" name="test_get_clients_health_all" time="1.160" /><testcase classname="backend.tests.test_iteration50_clients_module_revamp.TestClientsModuleRevamp" name="test_get_clients_subscriptions_summary" time="1.006" /><testcase classname="backend.tests.test_iteration50_clients_module_revamp.TestClientsModuleRevamp" name="test_get_client_detail" time="1.384" /><testcase classname="backend.tests.test_iteration50_clients_module_revamp.TestClientsModuleRevamp" name="test_get_client_contacts" time="1.396" /><testcase classname="backend.tests.test_iteration50_clients_module_revamp.TestClientsModuleRevamp" name="test_add_contact_to_client" time="2.142" /><testcase classname="backend.tests.test_iteration50_clients_module_revamp.TestClientsModuleRevamp" name="test_create_client" time="1.030" /><testcase classname="backend.tests.test_iteration50_clients_module_revamp.TestClientsModuleRevamp" name="test_update_client" time="2.128" /><testcase classname="backend.tests.test_iteration50_clients_module_revamp.TestClientsModuleRevamp" name="test_delete_client" time="1.710" /><testcase classname="backend.tests.test_iteration50_clients_module_revamp.TestClientsModuleRevamp" name="test_client_detail_tickets_structure" time="1.349" /><testcase classname="backend.tests.test_iteration50_clients_module_revamp.TestClientsModuleRevamp" name="test_client_detail_devices_structure" time="1.333" /><testcase classname="backend.tests.test_iteration50_clients_module_revamp.TestClientsModuleRevamp" name="test_client_detail_contracts_structure" time="1.446" /><testcase classname="backend.tests.test_iteration50_clients_module_revamp.TestHealthScoresForUIColoring" name="test_health_scores_risk_levels" time="1.065" /><testcase classname="backend.tests.test_iteration50_clients_module_revamp.TestSubscriptionsForClientCards" name="test_subscriptions_summary_structure" time="1.034" /></testsuite></testsuites>