<?xml version="1.0" encoding="utf-8"?><testsuites name="pytest tests"><testsuite name="pytest" errors="0" failures="0" skipped="0" tests="35" time="27.775" timestamp="2026-05-21T11:44:46.345140+00:00" hostname="agent-env-4a7f80d7-756c-4200-8991-71de3adaf3ec"><testcase classname="backend.tests.test_iteration167_invoice_smart_features.TestInvoiceTemplateGallery" name="test_gallery_returns_10_presets" time="0.490" /><testcase classname="backend.tests.test_iteration167_invoice_smart_features.TestInvoiceTemplateGallery" name="test_gallery_preset_has_required_fields" time="0.110" /><testcase classname="backend.tests.test_iteration167_invoice_smart_features.TestBlocksCatalog" name="test_catalog_returns_22_blocks" time="0.122" /><testcase classname="backend.tests.test_iteration167_invoice_smart_features.TestBlocksCatalog" name="test_catalog_block_metadata" time="0.097" /><testcase classname="backend.tests.test_iteration167_invoice_smart_features.TestClonePreset" name="test_clone_preset_creates_editable_template" time="0.192" /><testcase classname="backend.tests.test_iteration167_invoice_smart_features.TestClonePreset" name="test_clone_nonexistent_preset_returns_404" time="0.098" /><testcase classname="backend.tests.test_iteration167_invoice_smart_features.TestTemplatePageSettings" name="test_update_page_settings" time="0.274" /><testcase classname="backend.tests.test_iteration167_invoice_smart_features.TestTemplatePageSettings" name="test_update_per_block_style" time="0.307" /><testcase classname="backend.tests.test_iteration167_invoice_smart_features.TestPresetReadOnly" name="test_put_on_preset_returns_400" time="0.187" /><testcase classname="backend.tests.test_iteration167_invoice_smart_features.TestPresetReadOnly" name="test_delete_on_preset_returns_400" time="0.205" /><testcase classname="backend.tests.test_iteration167_invoice_smart_features.TestPdfPreview" name="test_preview_pdf_renders_valid_pdf" time="0.484" /><testcase classname="backend.tests.test_iteration167_invoice_smart_features.TestAiDraftInvoice" name="test_ai_draft_requires_client_id" time="0.112" /><testcase classname="backend.tests.test_iteration167_invoice_smart_features.TestAiDraftInvoice" name="test_ai_draft_with_client_returns_line_items" time="2.828" /><testcase classname="backend.tests.test_iteration167_invoice_smart_features.TestPaymentPlan" name="test_create_payment_plan" time="0.221" /><testcase classname="backend.tests.test_iteration167_invoice_smart_features.TestSmartReminder" name="test_smart_reminder_returns_ai_copy" time="5.128" /><testcase classname="backend.tests.test_iteration167_invoice_smart_features.TestLateFee" name="test_apply_late_fee_adds_line_item" time="0.213" /><testcase classname="backend.tests.test_iteration167_invoice_smart_features.TestReissue" name="test_reissue_clones_invoice" time="0.228" /><testcase classname="backend.tests.test_iteration167_invoice_smart_features.TestBulkOperations" name="test_bulk_send_processes_invoices" time="0.196" /><testcase classname="backend.tests.test_iteration167_invoice_smart_features.TestBulkOperations" name="test_bulk_requires_invoice_ids" time="0.213" /><testcase classname="backend.tests.test_iteration167_invoice_smart_features.TestCustomerStatement" name="test_customer_statement_returns_aged_buckets" time="0.251" /><testcase classname="backend.tests.test_iteration167_invoice_smart_features.TestAgedArInsights" name="test_aged_ar_insights_returns_ai_summary" time="5.940" /><testcase classname="backend.tests.test_iteration167_invoice_smart_features.TestPayNowLink" name="test_pay_now_link_creates_stripe_session" time="0.499" /><testcase classname="backend.tests.test_iteration167_invoice_smart_features.TestLateFeePolicy" name="test_get_late_fee_policy" time="0.102" /><testcase classname="backend.tests.test_iteration167_invoice_smart_features.TestLateFeePolicy" name="test_set_late_fee_policy" time="0.117" /><testcase classname="backend.tests.test_iteration167_invoice_smart_features.TestWebhooks" name="test_list_webhooks" time="0.112" /><testcase classname="backend.tests.test_iteration167_invoice_smart_features.TestWebhooks" name="test_create_webhook" time="0.164" /><testcase classname="backend.tests.test_iteration167_invoice_smart_features.TestWebhooks" name="test_delete_webhook" time="0.157" /><testcase classname="backend.tests.test_iteration167_invoice_smart_features.TestUpliftRule" name="test_set_uplift_rule" time="0.284" /><testcase classname="backend.tests.test_iteration167_invoice_smart_features.TestUpliftRule" name="test_apply_uplift_bumps_rates" time="0.240" /><testcase classname="backend.tests.test_iteration167_invoice_smart_features.TestRenewalRisk" name="test_renewal_risk_returns_score_and_analysis" time="6.854" /><testcase classname="backend.tests.test_iteration167_invoice_smart_features.TestConsolidateStreams" name="test_consolidate_requires_2_streams" time="0.245" /><testcase classname="backend.tests.test_iteration167_invoice_smart_features.TestPreBillPreview" name="test_pre_bill_preview_generates_html" time="0.451" /><testcase classname="backend.tests.test_iteration167_invoice_smart_features.TestPauseRange" name="test_pause_range_schedules_pause" time="0.168" /><testcase classname="backend.tests.test_iteration167_invoice_smart_features.TestPauseRange" name="test_pause_range_requires_dates" time="0.196" /><testcase classname="backend.tests.test_iteration167_invoice_smart_features.TestRollupUsage" name="test_rollup_usage_pulls_counts" time="0.221" /></testsuite></testsuites>