<?xml version="1.0" encoding="utf-8"?><testsuites name="pytest tests"><testsuite name="pytest" errors="0" failures="0" skipped="0" tests="10" time="4.032" timestamp="2026-04-23T10:14:08.968748+00:00" hostname="agent-env-4a7f80d7-756c-4200-8991-71de3adaf3ec"><testcase classname="backend.tests.test_integrations_overview.TestIntegrationsOverviewAuth" name="test_integrations_overview_requires_auth" time="0.155" /><testcase classname="backend.tests.test_integrations_overview.TestIntegrationsOverviewEndpoint" name="test_integrations_overview_returns_200" time="0.429" /><testcase classname="backend.tests.test_integrations_overview.TestIntegrationsOverviewEndpoint" name="test_integrations_overview_structure" time="0.409" /><testcase classname="backend.tests.test_integrations_overview.TestIntegrationsOverviewEndpoint" name="test_integrations_overview_tiles_count" time="0.438" /><testcase classname="backend.tests.test_integrations_overview.TestIntegrationsOverviewEndpoint" name="test_integrations_overview_tile_keys" time="0.457" /><testcase classname="backend.tests.test_integrations_overview.TestIntegrationsOverviewEndpoint" name="test_integrations_overview_expected_integrations" time="0.413" /><testcase classname="backend.tests.test_integrations_overview.TestIntegrationsOverviewEndpoint" name="test_integrations_overview_command_centers" time="0.408" /><testcase classname="backend.tests.test_integrations_overview.TestIntegrationsOverviewEndpoint" name="test_integrations_overview_settings_anchors" time="0.419" /><testcase classname="backend.tests.test_integrations_overview.TestIntegrationsOverviewEndpoint" name="test_integrations_overview_configured_flag_types" time="0.420" /><testcase classname="backend.tests.test_integrations_overview.TestIntegrationsOverviewEndpoint" name="test_integrations_overview_categories" time="0.428" /></testsuite></testsuites>