<?xml version="1.0" encoding="utf-8"?><testsuites name="pytest tests"><testsuite name="pytest" errors="0" failures="0" skipped="0" tests="39" time="17.592" timestamp="2026-03-19T13:07:37.998774+00:00" hostname="agent-env-bbadb1cf-c71c-4392-8bfe-3f25f9f72dbb"><testcase classname="backend.tests.test_iteration40_phase10_features.TestAICopilot" name="test_copilot_suggestions" time="0.604" /><testcase classname="backend.tests.test_iteration40_phase10_features.TestAICopilot" name="test_copilot_chat" time="5.017" /><testcase classname="backend.tests.test_iteration40_phase10_features.TestAICopilot" name="test_copilot_history" time="0.127" /><testcase classname="backend.tests.test_iteration40_phase10_features.TestClientHealth" name="test_health_scores" time="0.504" /><testcase classname="backend.tests.test_iteration40_phase10_features.TestClientHealth" name="test_health_dashboard" time="0.130" /><testcase classname="backend.tests.test_iteration40_phase10_features.TestWallboard" name="test_wallboard_data" time="0.414" /><testcase classname="backend.tests.test_iteration40_phase10_features.TestWallboard" name="test_wallboard_public" time="0.112" /><testcase classname="backend.tests.test_iteration40_phase10_features.TestMagicPortal" name="test_get_magic_links" time="0.410" /><testcase classname="backend.tests.test_iteration40_phase10_features.TestMagicPortal" name="test_generate_magic_link" time="0.086" /><testcase classname="backend.tests.test_iteration40_phase10_features.TestMagicPortal" name="test_access_magic_portal" time="0.164" /><testcase classname="backend.tests.test_iteration40_phase10_features.TestTopology" name="test_all_topologies" time="0.406" /><testcase classname="backend.tests.test_iteration40_phase10_features.TestTopology" name="test_client_topology" time="0.199" /><testcase classname="backend.tests.test_iteration40_phase10_features.TestRunbooks" name="test_get_runbooks" time="0.475" /><testcase classname="backend.tests.test_iteration40_phase10_features.TestRunbooks" name="test_get_templates" time="0.083" /><testcase classname="backend.tests.test_iteration40_phase10_features.TestRunbooks" name="test_create_runbook" time="0.090" /><testcase classname="backend.tests.test_iteration40_phase10_features.TestRunbooks" name="test_test_runbook" time="0.105" /><testcase classname="backend.tests.test_iteration40_phase10_features.TestRunbooks" name="test_get_logs" time="0.107" /><testcase classname="backend.tests.test_iteration40_phase10_features.TestRunbooks" name="test_delete_runbook" time="0.101" /><testcase classname="backend.tests.test_iteration40_phase10_features.TestVault" name="test_get_entries" time="0.416" /><testcase classname="backend.tests.test_iteration40_phase10_features.TestVault" name="test_create_entry" time="0.078" /><testcase classname="backend.tests.test_iteration40_phase10_features.TestVault" name="test_get_entry_decrypted" time="0.088" /><testcase classname="backend.tests.test_iteration40_phase10_features.TestVault" name="test_audit_log" time="0.113" /><testcase classname="backend.tests.test_iteration40_phase10_features.TestVault" name="test_delete_entry" time="0.096" /><testcase classname="backend.tests.test_iteration40_phase10_features.TestQrAssets" name="test_generate_batch" time="0.560" /><testcase classname="backend.tests.test_iteration40_phase10_features.TestCampaigns" name="test_get_campaigns" time="0.567" /><testcase classname="backend.tests.test_iteration40_phase10_features.TestCampaigns" name="test_get_templates" time="0.081" /><testcase classname="backend.tests.test_iteration40_phase10_features.TestCampaigns" name="test_create_campaign" time="0.128" /><testcase classname="backend.tests.test_iteration40_phase10_features.TestCampaigns" name="test_send_campaign" time="0.093" /><testcase classname="backend.tests.test_iteration40_phase10_features.TestCampaigns" name="test_delete_campaign" time="0.084" /><testcase classname="backend.tests.test_iteration40_phase10_features.TestSlaTimer" name="test_active_sla" time="0.401" /><testcase classname="backend.tests.test_iteration40_phase10_features.TestSlaTimer" name="test_predictions" time="0.088" /><testcase classname="backend.tests.test_iteration40_phase10_features.TestBenchmarking" name="test_overview" time="0.396" /><testcase classname="backend.tests.test_iteration40_phase10_features.TestBillingRecon" name="test_overview" time="0.423" /><testcase classname="backend.tests.test_iteration40_phase10_features.TestUpsell" name="test_opportunities" time="0.487" /><testcase classname="backend.tests.test_iteration40_phase10_features.TestRoiReports" name="test_all_summaries" time="0.464" /><testcase classname="backend.tests.test_iteration40_phase10_features.TestRoiReports" name="test_client_report" time="0.096" /><testcase classname="backend.tests.test_iteration40_phase10_features.TestDocScanner" name="test_scan_document" time="2.495" /><testcase classname="backend.tests.test_iteration40_phase10_features.TestDocScanner" name="test_create_device_from_scan" time="1.125" /><testcase classname="backend.tests.test_iteration40_phase10_features.TestDocScanner" name="test_scan_history" time="0.094" /></testsuite></testsuites>