<?xml version="1.0" encoding="utf-8"?><testsuites name="pytest tests"><testsuite name="pytest" errors="0" failures="2" skipped="1" tests="18" time="37.157" timestamp="2026-05-01T23:15:12.827023+00:00" hostname="agent-env-4a7f80d7-756c-4200-8991-71de3adaf3ec"><testcase classname="backend.tests.test_iteration136_differentiators.TestChurnRiskScore" name="test_churn_risk_for_client" time="0.630" /><testcase classname="backend.tests.test_iteration136_differentiators.TestChurnRiskScore" name="test_churn_risk_not_found" time="0.220" /><testcase classname="backend.tests.test_iteration136_differentiators.TestChurnRiskScore" name="test_churn_risk_overview" time="0.168" /><testcase classname="backend.tests.test_iteration136_differentiators.TestDisputeShieldPdf" name="test_dispute_shield_pdf_valid" time="0.431" /><testcase classname="backend.tests.test_iteration136_differentiators.TestDisputeShieldPdf" name="test_dispute_shield_pdf_no_token" time="0.095" /><testcase classname="backend.tests.test_iteration136_differentiators.TestDisputeShieldPdf" name="test_dispute_shield_pdf_not_found" time="0.096" /><testcase classname="backend.tests.test_iteration136_differentiators.TestAutoPostmortem" name="test_postmortem_generation" time="16.909" /><testcase classname="backend.tests.test_iteration136_differentiators.TestAutoPostmortem" name="test_postmortem_not_resolved_400" time="0.209" /><testcase classname="backend.tests.test_iteration136_differentiators.TestAutoPostmortem" name="test_get_postmortem" time="17.074" /><testcase classname="backend.tests.test_iteration136_differentiators.TestAutoPostmortem" name="test_get_postmortem_not_found" time="0.080" /><testcase classname="backend.tests.test_iteration136_differentiators.TestWhisperMode" name="test_whisper_contact_by_email" time="0.176"><skipped type="pytest.skip" message="No contact email found in test data">/app/backend/tests/test_iteration136_differentiators.py:312: No contact email found in test data</skipped></testcase><testcase classname="backend.tests.test_iteration136_differentiators.TestWhisperMode" name="test_whisper_contact_not_found" time="0.100" /><testcase classname="backend.tests.test_iteration136_differentiators.TestRegressionIteration135" name="test_invoice_templates_list" time="0.091" /><testcase classname="backend.tests.test_iteration136_differentiators.TestRegressionIteration135" name="test_kiosk_list" time="0.082"><failure message="assert 404 == 200&#10; +  where 404 = &lt;Response [404]&gt;.status_code">backend/tests/test_iteration136_differentiators.py:372: in test_kiosk_list
    assert response.status_code == 200
E   assert 404 == 200
E    +  where 404 = &lt;Response [404]&gt;.status_code</failure></testcase><testcase classname="backend.tests.test_iteration136_differentiators.TestRegressionIteration135" name="test_threat_radar" time="0.094" /><testcase classname="backend.tests.test_iteration136_differentiators.TestRegressionIteration135" name="test_health_certificate_endpoint" time="0.391" /><testcase classname="backend.tests.test_iteration136_differentiators.TestRegressionIteration134" name="test_qbr_list" time="0.096"><failure message="assert 404 == 200&#10; +  where 404 = &lt;Response [404]&gt;.status_code">backend/tests/test_iteration136_differentiators.py:395: in test_qbr_list
    assert response.status_code == 200
E   assert 404 == 200
E    +  where 404 = &lt;Response [404]&gt;.status_code</failure></testcase><testcase classname="backend.tests.test_iteration136_differentiators.TestRegressionIteration134" name="test_blueprints_list" time="0.084" /></testsuite></testsuites>