<?xml version="1.0" encoding="utf-8"?><testsuites name="pytest tests"><testsuite name="pytest" errors="0" failures="0" skipped="4" tests="24" time="40.628" timestamp="2026-03-12T11:55:38.393812+00:00" hostname="agent-env-47b79606-e473-4c40-a49b-99415407566d"><testcase classname="backend.tests.test_iteration16_new_features.TestAuth" name="test_login_success" time="0.872" /><testcase classname="backend.tests.test_iteration16_new_features.TestAuth" name="test_login_invalid_credentials" time="0.445" /><testcase classname="backend.tests.test_iteration16_new_features.TestNetworkingSites" name="test_get_networking_sites" time="1.167" /><testcase classname="backend.tests.test_iteration16_new_features.TestNetworkingSites" name="test_get_networking_stats" time="1.055" /><testcase classname="backend.tests.test_iteration16_new_features.TestNetworkingSites" name="test_add_networking_site" time="0.993" /><testcase classname="backend.tests.test_iteration16_new_features.TestNetworkingSites" name="test_update_networking_site" time="1.457" /><testcase classname="backend.tests.test_iteration16_new_features.TestNetworkingSites" name="test_get_site_overview" time="1.451" /><testcase classname="backend.tests.test_iteration16_new_features.TestNetworkingSites" name="test_test_site_connection" time="11.417" /><testcase classname="backend.tests.test_iteration16_new_features.TestNetworkingDevices" name="test_adopt_device" time="1.625" /><testcase classname="backend.tests.test_iteration16_new_features.TestNetworkingDevices" name="test_get_site_devices" time="1.466" /><testcase classname="backend.tests.test_iteration16_new_features.TestNetworkingDevices" name="test_update_network_device" time="1.803" /><testcase classname="backend.tests.test_iteration16_new_features.TestNetworkingDevices" name="test_delete_network_device" time="1.911" /><testcase classname="backend.tests.test_iteration16_new_features.TestInvoiceEnhancements" name="test_get_invoices" time="1.088" /><testcase classname="backend.tests.test_iteration16_new_features.TestInvoiceEnhancements" name="test_get_clients" time="1.055" /><testcase classname="backend.tests.test_iteration16_new_features.TestInvoiceEnhancements" name="test_move_invoice_to_client" time="1.059"><skipped type="pytest.skip" message="No invoices to test">/app/backend/tests/test_iteration16_new_features.py:273: No invoices to test</skipped></testcase><testcase classname="backend.tests.test_iteration16_new_features.TestInvoiceEnhancements" name="test_move_invoice_invalid_id" time="1.091" /><testcase classname="backend.tests.test_iteration16_new_features.TestInvoiceEnhancements" name="test_void_invoice" time="2.262" /><testcase classname="backend.tests.test_iteration16_new_features.TestInvoiceEnhancements" name="test_record_manual_payment_cash" time="1.125"><skipped type="pytest.skip" message="No unpaid invoice to test">/app/backend/tests/test_iteration16_new_features.py:350: No unpaid invoice to test</skipped></testcase><testcase classname="backend.tests.test_iteration16_new_features.TestInvoiceEnhancements" name="test_record_manual_payment_bank_transfer" time="1.082"><skipped type="pytest.skip" message="No unpaid invoice to test">/app/backend/tests/test_iteration16_new_features.py:369: No unpaid invoice to test</skipped></testcase><testcase classname="backend.tests.test_iteration16_new_features.TestInvoiceEnhancements" name="test_record_manual_payment_check" time="1.052"><skipped type="pytest.skip" message="No unpaid invoice to test">/app/backend/tests/test_iteration16_new_features.py:383: No unpaid invoice to test</skipped></testcase><testcase classname="backend.tests.test_iteration16_new_features.TestXeroIntegration" name="test_get_xero_settings" time="1.066" /><testcase classname="backend.tests.test_iteration16_new_features.TestXeroIntegration" name="test_update_xero_settings" time="1.099" /><testcase classname="backend.tests.test_iteration16_new_features.TestXeroIntegration" name="test_xero_webhook_endpoint" time="1.068" /><testcase classname="backend.tests.test_iteration16_new_features.TestSiteDeleteCascade" name="test_delete_site_cascade" time="1.822" /></testsuite></testsuites>