<?xml version="1.0" encoding="utf-8"?><testsuites name="pytest tests"><testsuite name="pytest" errors="0" failures="0" skipped="0" tests="16" time="8.986" timestamp="2026-04-11T07:54:49.086483+00:00" hostname="agent-env-4a7f80d7-756c-4200-8991-71de3adaf3ec"><testcase classname="backend.tests.test_iteration74_recurring_email.TestRecurringBillingEnhanced" name="test_get_recurring_forecast" time="0.728" /><testcase classname="backend.tests.test_iteration74_recurring_email.TestRecurringBillingEnhanced" name="test_get_recurring_templates" time="0.393" /><testcase classname="backend.tests.test_iteration74_recurring_email.TestRecurringBillingEnhanced" name="test_create_recurring_template_with_enhanced_fields" time="0.518" /><testcase classname="backend.tests.test_iteration74_recurring_email.TestRecurringBillingEnhanced" name="test_update_recurring_template" time="0.958" /><testcase classname="backend.tests.test_iteration74_recurring_email.TestRecurringBillingEnhanced" name="test_delete_recurring_template" time="0.545" /><testcase classname="backend.tests.test_iteration74_recurring_email.TestRecurringBillingEnhanced" name="test_toggle_recurring_pause_resume" time="0.692" /><testcase classname="backend.tests.test_iteration74_recurring_email.TestRecurringBillingEnhanced" name="test_generate_invoice_from_recurring" time="0.641" /><testcase classname="backend.tests.test_iteration74_recurring_email.TestRecurringBillingEnhanced" name="test_batch_generate_recurring" time="0.396" /><testcase classname="backend.tests.test_iteration74_recurring_email.TestRecurringBillingEnhanced" name="test_get_recurring_history" time="0.523" /><testcase classname="backend.tests.test_iteration74_recurring_email.TestInvoiceEmail" name="test_send_invoice_email" time="0.497" /><testcase classname="backend.tests.test_iteration74_recurring_email.TestInvoiceEmail" name="test_send_invoice_email_missing_recipient" time="0.546" /><testcase classname="backend.tests.test_iteration74_recurring_email.TestInvoiceEmail" name="test_get_invoice_emails" time="0.499" /><testcase classname="backend.tests.test_iteration74_recurring_email.TestInvoiceEmail" name="test_email_updates_draft_to_authorised" time="0.553" /><testcase classname="backend.tests.test_iteration74_recurring_email.TestRecurringKPIs" name="test_mrr_calculation" time="0.520" /><testcase classname="backend.tests.test_iteration74_recurring_email.TestRecurringKPIs" name="test_arr_is_mrr_times_12" time="0.419" /><testcase classname="backend.tests.test_iteration74_recurring_email.TestRecurringKPIs" name="test_active_count_matches_templates" time="0.457" /></testsuite></testsuites>