<?xml version="1.0" encoding="utf-8"?><testsuites name="pytest tests"><testsuite name="pytest" errors="0" failures="0" skipped="0" tests="14" time="3.947" timestamp="2026-06-25T09:40:31.278607+00:00" hostname="agent-env-4a7f80d7-756c-4200-8991-71de3adaf3ec"><testcase classname="backend.tests.test_iteration171_ticket_console_change_customer.TestChangeCustomerValidation" name="test_change_customer_empty_client_id_returns_400" time="0.878" /><testcase classname="backend.tests.test_iteration171_ticket_console_change_customer.TestChangeCustomerValidation" name="test_change_customer_unknown_client_returns_404" time="0.090" /><testcase classname="backend.tests.test_iteration171_ticket_console_change_customer.TestChangeCustomerValidation" name="test_change_customer_unknown_ticket_returns_404" time="0.181" /><testcase classname="backend.tests.test_iteration171_ticket_console_change_customer.TestChangeCustomerValidation" name="test_change_customer_same_client_returns_no_change" time="0.076" /><testcase classname="backend.tests.test_iteration171_ticket_console_change_customer.TestChangeCustomerFlow" name="test_change_customer_success" time="0.380" /><testcase classname="backend.tests.test_iteration171_ticket_console_change_customer.TestCustomerHistory" name="test_get_customer_history" time="0.079" /><testcase classname="backend.tests.test_iteration171_ticket_console_change_customer.TestCustomerHistory" name="test_customer_history_unknown_ticket_returns_404" time="0.097" /><testcase classname="backend.tests.test_iteration171_ticket_console_change_customer.TestRevertCustomer" name="test_revert_customer_no_history_returns_400" time="0.293" /><testcase classname="backend.tests.test_iteration171_ticket_console_change_customer.TestRevertCustomer" name="test_revert_customer_success" time="0.319" /><testcase classname="backend.tests.test_iteration171_ticket_console_change_customer.TestRevertCustomer" name="test_revert_customer_unknown_ticket_returns_404" time="0.077" /><testcase classname="backend.tests.test_iteration171_ticket_console_change_customer.TestTicketStatusUpdate" name="test_update_ticket_status" time="0.277" /><testcase classname="backend.tests.test_iteration171_ticket_console_change_customer.TestTicketStatusUpdate" name="test_update_ticket_title" time="0.363" /><testcase classname="backend.tests.test_iteration171_ticket_console_change_customer.TestAuditCommentCreation" name="test_change_customer_creates_audit_comment" time="0.444" /><testcase classname="backend.tests.test_iteration171_ticket_console_change_customer.TestContactHandling" name="test_change_customer_clears_contact_when_not_provided" time="0.310" /></testsuite></testsuites>