<?xml version="1.0" encoding="utf-8"?><testsuites name="pytest tests"><testsuite name="pytest" errors="0" failures="0" skipped="0" tests="12" time="2.097" timestamp="2026-03-10T01:36:37.174062+00:00" hostname="agent-env-2254966a-8261-48a9-b8a8-3f4b4f6c82c4"><testcase classname="backend.tests.test_iteration11.TestStripeSettingsAPI" name="test_get_stripe_settings_returns_masked_key" time="0.575" /><testcase classname="backend.tests.test_iteration11.TestStripeSettingsAPI" name="test_put_stripe_settings_saves_key" time="0.193" /><testcase classname="backend.tests.test_iteration11.TestStripeSettingsAPI" name="test_put_stripe_settings_ignores_masked_key" time="0.112" /><testcase classname="backend.tests.test_iteration11.TestTicketsProgressBar" name="test_ticket_has_status_field" time="0.087" /><testcase classname="backend.tests.test_iteration11.TestTicketsProgressBar" name="test_ticket_status_update_for_progress_bar" time="0.238" /><testcase classname="backend.tests.test_iteration11.TestTicketsProgressBar" name="test_tickets_page_loads_all_tickets" time="0.100" /><testcase classname="backend.tests.test_iteration11.TestEnhancedTicketFields" name="test_create_ticket_with_enhanced_fields" time="0.246" /><testcase classname="backend.tests.test_iteration11.TestRegressionIter11" name="test_clients_endpoint" time="0.088" /><testcase classname="backend.tests.test_iteration11.TestRegressionIter11" name="test_users_endpoint" time="0.079" /><testcase classname="backend.tests.test_iteration11.TestRegressionIter11" name="test_ticket_note_counts" time="0.088" /><testcase classname="backend.tests.test_iteration11.TestRegressionIter11" name="test_xero_settings" time="0.077" /><testcase classname="backend.tests.test_iteration11.TestRegressionIter11" name="test_no_notes_threshold" time="0.115" /></testsuite></testsuites>