<?xml version="1.0" encoding="utf-8"?><testsuites name="pytest tests"><testsuite name="pytest" errors="0" failures="0" skipped="0" tests="10" time="4.876" timestamp="2026-04-16T10:25:07.283584+00:00" hostname="agent-env-4a7f80d7-756c-4200-8991-71de3adaf3ec"><testcase classname="backend.tests.test_iteration81_rustdesk_connect.TestRustDeskConfig" name="test_get_rustdesk_config" time="0.614" /><testcase classname="backend.tests.test_iteration81_rustdesk_connect.TestRustDeskConfig" name="test_save_rustdesk_config" time="0.429" /><testcase classname="backend.tests.test_iteration81_rustdesk_connect.TestRustDeskQuickConnect" name="test_quick_connect_returns_required_fields" time="0.527" /><testcase classname="backend.tests.test_iteration81_rustdesk_connect.TestRustDeskQuickConnect" name="test_quick_connect_connection_url_format" time="0.415" /><testcase classname="backend.tests.test_iteration81_rustdesk_connect.TestRustDeskQuickConnect" name="test_quick_connect_requires_rustdesk_id" time="0.480" /><testcase classname="backend.tests.test_iteration81_rustdesk_connect.TestRustDeskDeviceConnect" name="test_device_connect_returns_required_fields" time="0.443" /><testcase classname="backend.tests.test_iteration81_rustdesk_connect.TestRustDeskDeviceConnect" name="test_device_connect_connection_url_format" time="0.430" /><testcase classname="backend.tests.test_iteration81_rustdesk_connect.TestRustDeskDeviceConnect" name="test_device_connect_not_found" time="0.465" /><testcase classname="backend.tests.test_iteration81_rustdesk_connect.TestRustDeskAllDevices" name="test_get_all_devices" time="0.644" /><testcase classname="backend.tests.test_iteration81_rustdesk_connect.TestRemoteProviders" name="test_get_remote_providers_returns_7" time="0.360" /></testsuite></testsuites>