<?xml version="1.0" encoding="utf-8"?><testsuites name="pytest tests"><testsuite name="pytest" errors="0" failures="0" skipped="0" tests="21" time="14.453" timestamp="2026-03-09T14:03:39.232290+00:00" hostname="agent-env-2254966a-8261-48a9-b8a8-3f4b4f6c82c4"><testcase classname="backend.tests.test_iteration7_products_po.TestTechniciansRouting" name="test_technicians_overview_returns_array" time="1.302" /><testcase classname="backend.tests.test_iteration7_products_po.TestTechniciansRouting" name="test_technicians_overview_has_stats" time="0.539" /><testcase classname="backend.tests.test_iteration7_products_po.TestTechniciansRouting" name="test_technician_dashboard" time="0.860" /><testcase classname="backend.tests.test_iteration7_products_po.TestProductsAPI" name="test_get_products" time="1.115" /><testcase classname="backend.tests.test_iteration7_products_po.TestProductsAPI" name="test_get_product_categories" time="0.425" /><testcase classname="backend.tests.test_iteration7_products_po.TestProductsAPI" name="test_create_product" time="0.423" /><testcase classname="backend.tests.test_iteration7_products_po.TestProductsAPI" name="test_get_product_by_id" time="0.430" /><testcase classname="backend.tests.test_iteration7_products_po.TestProductsAPI" name="test_update_product" time="0.861" /><testcase classname="backend.tests.test_iteration7_products_po.TestProductsAPI" name="test_search_products" time="0.419" /><testcase classname="backend.tests.test_iteration7_products_po.TestProductsAPI" name="test_filter_products_by_category" time="0.417" /><testcase classname="backend.tests.test_iteration7_products_po.TestProductsAPI" name="test_delete_product" time="0.837" /><testcase classname="backend.tests.test_iteration7_products_po.TestPurchaseOrdersAPI" name="test_get_purchase_orders_stats" time="1.050" /><testcase classname="backend.tests.test_iteration7_products_po.TestPurchaseOrdersAPI" name="test_get_purchase_orders" time="0.397" /><testcase classname="backend.tests.test_iteration7_products_po.TestPurchaseOrdersAPI" name="test_create_purchase_order_with_line_items" time="0.929" /><testcase classname="backend.tests.test_iteration7_products_po.TestPurchaseOrdersAPI" name="test_get_purchase_order_by_id" time="0.421" /><testcase classname="backend.tests.test_iteration7_products_po.TestPurchaseOrdersAPI" name="test_update_purchase_order_status_draft_to_submitted" time="0.876" /><testcase classname="backend.tests.test_iteration7_products_po.TestPurchaseOrdersAPI" name="test_update_purchase_order_status_submitted_to_received" time="0.872" /><testcase classname="backend.tests.test_iteration7_products_po.TestPurchaseOrdersAPI" name="test_search_purchase_orders" time="0.431" /><testcase classname="backend.tests.test_iteration7_products_po.TestPurchaseOrdersAPI" name="test_filter_purchase_orders_by_status" time="0.417" /><testcase classname="backend.tests.test_iteration7_products_po.TestPurchaseOrdersAPI" name="test_delete_purchase_order" time="0.842" /><testcase classname="backend.tests.test_iteration7_products_po.TestPurchaseOrdersAPI" name="test_cleanup_test_product" time="0.457" /></testsuite></testsuites>