<?xml version="1.0" encoding="utf-8"?><testsuites name="pytest tests"><testsuite name="pytest" errors="0" failures="0" skipped="0" tests="12" time="4.559" timestamp="2026-04-16T11:28:24.131754+00:00" hostname="agent-env-4a7f80d7-756c-4200-8991-71de3adaf3ec"><testcase classname="backend.tests.test_iteration83_theme_gradient_removal.TestGradientMSPRemoval" name="test_gradient_api_endpoint_not_found" time="0.128" /><testcase classname="backend.tests.test_iteration83_theme_gradient_removal.TestGradientMSPRemoval" name="test_gradient_list_endpoint_not_found" time="0.091" /><testcase classname="backend.tests.test_iteration83_theme_gradient_removal.TestAuthAndBasicAPIs" name="test_login_success" time="0.323" /><testcase classname="backend.tests.test_iteration83_theme_gradient_removal.TestAuthAndBasicAPIs" name="test_auth_me_endpoint" time="0.411" /><testcase classname="backend.tests.test_iteration83_theme_gradient_removal.TestPaymentLinksStillWork" name="test_payment_links_list" time="0.412" /><testcase classname="backend.tests.test_iteration83_theme_gradient_removal.TestPaymentLinksStillWork" name="test_payment_links_create" time="0.527" /><testcase classname="backend.tests.test_iteration83_theme_gradient_removal.TestRemoteAccessStillWorks" name="test_remote_status" time="0.442" /><testcase classname="backend.tests.test_iteration83_theme_gradient_removal.TestRemoteAccessStillWorks" name="test_remote_sessions" time="0.429" /><testcase classname="backend.tests.test_iteration83_theme_gradient_removal.TestUserSettingsForTheme" name="test_user_settings_display" time="0.422" /><testcase classname="backend.tests.test_iteration83_theme_gradient_removal.TestUserSettingsForTheme" name="test_user_settings_profile" time="0.398" /><testcase classname="backend.tests.test_iteration83_theme_gradient_removal.TestDashboardStillWorks" name="test_dashboard_stats" time="0.446" /><testcase classname="backend.tests.test_iteration83_theme_gradient_removal.TestDashboardStillWorks" name="test_dashboard_enhanced_stats" time="0.468" /></testsuite></testsuites>