<?xml version="1.0" encoding="utf-8"?><testsuites name="pytest tests"><testsuite name="pytest" errors="0" failures="0" skipped="0" tests="22" time="3.766" timestamp="2026-03-07T13:13:50.525847+00:00" hostname="agent-env-aa5dda43-1fa3-4a98-a6dd-38832e8f89d0"><testcase classname="backend.tests.test_new_features.TestAuthentication" name="test_login_success" time="0.337" /><testcase classname="backend.tests.test_new_features.TestAuthentication" name="test_login_invalid_credentials" time="0.088" /><testcase classname="backend.tests.test_new_features.TestLeadsCRM" name="test_get_leads" time="0.402" /><testcase classname="backend.tests.test_new_features.TestLeadsCRM" name="test_create_lead" time="0.092" /><testcase classname="backend.tests.test_new_features.TestLeadsCRM" name="test_get_lead_by_id" time="0.161" /><testcase classname="backend.tests.test_new_features.TestLeadsCRM" name="test_update_lead" time="0.259" /><testcase classname="backend.tests.test_new_features.TestLeadsCRM" name="test_delete_lead" time="0.360" /><testcase classname="backend.tests.test_new_features.TestLeadsCRM" name="test_crm_dashboard" time="0.085" /><testcase classname="backend.tests.test_new_features.TestAcronis" name="test_acronis_status" time="0.079" /><testcase classname="backend.tests.test_new_features.TestAcronis" name="test_get_acronis_subscriptions" time="0.086" /><testcase classname="backend.tests.test_new_features.TestAcronis" name="test_acronis_dashboard" time="0.080" /><testcase classname="backend.tests.test_new_features.TestAcronis" name="test_create_acronis_subscription" time="0.168" /><testcase classname="backend.tests.test_new_features.TestOffice365Email" name="test_office365_status" time="0.075" /><testcase classname="backend.tests.test_new_features.TestOffice365Email" name="test_get_emails" time="0.079" /><testcase classname="backend.tests.test_new_features.TestOffice365Email" name="test_create_email_draft" time="0.098" /><testcase classname="backend.tests.test_new_features.TestDeviceChat" name="test_get_device_chat" time="0.289" /><testcase classname="backend.tests.test_new_features.TestDeviceChat" name="test_send_device_chat_message" time="0.155" /><testcase classname="backend.tests.test_new_features.TestRemoteAccess" name="test_remote_status" time="0.095" /><testcase classname="backend.tests.test_new_features.TestRemoteAccess" name="test_get_remote_agents" time="0.089" /><testcase classname="backend.tests.test_new_features.TestRemoteAccess" name="test_get_remote_sessions" time="0.098" /><testcase classname="backend.tests.test_new_features.TestDashboard" name="test_dashboard_stats" time="0.083" /><testcase classname="backend.tests.test_new_features.TestCleanup" name="test_cleanup_test_leads" time="0.346" /></testsuite></testsuites>