<?xml version="1.0" encoding="utf-8"?><testsuites name="pytest tests"><testsuite name="pytest" errors="0" failures="0" skipped="0" tests="25" time="19.210" timestamp="2026-03-13T01:01:12.698367+00:00" hostname="agent-env-8017133e-ae14-45a5-821e-6b1beef248b2"><testcase classname="tests.test_iteration20_new_features.TestRentalDevices" name="test_get_yealink_models" time="1.225" /><testcase classname="tests.test_iteration20_new_features.TestRentalDevices" name="test_get_rental_devices" time="0.443" /><testcase classname="tests.test_iteration20_new_features.TestRentalDevices" name="test_create_rental_device" time="0.409" /><testcase classname="tests.test_iteration20_new_features.TestRentalDevices" name="test_update_rental_device" time="0.892" /><testcase classname="tests.test_iteration20_new_features.TestRentalAgreements" name="test_get_rental_stats" time="1.378" /><testcase classname="tests.test_iteration20_new_features.TestRentalAgreements" name="test_get_rentals" time="0.402" /><testcase classname="tests.test_iteration20_new_features.TestRentalAgreements" name="test_get_rental_by_id" time="0.820" /><testcase classname="tests.test_iteration20_new_features.TestVendors" name="test_get_vendors" time="1.014" /><testcase classname="tests.test_iteration20_new_features.TestVendors" name="test_create_vendor" time="0.408" /><testcase classname="tests.test_iteration20_new_features.TestVendors" name="test_get_vendor_detail" time="0.793" /><testcase classname="tests.test_iteration20_new_features.TestVendors" name="test_update_vendor" time="0.803" /><testcase classname="tests.test_iteration20_new_features.TestVendors" name="test_vendors_category_filter" time="0.438" /><testcase classname="tests.test_iteration20_new_features.TestTicketCategories" name="test_get_active_ticket_categories" time="1.051" /><testcase classname="tests.test_iteration20_new_features.TestTicketCategories" name="test_get_all_ticket_categories" time="0.439" /><testcase classname="tests.test_iteration20_new_features.TestTicketCategories" name="test_default_categories_exist" time="0.420" /><testcase classname="tests.test_iteration20_new_features.TestTicketCategories" name="test_create_ticket_category" time="0.405" /><testcase classname="tests.test_iteration20_new_features.TestTicketCategories" name="test_add_issue_type_to_category" time="0.802" /><testcase classname="tests.test_iteration20_new_features.TestTicketCategories" name="test_issue_type_priorities" time="0.399" /><testcase classname="tests.test_iteration20_new_features.TestNetworkingDashboard" name="test_get_networking_dashboard" time="1.024" /><testcase classname="tests.test_iteration20_new_features.TestNetworkingDashboard" name="test_site_bandwidth_data" time="0.408" /><testcase classname="tests.test_iteration20_new_features.TestNetworkingDashboard" name="test_networking_stats" time="0.432" /><testcase classname="tests.test_iteration20_new_features.TestNetworkingDashboard" name="test_networking_sites_list" time="0.411" /><testcase classname="tests.test_iteration20_new_features.TestIntegration" name="test_rentals_page_data_flow" time="3.052" /><testcase classname="tests.test_iteration20_new_features.TestIntegration" name="test_vendors_page_data_flow" time="0.800" /><testcase classname="tests.test_iteration20_new_features.TestIntegration" name="test_ticket_settings_page_data_flow" time="0.408" /></testsuite></testsuites>