<?xml version="1.0" encoding="utf-8"?><testsuites name="pytest tests"><testsuite name="pytest" errors="0" failures="0" skipped="0" tests="17" time="6.269" timestamp="2026-04-18T01:52:55.814170+00:00" hostname="agent-env-4a7f80d7-756c-4200-8991-71de3adaf3ec"><testcase classname="tests.test_iteration98_portal_merge.TestPortalTokenAuth" name="test_token_auth_missing_token" time="0.268" /><testcase classname="tests.test_iteration98_portal_merge.TestPortalTokenAuth" name="test_token_auth_invalid_token" time="0.092" /><testcase classname="tests.test_iteration98_portal_merge.TestPortalLogin" name="test_login_success" time="0.439" /><testcase classname="tests.test_iteration98_portal_merge.TestPortalLogin" name="test_login_invalid_credentials" time="0.303" /><testcase classname="tests.test_iteration98_portal_merge.TestPortalLogin" name="test_login_missing_fields" time="0.076" /><testcase classname="tests.test_iteration98_portal_merge.TestPortalInvoices" name="test_invoices_list" time="0.433" /><testcase classname="tests.test_iteration98_portal_merge.TestPortalInvoices" name="test_invoices_list_unauthorized" time="0.078" /><testcase classname="tests.test_iteration98_portal_merge.TestPortalInvoices" name="test_invoice_detail" time="0.466" /><testcase classname="tests.test_iteration98_portal_merge.TestPortalInvoices" name="test_invoice_detail_not_found" time="0.418" /><testcase classname="tests.test_iteration98_portal_merge.TestPortalInvoices" name="test_pay_invoice_demo_mode" time="0.479" /><testcase classname="tests.test_iteration98_portal_merge.TestPortalInvoices" name="test_pay_invoice_not_found" time="0.386" /><testcase classname="tests.test_iteration98_portal_merge.TestPortalTicketMessaging" name="test_tickets_list" time="0.395" /><testcase classname="tests.test_iteration98_portal_merge.TestPortalTicketMessaging" name="test_ticket_detail_with_messages" time="0.629" /><testcase classname="tests.test_iteration98_portal_merge.TestPortalTicketMessaging" name="test_add_ticket_message" time="0.492" /><testcase classname="tests.test_iteration98_portal_merge.TestPortalKnowledgeBase" name="test_kb_list" time="0.405" /><testcase classname="tests.test_iteration98_portal_merge.TestPortalDashboard" name="test_dashboard_stats" time="0.423" /><testcase classname="tests.test_iteration98_portal_merge.TestPortalDashboard" name="test_profile_me" time="0.410" /></testsuite></testsuites>