<?xml version="1.0" encoding="utf-8"?><testsuites name="pytest tests"><testsuite name="pytest" errors="0" failures="0" skipped="0" tests="34" time="22.339" timestamp="2026-04-30T13:04:26.778704+00:00" hostname="agent-env-4a7f80d7-756c-4200-8991-71de3adaf3ec"><testcase classname="backend.tests.test_iteration127_trmm_broadcast.TestTrmmBroadcastAuth" name="test_broadcast_requires_auth" time="0.165" /><testcase classname="backend.tests.test_iteration127_trmm_broadcast.TestTrmmBroadcastAuth" name="test_broadcast_status_requires_auth" time="0.096" /><testcase classname="backend.tests.test_iteration127_trmm_broadcast.TestTrmmBroadcastAuth" name="test_broadcasts_list_requires_auth" time="0.089" /><testcase classname="backend.tests.test_iteration127_trmm_broadcast.TestTrmmBroadcastValidation" name="test_broadcast_returns_503_when_trmm_not_configured" time="0.482" /><testcase classname="backend.tests.test_iteration127_trmm_broadcast.TestTrmmBroadcastValidation" name="test_broadcast_returns_400_when_agent_ids_missing" time="0.673" /><testcase classname="backend.tests.test_iteration127_trmm_broadcast.TestTrmmBroadcastValidation" name="test_broadcast_returns_400_when_command_and_script_id_missing" time="0.615" /><testcase classname="backend.tests.test_iteration127_trmm_broadcast.TestTrmmBroadcastValidation" name="test_broadcast_returns_400_when_too_many_agents" time="0.635" /><testcase classname="backend.tests.test_iteration127_trmm_broadcast.TestTrmmBroadcastExecution" name="test_broadcast_with_valid_payload_returns_success" time="0.554" /><testcase classname="backend.tests.test_iteration127_trmm_broadcast.TestTrmmBroadcastExecution" name="test_broadcast_with_script_id_returns_success" time="0.547" /><testcase classname="backend.tests.test_iteration127_trmm_broadcast.TestTrmmBroadcastExecution" name="test_broadcast_status_returns_full_doc_with_agents_array" time="0.598" /><testcase classname="backend.tests.test_iteration127_trmm_broadcast.TestTrmmBroadcastExecution" name="test_broadcast_status_returns_404_for_bogus_id" time="0.497" /><testcase classname="backend.tests.test_iteration127_trmm_broadcast.TestTrmmBroadcastExecution" name="test_broadcasts_list_returns_recent_broadcasts" time="0.756" /><testcase classname="backend.tests.test_iteration127_trmm_broadcast.TestTrmmBroadcastExecution" name="test_broadcasts_list_respects_limit" time="0.531" /><testcase classname="backend.tests.test_iteration127_trmm_broadcast.TestTrmmBroadcastExecution" name="test_broadcast_completes_with_error_status_for_fake_trmm" time="1.542" /><testcase classname="backend.tests.test_iteration127_trmm_broadcast.TestTrmmBroadcastExecution" name="test_broadcast_creates_trmm_runs_per_agent" time="5.726" /><testcase classname="backend.tests.test_iteration127_trmm_broadcast.TestTrmmBroadcastExecution" name="test_concurrency_clamped_to_20" time="0.638" /><testcase classname="backend.tests.test_iteration127_trmm_broadcast.TestTrmmBroadcastRegression" name="test_regression_trmm_settings_get" time="0.465" /><testcase classname="backend.tests.test_iteration127_trmm_broadcast.TestTrmmBroadcastRegression" name="test_regression_trmm_status" time="0.456" /><testcase classname="backend.tests.test_iteration127_trmm_broadcast.TestTrmmBroadcastRegression" name="test_regression_trmm_summary" time="0.412" /><testcase classname="backend.tests.test_iteration127_trmm_broadcast.TestTrmmBroadcastRegression" name="test_regression_trmm_test" time="0.479" /><testcase classname="backend.tests.test_iteration127_trmm_broadcast.TestTrmmBroadcastRegression" name="test_regression_trmm_agents_503_when_not_configured" time="0.472" /><testcase classname="backend.tests.test_iteration127_trmm_broadcast.TestTrmmBroadcastRegression" name="test_regression_trmm_clients_503_when_not_configured" time="0.419" /><testcase classname="backend.tests.test_iteration127_trmm_broadcast.TestTrmmBroadcastRegression" name="test_regression_auto_link_503_when_not_configured" time="0.443" /><testcase classname="backend.tests.test_iteration127_trmm_broadcast.TestTrmmBroadcastRegression" name="test_regression_linked_devices" time="0.439" /><testcase classname="backend.tests.test_iteration127_trmm_broadcast.TestTrmmBroadcastRegression" name="test_regression_remote_url_graceful_when_not_configured" time="0.421" /><testcase classname="backend.tests.test_iteration127_trmm_broadcast.TestTrmmBroadcastRegression" name="test_regression_remote_providers_active" time="0.431" /><testcase classname="backend.tests.test_iteration127_trmm_broadcast.TestTrmmBroadcastRegression" name="test_regression_scripts_503_when_not_configured" time="0.491" /><testcase classname="backend.tests.test_iteration127_trmm_broadcast.TestTrmmBroadcastRegression" name="test_regression_favorites_mine" time="0.473" /><testcase classname="backend.tests.test_iteration127_trmm_broadcast.TestTrmmBroadcastRegression" name="test_regression_services_graceful_when_not_configured" time="0.427" /><testcase classname="backend.tests.test_iteration127_trmm_broadcast.TestTrmmBroadcastRegression" name="test_regression_processes_graceful_when_not_configured" time="0.416" /><testcase classname="backend.tests.test_iteration127_trmm_broadcast.TestTrmmBroadcastRegression" name="test_regression_software_graceful_when_not_configured" time="0.465" /><testcase classname="backend.tests.test_iteration127_trmm_broadcast.TestTrmmBroadcastRegression" name="test_regression_winupdates_graceful_when_not_configured" time="0.432" /><testcase classname="backend.tests.test_iteration127_trmm_broadcast.TestTrmmBroadcastRegression" name="test_regression_run_detail_404_for_bogus" time="0.472" /><testcase classname="backend.tests.test_iteration127_trmm_broadcast.TestTrmmBroadcastRegression" name="test_regression_actions_log" time="0.463" /></testsuite></testsuites>