<?xml version="1.0" encoding="utf-8"?><testsuites name="pytest tests"><testsuite name="pytest" errors="0" failures="0" skipped="0" tests="14" time="2.318" timestamp="2026-03-10T01:07:52.507760+00:00" hostname="agent-env-2254966a-8261-48a9-b8a8-3f4b4f6c82c4"><testcase classname="backend.tests.test_iteration10.TestIteration10" name="test_tickets_note_counts_returns_200" time="0.607" /><testcase classname="backend.tests.test_iteration10.TestIteration10" name="test_tickets_note_counts_returns_dict" time="0.082" /><testcase classname="backend.tests.test_iteration10.TestIteration10" name="test_tickets_list_returns_200" time="0.098" /><testcase classname="backend.tests.test_iteration10.TestIteration10" name="test_create_ticket_with_enhanced_fields" time="0.274" /><testcase classname="backend.tests.test_iteration10.TestIteration10" name="test_create_ticket_minimal_fields" time="0.174" /><testcase classname="backend.tests.test_iteration10.TestIteration10" name="test_invoices_list_returns_200" time="0.089" /><testcase classname="backend.tests.test_iteration10.TestIteration10" name="test_invoices_stats_summary" time="0.092" /><testcase classname="backend.tests.test_iteration10.TestIteration10" name="test_create_invoice_with_recurring_fields" time="0.167" /><testcase classname="backend.tests.test_iteration10.TestIteration10" name="test_create_invoice_non_recurring" time="0.157" /><testcase classname="backend.tests.test_iteration10.TestIteration10" name="test_clients_list" time="0.083" /><testcase classname="backend.tests.test_iteration10.TestIteration10" name="test_users_list" time="0.102" /><testcase classname="backend.tests.test_iteration10.TestIteration10" name="test_canned_responses_list" time="0.107" /><testcase classname="backend.tests.test_iteration10.TestIteration10" name="test_dashboard_stats" time="0.095" /><testcase classname="backend.tests.test_iteration10.TestIteration10" name="test_settings_no_notes_threshold" time="0.089" /></testsuite></testsuites>