<?xml version="1.0" encoding="utf-8"?><testsuites name="pytest tests"><testsuite name="pytest" errors="0" failures="0" skipped="0" tests="16" time="20.149" timestamp="2026-04-23T08:13:06.164193+00:00" hostname="agent-env-4a7f80d7-756c-4200-8991-71de3adaf3ec"><testcase classname="backend.tests.test_iteration114_huntress_ui.TestHuntressActionsEndpoint" name="test_get_huntress_actions_returns_200" time="0.624" /><testcase classname="backend.tests.test_iteration114_huntress_ui.TestHuntressActionsEndpoint" name="test_get_huntress_actions_returns_list" time="0.421" /><testcase classname="backend.tests.test_iteration114_huntress_ui.TestHuntressActionsEndpoint" name="test_get_huntress_actions_with_limit" time="0.520" /><testcase classname="backend.tests.test_iteration114_huntress_ui.TestHuntressActionsEndpoint" name="test_get_huntress_actions_row_structure" time="0.420" /><testcase classname="backend.tests.test_iteration114_huntress_ui.TestHuntressActionsEndpoint" name="test_get_huntress_actions_sorted_desc" time="0.425" /><testcase classname="backend.tests.test_iteration114_huntress_ui.TestHuntressActionsEndpoint" name="test_get_huntress_actions_requires_auth" time="0.406" /><testcase classname="backend.tests.test_iteration114_huntress_ui.TestHuntressStatusEndpoint" name="test_get_huntress_status_returns_200" time="0.390" /><testcase classname="backend.tests.test_iteration114_huntress_ui.TestHuntressStatusEndpoint" name="test_get_huntress_status_has_configured_field" time="0.416" /><testcase classname="backend.tests.test_iteration114_huntress_ui.TestIdentityThreatsEndpoint" name="test_get_identity_threats_returns_200" time="0.429" /><testcase classname="backend.tests.test_iteration114_huntress_ui.TestIdentityThreatsEndpoint" name="test_get_identity_threats_has_threats_list" time="0.403" /><testcase classname="backend.tests.test_iteration114_huntress_ui.TestIdentityThreatsEndpoint" name="test_get_identity_threats_has_summary" time="0.423" /><testcase classname="backend.tests.test_iteration114_huntress_ui.TestHuntressIncidentReportsEndpoint" name="test_get_incident_reports_returns_200_or_503" time="1.800" /><testcase classname="backend.tests.test_iteration114_huntress_ui.TestHuntressIncidentReportsEndpoint" name="test_get_incident_reports_with_limit" time="1.260" /><testcase classname="backend.tests.test_iteration114_huntress_ui.TestRegressionHuntressSummary" name="test_get_huntress_summary_returns_200" time="5.641" /><testcase classname="backend.tests.test_iteration114_huntress_ui.TestRegressionHuntressSummary" name="test_get_huntress_summary_has_configured_field" time="6.065" /><testcase classname="backend.tests.test_iteration114_huntress_ui.TestRegressionSOCDashboard" name="test_get_soc_dashboard_returns_200" time="0.432" /></testsuite></testsuites>