<?xml version="1.0" encoding="utf-8"?><testsuites name="pytest tests"><testsuite name="pytest" errors="0" failures="0" skipped="0" tests="17" time="3.364" timestamp="2026-04-16T12:14:12.020411+00:00" hostname="agent-env-4a7f80d7-756c-4200-8991-71de3adaf3ec"><testcase classname="tests.test_iteration85_device_agent_disks.TestAuthentication" name="test_login_success" time="0.381" /><testcase classname="tests.test_iteration85_device_agent_disks.TestDeviceDiskHealth" name="test_get_device_disks_dev001" time="0.397" /><testcase classname="tests.test_iteration85_device_agent_disks.TestDeviceDiskHealth" name="test_get_device_disks_dev005_warning_smart" time="0.116" /><testcase classname="tests.test_iteration85_device_agent_disks.TestDeviceDiskHealth" name="test_get_device_disks_dev003_multiple_disks" time="0.117" /><testcase classname="tests.test_iteration85_device_agent_disks.TestDeviceDiskHealth" name="test_get_device_disks_nonexistent_device" time="0.093" /><testcase classname="tests.test_iteration85_device_agent_disks.TestDeviceAgentScripts" name="test_get_windows_agent_script" time="0.420" /><testcase classname="tests.test_iteration85_device_agent_disks.TestDeviceAgentScripts" name="test_get_linux_agent_script" time="0.091" /><testcase classname="tests.test_iteration85_device_agent_disks.TestDeviceAgentScripts" name="test_get_agent_script_nonexistent_device" time="0.085" /><testcase classname="tests.test_iteration85_device_agent_disks.TestAgentReport" name="test_agent_report_success" time="0.111" /><testcase classname="tests.test_iteration85_device_agent_disks.TestAgentReport" name="test_agent_report_missing_device_id" time="0.140" /><testcase classname="tests.test_iteration85_device_agent_disks.TestAgentReport" name="test_agent_report_nonexistent_device" time="0.085" /><testcase classname="tests.test_iteration85_device_agent_disks.TestRustDeskIntegration" name="test_device_with_rustdesk_id" time="0.408" /><testcase classname="tests.test_iteration85_device_agent_disks.TestRustDeskIntegration" name="test_device_without_rustdesk_id" time="0.089" /><testcase classname="tests.test_iteration85_device_agent_disks.TestRustDeskIntegration" name="test_quick_connect_with_rustdesk_id" time="0.129" /><testcase classname="tests.test_iteration85_device_agent_disks.TestDeviceStatusRemoteAccess" name="test_online_device_status" time="0.441" /><testcase classname="tests.test_iteration85_device_agent_disks.TestDeviceStatusRemoteAccess" name="test_warning_device_status" time="0.102" /><testcase classname="tests.test_iteration85_device_agent_disks.TestDeviceStatusRemoteAccess" name="test_offline_device_status" time="0.102" /></testsuite></testsuites>