<?xml version="1.0" encoding="utf-8"?><testsuites name="pytest tests"><testsuite name="pytest" errors="0" failures="0" skipped="0" tests="32" time="5.199" timestamp="2026-04-23T13:09:41.173678+00:00" hostname="agent-env-4a7f80d7-756c-4200-8991-71de3adaf3ec"><testcase classname="backend.tests.test_iteration120_unifi_integration.TestUnifiStatusInitial" name="test_unifi_status_returns_not_configured_initially" time="0.627" /><testcase classname="backend.tests.test_iteration120_unifi_integration.TestUnifiStatusInitial" name="test_unifi_settings_alias_of_status" time="0.086" /><testcase classname="backend.tests.test_iteration120_unifi_integration.TestUnifiSettingsSaveAndDelete" name="test_save_unifi_settings_success" time="0.080" /><testcase classname="backend.tests.test_iteration120_unifi_integration.TestUnifiSettingsSaveAndDelete" name="test_status_after_save_shows_configured" time="0.085" /><testcase classname="backend.tests.test_iteration120_unifi_integration.TestUnifiSettingsSaveAndDelete" name="test_save_without_api_key_fails" time="0.092" /><testcase classname="backend.tests.test_iteration120_unifi_integration.TestUnifiSettingsSaveAndDelete" name="test_delete_unifi_settings" time="0.089" /><testcase classname="backend.tests.test_iteration120_unifi_integration.TestUnifiSettingsSaveAndDelete" name="test_status_after_delete_shows_not_configured" time="0.097" /><testcase classname="backend.tests.test_iteration120_unifi_integration.TestUnifiTestConnection" name="test_test_connection_not_configured" time="0.168" /><testcase classname="backend.tests.test_iteration120_unifi_integration.TestUnifiTestConnection" name="test_test_connection_with_fake_key_fails" time="0.795" /><testcase classname="backend.tests.test_iteration120_unifi_integration.TestUnifiDataEndpointsNotConfigured" name="test_sites_returns_503_when_not_configured" time="0.276" /><testcase classname="backend.tests.test_iteration120_unifi_integration.TestUnifiDataEndpointsNotConfigured" name="test_hosts_returns_503_when_not_configured" time="0.101" /><testcase classname="backend.tests.test_iteration120_unifi_integration.TestUnifiDataEndpointsNotConfigured" name="test_site_devices_returns_503_when_not_configured" time="0.105" /><testcase classname="backend.tests.test_iteration120_unifi_integration.TestUnifiDataEndpointsNotConfigured" name="test_site_clients_returns_503_when_not_configured" time="0.091" /><testcase classname="backend.tests.test_iteration120_unifi_integration.TestUnifiDataEndpointsNotConfigured" name="test_site_alerts_returns_503_when_not_configured" time="0.100" /><testcase classname="backend.tests.test_iteration120_unifi_integration.TestUnifiDataEndpointsNotConfigured" name="test_site_networks_returns_503_when_not_configured" time="0.270" /><testcase classname="backend.tests.test_iteration120_unifi_integration.TestUnifiDataEndpointsNotConfigured" name="test_site_events_returns_503_when_not_configured" time="0.103" /><testcase classname="backend.tests.test_iteration120_unifi_integration.TestUnifiSummaryNotConfigured" name="test_summary_returns_not_configured_message" time="0.228" /><testcase classname="backend.tests.test_iteration120_unifi_integration.TestUnifiLinkedClients" name="test_linked_clients_returns_empty_array_initially" time="0.129" /><testcase classname="backend.tests.test_iteration120_unifi_integration.TestUnifiLinkClientSite" name="test_link_unifi_site_to_client" time="0.094" /><testcase classname="backend.tests.test_iteration120_unifi_integration.TestUnifiLinkClientSite" name="test_client_has_unifi_integration_flag" time="0.117" /><testcase classname="backend.tests.test_iteration120_unifi_integration.TestUnifiLinkClientSite" name="test_linked_clients_includes_newly_linked" time="0.115" /><testcase classname="backend.tests.test_iteration120_unifi_integration.TestUnifiLinkClientSite" name="test_unlink_unifi_site_from_client" time="0.118" /><testcase classname="backend.tests.test_iteration120_unifi_integration.TestUnifiLinkClientSite" name="test_client_unifi_flag_false_after_unlink" time="0.089" /><testcase classname="backend.tests.test_iteration120_unifi_integration.TestUnifiLinkClientSite" name="test_link_requires_site_id" time="0.096" /><testcase classname="backend.tests.test_iteration120_unifi_integration.TestUnifiLinkClientSite" name="test_link_nonexistent_client_returns_404" time="0.101" /><testcase classname="backend.tests.test_iteration120_unifi_integration.TestUnifiAuthRequired" name="test_status_requires_auth" time="0.165" /><testcase classname="backend.tests.test_iteration120_unifi_integration.TestUnifiAuthRequired" name="test_settings_post_requires_auth" time="0.089" /><testcase classname="backend.tests.test_iteration120_unifi_integration.TestUnifiAuthRequired" name="test_test_requires_auth" time="0.112" /><testcase classname="backend.tests.test_iteration120_unifi_integration.TestUnifiAuthRequired" name="test_summary_requires_auth" time="0.085" /><testcase classname="backend.tests.test_iteration120_unifi_integration.TestUnifiAuthRequired" name="test_linked_clients_requires_auth" time="0.091" /><testcase classname="backend.tests.test_iteration120_unifi_integration.TestCleanup" name="test_cleanup_unifi_settings" time="0.081" /><testcase classname="backend.tests.test_iteration120_unifi_integration.TestCleanup" name="test_cleanup_client_unifi_link" time="0.229" /></testsuite></testsuites>