<?xml version="1.0" encoding="utf-8"?><testsuites name="pytest tests"><testsuite name="pytest" errors="0" failures="0" skipped="0" tests="19" time="8.053" timestamp="2026-04-09T12:29:08.997551+00:00" hostname="agent-env-4a7f80d7-756c-4200-8991-71de3adaf3ec"><testcase classname="backend.tests.test_iteration68_settings_email_to_ticket.TestAuth" name="test_login_success" time="0.377" /><testcase classname="backend.tests.test_iteration68_settings_email_to_ticket.TestSettingsEndpoints" name="test_get_job_numbering" time="0.399" /><testcase classname="backend.tests.test_iteration68_settings_email_to_ticket.TestSettingsEndpoints" name="test_put_job_numbering" time="0.432" /><testcase classname="backend.tests.test_iteration68_settings_email_to_ticket.TestSettingsEndpoints" name="test_get_ai_config" time="0.404" /><testcase classname="backend.tests.test_iteration68_settings_email_to_ticket.TestSettingsEndpoints" name="test_put_ai_config" time="0.396" /><testcase classname="backend.tests.test_iteration68_settings_email_to_ticket.TestSettingsEndpoints" name="test_get_no_notes_threshold" time="0.387" /><testcase classname="backend.tests.test_iteration68_settings_email_to_ticket.TestSettingsEndpoints" name="test_put_no_notes_threshold" time="0.415" /><testcase classname="backend.tests.test_iteration68_settings_email_to_ticket.TestSettingsEndpoints" name="test_get_microsoft_sso" time="0.408" /><testcase classname="backend.tests.test_iteration68_settings_email_to_ticket.TestSettingsEndpoints" name="test_get_xero_settings" time="0.390" /><testcase classname="backend.tests.test_iteration68_settings_email_to_ticket.TestSettingsEndpoints" name="test_get_stripe_settings" time="0.394" /><testcase classname="backend.tests.test_iteration68_settings_email_to_ticket.TestSettingsEndpoints" name="test_get_suped_settings" time="0.390" /><testcase classname="backend.tests.test_iteration68_settings_email_to_ticket.TestSettingsEndpoints" name="test_get_splynx_settings" time="0.411" /><testcase classname="backend.tests.test_iteration68_settings_email_to_ticket.TestSettingsEndpoints" name="test_get_hudu_settings" time="0.397" /><testcase classname="backend.tests.test_iteration68_settings_email_to_ticket.TestO365MailboxAndEmailToTicket" name="test_get_o365_mailbox_settings" time="0.418" /><testcase classname="backend.tests.test_iteration68_settings_email_to_ticket.TestO365MailboxAndEmailToTicket" name="test_get_email_leads" time="0.409" /><testcase classname="backend.tests.test_iteration68_settings_email_to_ticket.TestO365MailboxAndEmailToTicket" name="test_incoming_email_creates_lead_for_unknown_sender" time="0.423" /><testcase classname="backend.tests.test_iteration68_settings_email_to_ticket.TestO365MailboxAndEmailToTicket" name="test_email_to_ticket_for_known_client" time="0.749" /><testcase classname="backend.tests.test_iteration68_settings_email_to_ticket.TestO365MailboxAndEmailToTicket" name="test_incoming_email_missing_from_address" time="0.370" /><testcase classname="backend.tests.test_iteration68_settings_email_to_ticket.TestSyncroSettings" name="test_get_syncro_settings" time="0.425" /></testsuite></testsuites>