<?xml version="1.0" encoding="utf-8"?><testsuites name="pytest tests"><testsuite name="pytest" errors="0" failures="0" skipped="0" tests="29" time="11.305" timestamp="2026-05-03T12:41:06.782376+00:00" hostname="agent-env-4a7f80d7-756c-4200-8991-71de3adaf3ec"><testcase classname="backend.tests.test_iteration147_trmm_reliability.TestTrmmSyncStatus" name="test_sync_status_returns_expected_shape" time="0.501" /><testcase classname="backend.tests.test_iteration147_trmm_reliability.TestTrmmSyncRun" name="test_manual_sync_returns_results" time="0.489" /><testcase classname="backend.tests.test_iteration147_trmm_reliability.TestTrmmSyncRun" name="test_sync_updates_status" time="0.308" /><testcase classname="backend.tests.test_iteration147_trmm_reliability.TestStaleAgents" name="test_stale_agents_returns_expected_shape" time="0.450" /><testcase classname="backend.tests.test_iteration147_trmm_reliability.TestStaleAgents" name="test_stale_agents_custom_days" time="0.125" /><testcase classname="backend.tests.test_iteration147_trmm_reliability.TestOutages" name="test_get_outages_returns_expected_shape" time="0.448" /><testcase classname="backend.tests.test_iteration147_trmm_reliability.TestOutages" name="test_resolve_outage_404_on_missing" time="0.143" /><testcase classname="backend.tests.test_iteration147_trmm_reliability.TestOutages" name="test_resolve_existing_outage" time="0.209" /><testcase classname="backend.tests.test_iteration147_trmm_reliability.TestStateLog" name="test_state_log_returns_expected_shape" time="0.580" /><testcase classname="backend.tests.test_iteration147_trmm_reliability.TestClientHealth" name="test_client_health_returns_expected_shape" time="0.675" /><testcase classname="backend.tests.test_iteration147_trmm_reliability.TestClientHealth" name="test_client_health_badges_are_valid" time="0.093" /><testcase classname="backend.tests.test_iteration147_trmm_reliability.TestBulkAction" name="test_bulk_action_requires_device_ids" time="0.402" /><testcase classname="backend.tests.test_iteration147_trmm_reliability.TestBulkAction" name="test_bulk_action_validates_action_type" time="0.090" /><testcase classname="backend.tests.test_iteration147_trmm_reliability.TestBulkAction" name="test_bulk_action_reboot_demo_mode" time="0.117" /><testcase classname="backend.tests.test_iteration147_trmm_reliability.TestBulkAction" name="test_bulk_action_install_patches" time="0.115" /><testcase classname="backend.tests.test_iteration147_trmm_reliability.TestBulkAction" name="test_bulk_action_run_checks" time="0.106" /><testcase classname="backend.tests.test_iteration147_trmm_reliability.TestHelpArticles" name="test_help_articles_count" time="0.445" /><testcase classname="backend.tests.test_iteration147_trmm_reliability.TestHelpArticles" name="test_trmm_reliability_article_exists" time="0.128" /><testcase classname="backend.tests.test_iteration147_trmm_reliability.TestHelpArticles" name="test_outage_detective_article_exists" time="0.082" /><testcase classname="backend.tests.test_iteration147_trmm_reliability.TestHelpArticles" name="test_stale_agent_radar_article_exists" time="0.097" /><testcase classname="backend.tests.test_iteration147_trmm_reliability.TestHelpArticles" name="test_bulk_trmm_actions_article_exists" time="0.140" /><testcase classname="backend.tests.test_iteration147_trmm_reliability.TestRegressionEndpoints" name="test_devices_stats_summary" time="0.399" /><testcase classname="backend.tests.test_iteration147_trmm_reliability.TestRegressionEndpoints" name="test_devices_list" time="0.239" /><testcase classname="backend.tests.test_iteration147_trmm_reliability.TestRegressionEndpoints" name="test_clients_list" time="0.111" /><testcase classname="backend.tests.test_iteration147_trmm_reliability.TestRegressionEndpoints" name="test_change_freezes_list" time="0.118" /><testcase classname="backend.tests.test_iteration147_trmm_reliability.TestRegressionEndpoints" name="test_tactical_rmm_status" time="0.106" /><testcase classname="backend.tests.test_iteration147_trmm_reliability.TestRegressionEndpoints" name="test_finance_intel_endpoints" time="0.306" /><testcase classname="backend.tests.test_iteration147_trmm_reliability.TestDeviceStateLogWriting" name="test_sync_creates_state_log_entries" time="1.650" /><testcase classname="backend.tests.test_iteration147_trmm_reliability.TestOutageIdempotency" name="test_outages_are_idempotent" time="2.515" /></testsuite></testsuites>