<?xml version="1.0" encoding="utf-8"?><testsuites name="pytest tests"><testsuite name="pytest" errors="0" failures="0" skipped="0" tests="18" time="7.133" timestamp="2026-03-09T13:18:29.883504+00:00" hostname="agent-env-e9c176d1-e9a1-4837-8307-95309c96a5ae"><testcase classname="backend.tests.test_iteration6_ticket_client.TestTicketChildEndpoints" name="test_get_child_tickets" time="0.678" /><testcase classname="backend.tests.test_iteration6_ticket_client.TestTicketChildEndpoints" name="test_create_child_ticket" time="0.389" /><testcase classname="backend.tests.test_iteration6_ticket_client.TestTicketMergeEndpoint" name="test_merge_tickets" time="0.805" /><testcase classname="backend.tests.test_iteration6_ticket_client.TestTicketMergeEndpoint" name="test_merge_requires_merge_ids" time="0.178" /><testcase classname="backend.tests.test_iteration6_ticket_client.TestTicketTimeTracking" name="test_get_time_entries" time="0.521" /><testcase classname="backend.tests.test_iteration6_ticket_client.TestTicketTimeTracking" name="test_add_time_entry" time="0.273" /><testcase classname="backend.tests.test_iteration6_ticket_client.TestTicketAuditLog" name="test_get_audit_log" time="0.482" /><testcase classname="backend.tests.test_iteration6_ticket_client.TestCannedResponses" name="test_get_canned_responses" time="0.399" /><testcase classname="backend.tests.test_iteration6_ticket_client.TestCannedResponses" name="test_create_canned_response" time="0.106" /><testcase classname="backend.tests.test_iteration6_ticket_client.TestCannedResponses" name="test_delete_canned_response" time="0.169" /><testcase classname="backend.tests.test_iteration6_ticket_client.TestClientContacts" name="test_get_client_contacts" time="0.476" /><testcase classname="backend.tests.test_iteration6_ticket_client.TestClientContacts" name="test_add_client_contact" time="0.221" /><testcase classname="backend.tests.test_iteration6_ticket_client.TestClientContacts" name="test_delete_client_contact" time="0.281" /><testcase classname="backend.tests.test_iteration6_ticket_client.TestClientDetailView" name="test_get_client_detail" time="0.599" /><testcase classname="backend.tests.test_iteration6_ticket_client.TestTicketListFeatures" name="test_tickets_have_required_fields" time="0.392" /><testcase classname="backend.tests.test_iteration6_ticket_client.TestTicketListFeatures" name="test_child_ticket_has_parent_id" time="0.098" /><testcase classname="backend.tests.test_iteration6_ticket_client.TestClientListFeatures" name="test_clients_have_contacts_field" time="0.401" /><testcase classname="backend.tests.test_iteration6_ticket_client.TestTicketStatusUpdate" name="test_update_ticket_status" time="0.539" /></testsuite></testsuites>