<?xml version="1.0" encoding="utf-8"?><testsuites name="pytest tests"><testsuite name="pytest" errors="0" failures="0" skipped="0" tests="20" time="9.811" timestamp="2026-03-20T04:12:08.212396+00:00" hostname="agent-env-c2973b07-37fe-4df1-9b03-21bceb6b5f3f"><testcase classname="tests.test_iteration43_phase_c_features.TestApiRoot" name="test_api_root_operational" time="1.090" /><testcase classname="tests.test_iteration43_phase_c_features.TestDevicesEndpoint" name="test_get_devices_count" time="0.661" /><testcase classname="tests.test_iteration43_phase_c_features.TestDnsMonitor" name="test_get_domains" time="0.417" /><testcase classname="tests.test_iteration43_phase_c_features.TestDnsMonitor" name="test_get_dns_alerts" time="0.414" /><testcase classname="tests.test_iteration43_phase_c_features.TestDnsMonitor" name="test_acknowledge_alert" time="0.811" /><testcase classname="tests.test_iteration43_phase_c_features.TestPatchCompliance" name="test_get_overview" time="0.412" /><testcase classname="tests.test_iteration43_phase_c_features.TestPatchCompliance" name="test_get_rings" time="0.401" /><testcase classname="tests.test_iteration43_phase_c_features.TestClientPortal" name="test_get_config" time="0.416" /><testcase classname="tests.test_iteration43_phase_c_features.TestClientPortal" name="test_get_access_logs" time="0.414" /><testcase classname="tests.test_iteration43_phase_c_features.TestBackupDashboard" name="test_get_overview" time="0.432" /><testcase classname="tests.test_iteration43_phase_c_features.TestBackupDashboard" name="test_get_by_client" time="0.399" /><testcase classname="tests.test_iteration43_phase_c_features.TestMfaManagement" name="test_get_overview" time="0.400" /><testcase classname="tests.test_iteration43_phase_c_features.TestMfaManagement" name="test_get_by_client" time="0.395" /><testcase classname="tests.test_iteration43_phase_c_features.TestAlertSuppression" name="test_get_rules" time="0.404" /><testcase classname="tests.test_iteration43_phase_c_features.TestAlertSuppression" name="test_get_stats" time="0.405" /><testcase classname="tests.test_iteration43_phase_c_features.TestLicenseManagement" name="test_get_overview" time="0.403" /><testcase classname="tests.test_iteration43_phase_c_features.TestMaintenanceScheduler" name="test_get_schedules" time="0.420" /><testcase classname="tests.test_iteration43_phase_c_features.TestMaintenanceScheduler" name="test_get_history" time="0.407" /><testcase classname="tests.test_iteration43_phase_c_features.TestBandwidthMonitor" name="test_get_overview" time="0.546" /><testcase classname="tests.test_iteration43_phase_c_features.TestBandwidthMonitor" name="test_get_alerts" time="0.418" /></testsuite></testsuites>