<?xml version="1.0" encoding="utf-8"?><testsuites name="pytest tests"><testsuite name="pytest" errors="0" failures="0" skipped="0" tests="20" time="36.429" timestamp="2026-04-19T10:03:16.566813+00:00" hostname="agent-env-4a7f80d7-756c-4200-8991-71de3adaf3ec"><testcase classname="backend.tests.test_iteration108_wave_b_ai.TestVoiceJournal" name="test_voice_journal_transcribe_endpoint_shape" time="2.503" /><testcase classname="backend.tests.test_iteration108_wave_b_ai.TestVoiceJournal" name="test_voice_journal_transcribe_requires_auth" time="0.116" /><testcase classname="backend.tests.test_iteration108_wave_b_ai.TestVoiceJournal" name="test_voice_journal_log_entry_endpoint_shape" time="1.342" /><testcase classname="backend.tests.test_iteration108_wave_b_ai.TestVoiceJournal" name="test_voice_journal_log_entry_invalid_ticket" time="0.099" /><testcase classname="backend.tests.test_iteration108_wave_b_ai.TestVoiceJournal" name="test_voice_journal_history" time="0.078" /><testcase classname="backend.tests.test_iteration108_wave_b_ai.TestVoiceJournal" name="test_voice_journal_history_requires_auth" time="0.129" /><testcase classname="backend.tests.test_iteration108_wave_b_ai.TestCoffeeBreak" name="test_coffee_break_status_no_active" time="0.506" /><testcase classname="backend.tests.test_iteration108_wave_b_ai.TestCoffeeBreak" name="test_coffee_break_start" time="0.175" /><testcase classname="backend.tests.test_iteration108_wave_b_ai.TestCoffeeBreak" name="test_coffee_break_active_users" time="0.201" /><testcase classname="backend.tests.test_iteration108_wave_b_ai.TestCoffeeBreak" name="test_coffee_break_end" time="0.233" /><testcase classname="backend.tests.test_iteration108_wave_b_ai.TestCoffeeBreak" name="test_coffee_break_history" time="0.463" /><testcase classname="backend.tests.test_iteration108_wave_b_ai.TestCoffeeBreak" name="test_coffee_break_invalid_duration" time="0.085" /><testcase classname="backend.tests.test_iteration108_wave_b_ai.TestCoffeeBreak" name="test_coffee_break_preset_reasons" time="1.144" /><testcase classname="backend.tests.test_iteration108_wave_b_ai.TestStandupDigestSettings" name="test_standup_digest_settings_get" time="0.400" /><testcase classname="backend.tests.test_iteration108_wave_b_ai.TestStandupDigestSettings" name="test_standup_digest_settings_update" time="0.167" /><testcase classname="backend.tests.test_iteration108_wave_b_ai.TestStandupDigestSettings" name="test_standup_digest_endpoint" time="6.898" /><testcase classname="backend.tests.test_iteration108_wave_b_ai.TestRegressionWaveA" name="test_ticket_copilot_still_works" time="5.472" /><testcase classname="backend.tests.test_iteration108_wave_b_ai.TestRegressionWaveA" name="test_explain_error_still_works" time="15.738" /><testcase classname="backend.tests.test_iteration108_wave_b_ai.TestRegressionWaveA" name="test_standup_digest_history" time="0.177" /><testcase classname="backend.tests.test_iteration108_wave_b_ai.TestTicketTKT001Exists" name="test_tkt001_exists" time="0.412" /></testsuite></testsuites>