<?xml version="1.0" encoding="utf-8"?><testsuites name="pytest tests"><testsuite name="pytest" errors="0" failures="0" skipped="0" tests="28" time="16.701" timestamp="2026-03-18T13:33:13.905689+00:00" hostname="agent-env-37c0757a-1975-43ab-a603-b21f4ae87c8a"><testcase classname="backend.tests.test_iteration38_estimates_unified_tickets.TestEstimatesCRUD" name="test_get_estimates_list" time="1.400" /><testcase classname="backend.tests.test_iteration38_estimates_unified_tickets.TestEstimatesCRUD" name="test_get_estimates_stats" time="0.447" /><testcase classname="backend.tests.test_iteration38_estimates_unified_tickets.TestEstimatesCRUD" name="test_create_estimate" time="0.902" /><testcase classname="backend.tests.test_iteration38_estimates_unified_tickets.TestEstimatesCRUD" name="test_get_estimate_detail" time="0.438" /><testcase classname="backend.tests.test_iteration38_estimates_unified_tickets.TestEstimatesCRUD" name="test_update_estimate_status_to_published" time="0.838" /><testcase classname="backend.tests.test_iteration38_estimates_unified_tickets.TestEstimatesCRUD" name="test_update_estimate_status_to_sent" time="0.855" /><testcase classname="backend.tests.test_iteration38_estimates_unified_tickets.TestEstimatesCRUD" name="test_update_estimate_status_to_approved" time="0.956" /><testcase classname="backend.tests.test_iteration38_estimates_unified_tickets.TestEstimatesCRUD" name="test_get_estimate_audit_log" time="0.402" /><testcase classname="backend.tests.test_iteration38_estimates_unified_tickets.TestEstimatesCRUD" name="test_convert_estimate_to_invoice" time="0.856" /><testcase classname="backend.tests.test_iteration38_estimates_unified_tickets.TestEstimatesCRUD" name="test_delete_estimate" time="0.874" /><testcase classname="backend.tests.test_iteration38_estimates_unified_tickets.TestTicketWorksheets" name="test_get_ticket_for_worksheets" time="0.438" /><testcase classname="backend.tests.test_iteration38_estimates_unified_tickets.TestTicketWorksheets" name="test_get_empty_worksheet" time="0.421" /><testcase classname="backend.tests.test_iteration38_estimates_unified_tickets.TestTicketWorksheets" name="test_add_worksheet_item" time="0.438" /><testcase classname="backend.tests.test_iteration38_estimates_unified_tickets.TestTicketWorksheets" name="test_check_worksheet_item" time="0.829" /><testcase classname="backend.tests.test_iteration38_estimates_unified_tickets.TestTicketWorksheets" name="test_uncheck_worksheet_item" time="0.420" /><testcase classname="backend.tests.test_iteration38_estimates_unified_tickets.TestTicketWorksheets" name="test_get_worksheet_templates" time="0.461" /><testcase classname="backend.tests.test_iteration38_estimates_unified_tickets.TestJobNumberingSettings" name="test_get_job_numbering_settings" time="0.435" /><testcase classname="backend.tests.test_iteration38_estimates_unified_tickets.TestJobNumberingSettings" name="test_save_job_numbering_settings" time="0.846" /><testcase classname="backend.tests.test_iteration38_estimates_unified_tickets.TestSplynxNonPayment" name="test_get_splynx_overview" time="0.418" /><testcase classname="backend.tests.test_iteration38_estimates_unified_tickets.TestSplynxNonPayment" name="test_get_splynx_non_payment" time="0.466" /><testcase classname="backend.tests.test_iteration38_estimates_unified_tickets.TestUnifiedTickets" name="test_get_tickets" time="0.403" /><testcase classname="backend.tests.test_iteration38_estimates_unified_tickets.TestUnifiedTickets" name="test_get_workshop_jobs" time="0.425" /><testcase classname="backend.tests.test_iteration38_estimates_unified_tickets.TestUnifiedTickets" name="test_get_workshop_stats" time="0.434" /><testcase classname="backend.tests.test_iteration38_estimates_unified_tickets.TestUnifiedTickets" name="test_get_field_jobs" time="0.430" /><testcase classname="backend.tests.test_iteration38_estimates_unified_tickets.TestUnifiedTickets" name="test_get_field_jobs_stats" time="0.406" /><testcase classname="backend.tests.test_iteration38_estimates_unified_tickets.TestRegression" name="test_health_check" time="0.426" /><testcase classname="backend.tests.test_iteration38_estimates_unified_tickets.TestRegression" name="test_clients_list" time="0.474" /><testcase classname="backend.tests.test_iteration38_estimates_unified_tickets.TestRegression" name="test_invoices_list" time="0.408" /></testsuite></testsuites>