<?xml version="1.0" encoding="utf-8"?><testsuites name="pytest tests"><testsuite name="pytest" errors="0" failures="0" skipped="0" tests="20" time="6.483" timestamp="2026-04-16T22:27:23.246829+00:00" hostname="agent-env-4a7f80d7-756c-4200-8991-71de3adaf3ec"><testcase classname="backend.tests.test_iteration89_proposals_contracts_portal.TestProposalStats" name="test_get_proposal_stats" time="0.604" /><testcase classname="backend.tests.test_iteration89_proposals_contracts_portal.TestProposalCRUD" name="test_get_proposals_list" time="0.188" /><testcase classname="backend.tests.test_iteration89_proposals_contracts_portal.TestProposalCRUD" name="test_create_proposal_with_line_items" time="0.182" /><testcase classname="backend.tests.test_iteration89_proposals_contracts_portal.TestProposalCRUD" name="test_get_single_proposal" time="0.276" /><testcase classname="backend.tests.test_iteration89_proposals_contracts_portal.TestProposalCRUD" name="test_delete_proposal" time="0.376" /><testcase classname="backend.tests.test_iteration89_proposals_contracts_portal.TestProposalLifecycle" name="test_send_proposal" time="0.367" /><testcase classname="backend.tests.test_iteration89_proposals_contracts_portal.TestProposalLifecycle" name="test_accept_proposal" time="0.542" /><testcase classname="backend.tests.test_iteration89_proposals_contracts_portal.TestProposalLifecycle" name="test_decline_proposal" time="0.545" /><testcase classname="backend.tests.test_iteration89_proposals_contracts_portal.TestProposalLifecycle" name="test_duplicate_proposal" time="0.302" /><testcase classname="backend.tests.test_iteration89_proposals_contracts_portal.TestProposalLifecycle" name="test_convert_to_contract" time="0.905" /><testcase classname="backend.tests.test_iteration89_proposals_contracts_portal.TestContractEnhancements" name="test_link_contract_to_recurring" time="0.271" /><testcase classname="backend.tests.test_iteration89_proposals_contracts_portal.TestContractEnhancements" name="test_get_contract_recurring_invoices" time="0.101" /><testcase classname="backend.tests.test_iteration89_proposals_contracts_portal.TestContractEnhancements" name="test_apply_price_increase" time="0.177" /><testcase classname="backend.tests.test_iteration89_proposals_contracts_portal.TestContractEnhancements" name="test_get_price_history" time="0.170" /><testcase classname="backend.tests.test_iteration89_proposals_contracts_portal.TestContractEnhancements" name="test_price_increase_validation" time="0.193" /><testcase classname="backend.tests.test_iteration89_proposals_contracts_portal.TestClientPortalAPI" name="test_portal_get_invoices" time="0.247" /><testcase classname="backend.tests.test_iteration89_proposals_contracts_portal.TestClientPortalAPI" name="test_portal_get_device_health" time="0.096" /><testcase classname="backend.tests.test_iteration89_proposals_contracts_portal.TestClientPortalAPI" name="test_portal_get_summary" time="0.072" /><testcase classname="backend.tests.test_iteration89_proposals_contracts_portal.TestClientPortalAPI" name="test_portal_invalid_token" time="0.094" /><testcase classname="backend.tests.test_iteration89_proposals_contracts_portal.TestCleanup" name="test_cleanup_test_proposals" time="0.679" /></testsuite></testsuites>