<?xml version="1.0" encoding="utf-8"?><testsuites name="pytest tests"><testsuite name="pytest" errors="0" failures="0" skipped="0" tests="14" time="6.405" timestamp="2026-04-11T11:01:43.059705+00:00" hostname="agent-env-4a7f80d7-756c-4200-8991-71de3adaf3ec"><testcase classname="backend.tests.test_iteration78_client_health.TestClientHealthDashboard" name="test_get_health_dashboard" time="0.457" /><testcase classname="backend.tests.test_iteration78_client_health.TestClientHealthDashboard" name="test_dashboard_distribution_values" time="0.414" /><testcase classname="backend.tests.test_iteration78_client_health.TestClientHealthDashboard" name="test_dashboard_at_risk_clients" time="0.420" /><testcase classname="backend.tests.test_iteration78_client_health.TestClientHealthDashboard" name="test_dashboard_alerts_structure" time="0.449" /><testcase classname="backend.tests.test_iteration78_client_health.TestClientHealthDashboard" name="test_get_all_health_scores" time="0.436" /><testcase classname="backend.tests.test_iteration78_client_health.TestClientHealthDashboard" name="test_scores_sorted_by_health" time="0.430" /><testcase classname="backend.tests.test_iteration78_client_health.TestClientHealthDashboard" name="test_scores_health_range" time="0.406" /><testcase classname="backend.tests.test_iteration78_client_health.TestClientHealthDashboard" name="test_get_client_health_detail" time="0.470" /><testcase classname="backend.tests.test_iteration78_client_health.TestClientHealthDashboard" name="test_client_detail_not_found" time="0.361" /><testcase classname="backend.tests.test_iteration78_client_health.TestClientHealthDashboard" name="test_take_health_snapshot" time="0.490" /><testcase classname="backend.tests.test_iteration78_client_health.TestClientHealthDashboard" name="test_get_alert_config" time="0.360" /><testcase classname="backend.tests.test_iteration78_client_health.TestClientHealthDashboard" name="test_update_alert_config" time="0.615" /><testcase classname="backend.tests.test_iteration78_client_health.TestClientHealthDashboard" name="test_dashboard_scores_consistency" time="0.544" /><testcase classname="backend.tests.test_iteration78_client_health.TestClientHealthDashboard" name="test_detail_matches_scores" time="0.468" /></testsuite></testsuites>