<?xml version="1.0" encoding="utf-8"?><testsuites name="pytest tests"><testsuite name="pytest" errors="0" failures="0" skipped="0" tests="24" time="3.245" timestamp="2026-04-11T10:51:58.247888+00:00" hostname="agent-env-4a7f80d7-756c-4200-8991-71de3adaf3ec"><testcase classname="backend.tests.test_iteration77_modules.TestLicenseManagement" name="test_get_overview" time="0.772" /><testcase classname="backend.tests.test_iteration77_modules.TestLicenseManagement" name="test_create_license" time="0.085" /><testcase classname="backend.tests.test_iteration77_modules.TestLicenseManagement" name="test_update_license" time="0.189" /><testcase classname="backend.tests.test_iteration77_modules.TestLicenseManagement" name="test_delete_license" time="0.101" /><testcase classname="backend.tests.test_iteration77_modules.TestWebhookBuilder" name="test_list_webhooks" time="0.098" /><testcase classname="backend.tests.test_iteration77_modules.TestWebhookBuilder" name="test_get_triggers" time="0.100" /><testcase classname="backend.tests.test_iteration77_modules.TestWebhookBuilder" name="test_create_webhook" time="0.090" /><testcase classname="backend.tests.test_iteration77_modules.TestWebhookBuilder" name="test_update_webhook" time="0.084" /><testcase classname="backend.tests.test_iteration77_modules.TestWebhookBuilder" name="test_toggle_webhook" time="0.081" /><testcase classname="backend.tests.test_iteration77_modules.TestWebhookBuilder" name="test_test_webhook" time="0.113" /><testcase classname="backend.tests.test_iteration77_modules.TestWebhookBuilder" name="test_delete_webhook" time="0.092" /><testcase classname="backend.tests.test_iteration77_modules.TestExecutiveReports" name="test_list_reports" time="0.101" /><testcase classname="backend.tests.test_iteration77_modules.TestExecutiveReports" name="test_generate_report" time="0.090" /><testcase classname="backend.tests.test_iteration77_modules.TestExecutiveReports" name="test_delete_report" time="0.100" /><testcase classname="backend.tests.test_iteration77_modules.TestAuditTrail" name="test_get_events" time="0.104" /><testcase classname="backend.tests.test_iteration77_modules.TestAuditTrail" name="test_get_events_with_filters" time="0.177" /><testcase classname="backend.tests.test_iteration77_modules.TestAuditTrail" name="test_get_summary" time="0.090" /><testcase classname="backend.tests.test_iteration77_modules.TestTimeTracking" name="test_bulk_create_time_entries" time="0.088" /><testcase classname="backend.tests.test_iteration77_modules.TestTimeTracking" name="test_generate_invoice_from_time" time="0.083" /><testcase classname="backend.tests.test_iteration77_modules.TestTimeTracking" name="test_generate_invoice_no_entries" time="0.088" /><testcase classname="backend.tests.test_iteration77_modules.TestTimeTracking" name="test_cleanup_bulk_entries" time="0.172" /><testcase classname="backend.tests.test_iteration77_modules.TestSmartSchedule" name="test_get_calendar" time="0.086" /><testcase classname="backend.tests.test_iteration77_modules.TestSmartSchedule" name="test_get_map_data" time="0.081" /><testcase classname="backend.tests.test_iteration77_modules.TestSmartSchedule" name="test_get_technician_availability" time="0.077" /></testsuite></testsuites>