<?xml version="1.0" encoding="utf-8"?><testsuites name="pytest tests"><testsuite name="pytest" errors="0" failures="0" skipped="0" tests="18" time="7.476" timestamp="2026-04-18T01:05:54.433830+00:00" hostname="agent-env-4a7f80d7-756c-4200-8991-71de3adaf3ec"><testcase classname="backend.tests.test_iteration96_p2p3_batch.TestPortalV2Auth" name="test_portal_login_success" time="0.458" /><testcase classname="backend.tests.test_iteration96_p2p3_batch.TestPortalV2Auth" name="test_portal_login_invalid_credentials" time="0.119" /><testcase classname="backend.tests.test_iteration96_p2p3_batch.TestPortalV2Auth" name="test_portal_login_missing_fields" time="0.108" /><testcase classname="backend.tests.test_iteration96_p2p3_batch.TestPortalV2Endpoints" name="test_portal_dashboard" time="0.406" /><testcase classname="backend.tests.test_iteration96_p2p3_batch.TestPortalV2Endpoints" name="test_portal_tickets_list" time="0.425" /><testcase classname="backend.tests.test_iteration96_p2p3_batch.TestPortalV2Endpoints" name="test_portal_me" time="0.372" /><testcase classname="backend.tests.test_iteration96_p2p3_batch.TestPortalV2Endpoints" name="test_portal_devices" time="0.412" /><testcase classname="backend.tests.test_iteration96_p2p3_batch.TestPortalV2Endpoints" name="test_portal_kb" time="0.409" /><testcase classname="backend.tests.test_iteration96_p2p3_batch.TestPortalV2Endpoints" name="test_portal_invoices" time="0.387" /><testcase classname="backend.tests.test_iteration96_p2p3_batch.TestPortalV2TicketMessaging" name="test_create_portal_ticket" time="0.473" /><testcase classname="backend.tests.test_iteration96_p2p3_batch.TestPortalV2TicketMessaging" name="test_get_ticket_detail_with_messages" time="0.486" /><testcase classname="backend.tests.test_iteration96_p2p3_batch.TestPortalV2TicketMessaging" name="test_add_ticket_message" time="0.482" /><testcase classname="backend.tests.test_iteration96_p2p3_batch.TestEstimatePDF" name="test_estimate_pdf_endpoint_exists" time="0.791" /><testcase classname="backend.tests.test_iteration96_p2p3_batch.TestTicketsPageConfig" name="test_tickets_endpoint" time="0.417" /><testcase classname="backend.tests.test_iteration96_p2p3_batch.TestTicketsPageConfig" name="test_workshop_jobs_endpoint" time="0.395" /><testcase classname="backend.tests.test_iteration96_p2p3_batch.TestTicketsPageConfig" name="test_field_jobs_endpoint" time="0.408" /><testcase classname="backend.tests.test_iteration96_p2p3_batch.TestTechniciansPageConfig" name="test_technicians_overview_endpoint" time="0.440" /><testcase classname="backend.tests.test_iteration96_p2p3_batch.TestTechniciansPageConfig" name="test_technicians_leaderboard_endpoint" time="0.412" /></testsuite></testsuites>