<?xml version="1.0" encoding="utf-8"?><testsuites name="pytest tests"><testsuite name="pytest" errors="0" failures="0" skipped="0" tests="21" time="9.432" timestamp="2026-05-01T14:33:05.469530+00:00" hostname="agent-env-4a7f80d7-756c-4200-8991-71de3adaf3ec"><testcase classname="backend.tests.test_iteration133_blueprint_insights.TestBlueprintInsightsTrends" name="test_trends_endpoint_returns_200" time="0.622" /><testcase classname="backend.tests.test_iteration133_blueprint_insights.TestBlueprintInsightsTrends" name="test_trends_response_structure" time="0.421" /><testcase classname="backend.tests.test_iteration133_blueprint_insights.TestBlueprintInsightsTrends" name="test_trends_default_days_is_7" time="0.524" /><testcase classname="backend.tests.test_iteration133_blueprint_insights.TestBlueprintInsightsTrends" name="test_trends_days_param_respected" time="0.413" /><testcase classname="backend.tests.test_iteration133_blueprint_insights.TestBlueprintInsightsTrends" name="test_trends_days_clamped_min" time="0.489" /><testcase classname="backend.tests.test_iteration133_blueprint_insights.TestBlueprintInsightsTrends" name="test_trends_days_clamped_max" time="0.450" /><testcase classname="backend.tests.test_iteration133_blueprint_insights.TestBlueprintInsightsTrends" name="test_trends_rising_pattern_structure" time="0.410" /><testcase classname="backend.tests.test_iteration133_blueprint_insights.TestBlueprintInsightsTrends" name="test_trends_is_new_logic" time="0.394" /><testcase classname="backend.tests.test_iteration133_blueprint_insights.TestBlueprintInsightsTrends" name="test_trends_delta_calculation" time="0.412" /><testcase classname="backend.tests.test_iteration133_blueprint_insights.TestBlueprintInsightsTrends" name="test_trends_returns_max_3_patterns" time="0.409" /><testcase classname="backend.tests.test_iteration133_blueprint_insights.TestBlueprintInsightsTrends" name="test_trends_requires_auth" time="0.418" /><testcase classname="backend.tests.test_iteration133_blueprint_insights.TestBlueprintPatternsRegression" name="test_patterns_endpoint_still_works" time="0.454" /><testcase classname="backend.tests.test_iteration133_blueprint_insights.TestBlueprintPatternsRegression" name="test_patterns_response_structure" time="0.389" /><testcase classname="backend.tests.test_iteration133_blueprint_insights.TestBlueprintPatternsRegression" name="test_patterns_limit_param" time="0.401" /><testcase classname="backend.tests.test_iteration133_blueprint_insights.TestBlueprintPatternsRegression" name="test_patterns_min_tickets_param" time="0.401" /><testcase classname="backend.tests.test_iteration133_blueprint_insights.TestBlueprintsLibraryRegression" name="test_list_blueprints" time="0.411" /><testcase classname="backend.tests.test_iteration133_blueprint_insights.TestBlueprintsLibraryRegression" name="test_list_blueprints_includes_inactive" time="0.478" /><testcase classname="backend.tests.test_iteration133_blueprint_insights.TestBlueprintsLibraryRegression" name="test_create_and_delete_blueprint" time="0.516" /><testcase classname="backend.tests.test_iteration133_blueprint_insights.TestPatternSuggestRegression" name="test_suggest_requires_tokens_or_ids" time="0.396" /><testcase classname="backend.tests.test_iteration133_blueprint_insights.TestPushToClientsRegression" name="test_push_requires_client_ids" time="0.533" /><testcase classname="backend.tests.test_iteration133_blueprint_insights.TestPushToClientsRegression" name="test_push_to_nonexistent_blueprint" time="0.401" /></testsuite></testsuites>