<?xml version="1.0" encoding="utf-8"?><testsuites name="pytest tests"><testsuite name="pytest" errors="0" failures="0" skipped="0" tests="12" time="1.626" timestamp="2026-05-02T08:32:54.067567+00:00" hostname="agent-env-4a7f80d7-756c-4200-8991-71de3adaf3ec"><testcase classname="backend.tests.test_iteration141_ops_automation.TestOpsSettings" name="test_get_ops_settings_returns_defaults" time="0.471" /><testcase classname="backend.tests.test_iteration141_ops_automation.TestOpsSettings" name="test_put_ops_settings_disable" time="0.226" /><testcase classname="backend.tests.test_iteration141_ops_automation.TestOpsSettings" name="test_put_ops_settings_enable" time="0.037" /><testcase classname="backend.tests.test_iteration141_ops_automation.TestOpsSettings" name="test_put_ops_settings_minimum_interval" time="0.111" /><testcase classname="backend.tests.test_iteration141_ops_automation.TestOpsNightlyTick" name="test_nightly_tick_returns_correct_structure" time="0.087" /><testcase classname="backend.tests.test_iteration141_ops_automation.TestOpsNightlyTick" name="test_nightly_tick_errors_object_empty_on_clean_run" time="0.041" /><testcase classname="backend.tests.test_iteration141_ops_automation.TestOpsTickLog" name="test_tick_log_returns_correct_structure" time="0.038" /><testcase classname="backend.tests.test_iteration141_ops_automation.TestOpsTickLog" name="test_tick_log_contains_manual_tick" time="0.129" /><testcase classname="backend.tests.test_iteration141_ops_automation.TestSchedulerAutoFiring" name="test_scheduler_tick_appears_in_log" time="0.071" /><testcase classname="backend.tests.test_iteration141_ops_automation.TestOpsEndpointsAuth" name="test_ops_settings_requires_auth" time="0.118" /><testcase classname="backend.tests.test_iteration141_ops_automation.TestOpsEndpointsAuth" name="test_ops_tick_log_requires_auth" time="0.106" /><testcase classname="backend.tests.test_iteration141_ops_automation.TestOpsEndpointsAuth" name="test_ops_nightly_tick_requires_auth" time="0.116" /></testsuite></testsuites>