<?xml version="1.0" encoding="utf-8"?><testsuites name="pytest tests"><testsuite name="pytest" errors="0" failures="0" skipped="0" tests="16" time="4.096" timestamp="2026-04-17T12:54:03.660840+00:00" hostname="agent-env-4a7f80d7-756c-4200-8991-71de3adaf3ec"><testcase classname="backend.tests.test_iteration93_portal_themes.TestInvoiceThemes" name="test_get_invoice_themes" time="0.472" /><testcase classname="backend.tests.test_iteration93_portal_themes.TestInvoiceThemes" name="test_get_active_theme" time="0.099" /><testcase classname="backend.tests.test_iteration93_portal_themes.TestInvoiceThemes" name="test_set_active_theme" time="0.259" /><testcase classname="backend.tests.test_iteration93_portal_themes.TestPortalAPIs" name="test_portal_summary" time="0.609" /><testcase classname="backend.tests.test_iteration93_portal_themes.TestPortalAPIs" name="test_portal_tickets" time="0.084" /><testcase classname="backend.tests.test_iteration93_portal_themes.TestPortalAPIs" name="test_portal_invoices" time="0.104" /><testcase classname="backend.tests.test_iteration93_portal_themes.TestPortalAPIs" name="test_portal_devices_health" time="0.103" /><testcase classname="backend.tests.test_iteration93_portal_themes.TestPortalAPIs" name="test_portal_create_ticket" time="0.090" /><testcase classname="backend.tests.test_iteration93_portal_themes.TestPortalAPIs" name="test_portal_invalid_token" time="0.132" /><testcase classname="backend.tests.test_iteration93_portal_themes.TestInvoicePDF" name="test_invoice_pdf_generation" time="0.799" /><testcase classname="backend.tests.test_iteration93_portal_themes.TestInvoicePDF" name="test_invoice_pdf_download" time="0.129" /><testcase classname="backend.tests.test_iteration93_portal_themes.TestInvoicePDF" name="test_invoice_pdf_invalid_token" time="0.099" /><testcase classname="backend.tests.test_iteration93_portal_themes.TestBrandingUpload" name="test_branding_settings_get" time="0.443" /><testcase classname="backend.tests.test_iteration93_portal_themes.TestBrandingUpload" name="test_whitelabel_options_get" time="0.078" /><testcase classname="backend.tests.test_iteration93_portal_themes.TestDocBranding" name="test_doc_branding_templates" time="0.406" /><testcase classname="backend.tests.test_iteration93_portal_themes.TestDocBranding" name="test_doc_branding_settings" time="0.102" /></testsuite></testsuites>