<?xml version="1.0" encoding="utf-8"?><testsuites name="pytest tests"><testsuite name="pytest" errors="0" failures="0" skipped="1" tests="18" time="2.332" timestamp="2026-04-17T12:18:18.366678+00:00" hostname="agent-env-4a7f80d7-756c-4200-8991-71de3adaf3ec"><testcase classname="backend.tests.test_iteration92_ticket_merge_vendors.TestAutoMergeSettings" name="test_get_auto_merge_settings" time="0.467" /><testcase classname="backend.tests.test_iteration92_ticket_merge_vendors.TestAutoMergeSettings" name="test_update_auto_merge_settings_enable" time="0.094" /><testcase classname="backend.tests.test_iteration92_ticket_merge_vendors.TestAutoMergeSettings" name="test_verify_auto_merge_enabled" time="0.097" /><testcase classname="backend.tests.test_iteration92_ticket_merge_vendors.TestAutoMergeSettings" name="test_disable_auto_merge" time="0.192" /><testcase classname="backend.tests.test_iteration92_ticket_merge_vendors.TestMergeSuggestions" name="test_merge_suggestions_when_disabled" time="0.174" /><testcase classname="backend.tests.test_iteration92_ticket_merge_vendors.TestMergeSuggestions" name="test_merge_suggestions_when_enabled" time="0.185" /><testcase classname="backend.tests.test_iteration92_ticket_merge_vendors.TestTicketMerge" name="test_merge_tickets_missing_ids" time="0.093" /><testcase classname="backend.tests.test_iteration92_ticket_merge_vendors.TestTicketMerge" name="test_merge_tickets_not_found" time="0.084" /><testcase classname="backend.tests.test_iteration92_ticket_merge_vendors.TestMergeHistory" name="test_get_merge_history" time="0.087" /><testcase classname="backend.tests.test_iteration92_ticket_merge_vendors.TestVendors" name="test_get_vendors" time="0.089" /><testcase classname="backend.tests.test_iteration92_ticket_merge_vendors.TestVendors" name="test_create_vendor" time="0.092" /><testcase classname="backend.tests.test_iteration92_ticket_merge_vendors.TestVendors" name="test_get_vendor_stats" time="0.079" /><testcase classname="backend.tests.test_iteration92_ticket_merge_vendors.TestWarranties" name="test_get_warranties" time="0.074" /><testcase classname="backend.tests.test_iteration92_ticket_merge_vendors.TestWarranties" name="test_get_warranty_stats" time="0.086" /><testcase classname="backend.tests.test_iteration92_ticket_merge_vendors.TestWarranties" name="test_create_warranty" time="0.102"><skipped type="pytest.skip" message="Route conflict between infrastructure.py and vendors.py /warranties endpoints">/app/backend/tests/test_iteration92_ticket_merge_vendors.py:276: Route conflict between infrastructure.py and vendors.py /warranties endpoints</skipped></testcase><testcase classname="backend.tests.test_iteration92_ticket_merge_vendors.TestProductAnalytics" name="test_get_product_margins" time="0.086" /><testcase classname="backend.tests.test_iteration92_ticket_merge_vendors.TestProductAnalytics" name="test_get_low_stock_products" time="0.084" /><testcase classname="backend.tests.test_iteration92_ticket_merge_vendors.TestCleanup" name="test_reset_auto_merge_to_off" time="0.080" /></testsuite></testsuites>