<?xml version="1.0" encoding="utf-8"?><testsuites name="pytest tests"><testsuite name="pytest" errors="0" failures="0" skipped="0" tests="33" time="16.243" timestamp="2026-04-30T12:48:23.210010+00:00" hostname="agent-env-4a7f80d7-756c-4200-8991-71de3adaf3ec"><testcase classname="backend.tests.test_iteration126_trmm_workspace.TestTrmmWorkspaceEndpoints" name="test_scripts_requires_auth" time="0.786" /><testcase classname="backend.tests.test_iteration126_trmm_workspace.TestTrmmWorkspaceEndpoints" name="test_favorites_requires_auth" time="0.497" /><testcase classname="backend.tests.test_iteration126_trmm_workspace.TestTrmmWorkspaceEndpoints" name="test_services_requires_auth" time="0.476" /><testcase classname="backend.tests.test_iteration126_trmm_workspace.TestTrmmWorkspaceEndpoints" name="test_processes_requires_auth" time="0.460" /><testcase classname="backend.tests.test_iteration126_trmm_workspace.TestTrmmWorkspaceEndpoints" name="test_software_requires_auth" time="0.496" /><testcase classname="backend.tests.test_iteration126_trmm_workspace.TestTrmmWorkspaceEndpoints" name="test_winupdates_requires_auth" time="0.449" /><testcase classname="backend.tests.test_iteration126_trmm_workspace.TestTrmmWorkspaceEndpoints" name="test_runs_requires_auth" time="0.470" /><testcase classname="backend.tests.test_iteration126_trmm_workspace.TestTrmmWorkspaceEndpoints" name="test_run_detail_requires_auth" time="0.467" /><testcase classname="backend.tests.test_iteration126_trmm_workspace.TestTrmmWorkspaceEndpoints" name="test_scripts_returns_503_when_not_configured" time="0.426" /><testcase classname="backend.tests.test_iteration126_trmm_workspace.TestTrmmWorkspaceEndpoints" name="test_script_detail_returns_503_when_not_configured" time="0.427" /><testcase classname="backend.tests.test_iteration126_trmm_workspace.TestTrmmWorkspaceEndpoints" name="test_favorites_mine_returns_empty_list_for_new_user" time="0.441" /><testcase classname="backend.tests.test_iteration126_trmm_workspace.TestTrmmWorkspaceEndpoints" name="test_toggle_favorite_on" time="0.620" /><testcase classname="backend.tests.test_iteration126_trmm_workspace.TestTrmmWorkspaceEndpoints" name="test_toggle_favorite_off" time="0.669" /><testcase classname="backend.tests.test_iteration126_trmm_workspace.TestTrmmWorkspaceEndpoints" name="test_services_returns_200_graceful_when_not_configured" time="0.435" /><testcase classname="backend.tests.test_iteration126_trmm_workspace.TestTrmmWorkspaceEndpoints" name="test_processes_returns_200_graceful_when_not_configured" time="0.474" /><testcase classname="backend.tests.test_iteration126_trmm_workspace.TestTrmmWorkspaceEndpoints" name="test_software_returns_200_graceful_when_not_configured" time="0.487" /><testcase classname="backend.tests.test_iteration126_trmm_workspace.TestTrmmWorkspaceEndpoints" name="test_winupdates_returns_200_graceful_when_not_configured" time="0.454" /><testcase classname="backend.tests.test_iteration126_trmm_workspace.TestTrmmWorkspaceEndpoints" name="test_service_action_rejects_invalid_action" time="0.415" /><testcase classname="backend.tests.test_iteration126_trmm_workspace.TestTrmmWorkspaceEndpoints" name="test_service_action_accepts_start" time="0.427" /><testcase classname="backend.tests.test_iteration126_trmm_workspace.TestTrmmWorkspaceEndpoints" name="test_service_action_accepts_stop" time="0.454" /><testcase classname="backend.tests.test_iteration126_trmm_workspace.TestTrmmWorkspaceEndpoints" name="test_service_action_accepts_restart" time="0.429" /><testcase classname="backend.tests.test_iteration126_trmm_workspace.TestTrmmWorkspaceEndpoints" name="test_kill_process_returns_success_false_when_not_configured" time="0.444" /><testcase classname="backend.tests.test_iteration126_trmm_workspace.TestTrmmWorkspaceEndpoints" name="test_run_script_creates_run_record_even_when_trmm_unreachable" time="0.573" /><testcase classname="backend.tests.test_iteration126_trmm_workspace.TestTrmmWorkspaceEndpoints" name="test_agent_runs_returns_persisted_run" time="0.552" /><testcase classname="backend.tests.test_iteration126_trmm_workspace.TestTrmmWorkspaceEndpoints" name="test_run_detail_returns_single_run" time="0.483" /><testcase classname="backend.tests.test_iteration126_trmm_workspace.TestTrmmWorkspaceEndpoints" name="test_run_detail_returns_404_for_bogus_id" time="0.419" /><testcase classname="backend.tests.test_iteration126_trmm_workspace.TestTrmmWorkspaceEndpoints" name="test_regression_trmm_status" time="0.458" /><testcase classname="backend.tests.test_iteration126_trmm_workspace.TestTrmmWorkspaceEndpoints" name="test_regression_trmm_summary" time="0.470" /><testcase classname="backend.tests.test_iteration126_trmm_workspace.TestTrmmWorkspaceEndpoints" name="test_regression_trmm_test" time="0.426" /><testcase classname="backend.tests.test_iteration126_trmm_workspace.TestTrmmWorkspaceEndpoints" name="test_regression_trmm_linked_devices" time="0.427" /><testcase classname="backend.tests.test_iteration126_trmm_workspace.TestTrmmWorkspaceEndpoints" name="test_regression_trmm_actions_log" time="0.565" /><testcase classname="backend.tests.test_iteration126_trmm_workspace.TestTrmmWorkspaceEndpoints" name="test_scripts_with_dummy_trmm_returns_graceful_error" time="0.653" /><testcase classname="backend.tests.test_iteration126_trmm_workspace.TestTrmmAutoLink" name="test_auto_link_returns_503_when_not_configured" time="0.403" /></testsuite></testsuites>