<?xml version="1.0" encoding="utf-8"?><testsuites name="pytest tests"><testsuite name="pytest" errors="0" failures="0" skipped="0" tests="23" time="5.294" timestamp="2026-05-08T12:07:11.155704+00:00" hostname="agent-env-4a7f80d7-756c-4200-8991-71de3adaf3ec"><testcase classname="backend.tests.test_iteration152_workspace_multidevice.TestWorkspaceEndpoints" name="test_get_workspace" time="0.515" /><testcase classname="backend.tests.test_iteration152_workspace_multidevice.TestWorkspaceEndpoints" name="test_pin_ticket" time="0.334" /><testcase classname="backend.tests.test_iteration152_workspace_multidevice.TestWorkspaceEndpoints" name="test_pin_ticket_idempotent" time="0.134" /><testcase classname="backend.tests.test_iteration152_workspace_multidevice.TestWorkspaceEndpoints" name="test_get_pin_status" time="0.115" /><testcase classname="backend.tests.test_iteration152_workspace_multidevice.TestWorkspaceEndpoints" name="test_unpin_ticket" time="0.222" /><testcase classname="backend.tests.test_iteration152_workspace_multidevice.TestWorkspaceEndpoints" name="test_watch_device" time="0.243" /><testcase classname="backend.tests.test_iteration152_workspace_multidevice.TestWorkspaceEndpoints" name="test_watch_device_idempotent" time="0.095" /><testcase classname="backend.tests.test_iteration152_workspace_multidevice.TestWorkspaceEndpoints" name="test_unwatch_device" time="0.085" /><testcase classname="backend.tests.test_iteration152_workspace_multidevice.TestWorkspaceEndpoints" name="test_update_scratch_notes" time="0.190" /><testcase classname="backend.tests.test_iteration152_workspace_multidevice.TestWorkspaceEndpoints" name="test_workspace_hydrates_pinned_tickets" time="0.337" /><testcase classname="backend.tests.test_iteration152_workspace_multidevice.TestMultiDeviceLinking" name="test_link_device_to_ticket" time="0.106" /><testcase classname="backend.tests.test_iteration152_workspace_multidevice.TestMultiDeviceLinking" name="test_link_device_idempotent" time="0.133" /><testcase classname="backend.tests.test_iteration152_workspace_multidevice.TestMultiDeviceLinking" name="test_link_multiple_devices" time="0.093" /><testcase classname="backend.tests.test_iteration152_workspace_multidevice.TestMultiDeviceLinking" name="test_primary_device_auto_set" time="0.576" /><testcase classname="backend.tests.test_iteration152_workspace_multidevice.TestMultiDeviceLinking" name="test_unlink_device" time="0.099" /><testcase classname="backend.tests.test_iteration152_workspace_multidevice.TestMultiDeviceLinking" name="test_unlink_primary_promotes_next" time="0.729" /><testcase classname="backend.tests.test_iteration152_workspace_multidevice.TestMultiDeviceLinking" name="test_unlink_nonexistent_device_404" time="0.106" /><testcase classname="backend.tests.test_iteration152_workspace_multidevice.TestMultiDeviceLinking" name="test_link_nonexistent_device_404" time="0.079" /><testcase classname="backend.tests.test_iteration152_workspace_multidevice.TestExistingTicketFlows" name="test_get_tickets_list" time="0.155" /><testcase classname="backend.tests.test_iteration152_workspace_multidevice.TestExistingTicketFlows" name="test_get_ticket_detail" time="0.092" /><testcase classname="backend.tests.test_iteration152_workspace_multidevice.TestExistingTicketFlows" name="test_update_ticket" time="0.214" /><testcase classname="backend.tests.test_iteration152_workspace_multidevice.TestExistingTicketFlows" name="test_ticket_comments" time="0.205" /><testcase classname="backend.tests.test_iteration152_workspace_multidevice.TestExistingTicketFlows" name="test_ticket_time_entries" time="0.333" /></testsuite></testsuites>