<?xml version="1.0" encoding="utf-8"?><testsuites name="pytest tests"><testsuite name="pytest" errors="0" failures="0" skipped="0" tests="15" time="3.786" timestamp="2026-03-09T04:55:32.453561+00:00" hostname="agent-env-e9c176d1-e9a1-4837-8307-95309c96a5ae"><testcase classname="backend.tests.test_reports_dashboard.TestDashboardActivityFeed" name="test_activity_feed_returns_data" time="0.529" /><testcase classname="backend.tests.test_reports_dashboard.TestDashboardActivityFeed" name="test_activity_feed_with_limit" time="0.093" /><testcase classname="backend.tests.test_reports_dashboard.TestDashboardActivityFeed" name="test_activity_feed_item_structure" time="0.102" /><testcase classname="backend.tests.test_reports_dashboard.TestDashboardActivityFeed" name="test_activity_feed_contains_call_logs" time="0.085" /><testcase classname="backend.tests.test_reports_dashboard.TestTechnicianUtilizationReport" name="test_technician_report_returns_data" time="0.372" /><testcase classname="backend.tests.test_reports_dashboard.TestTechnicianUtilizationReport" name="test_technician_report_item_structure" time="0.078" /><testcase classname="backend.tests.test_reports_dashboard.TestTicketAnalyticsReport" name="test_ticket_analytics_returns_data" time="0.435" /><testcase classname="backend.tests.test_reports_dashboard.TestTicketAnalyticsReport" name="test_ticket_analytics_structure" time="0.090" /><testcase classname="backend.tests.test_reports_dashboard.TestClientAnalyticsReport" name="test_client_analytics_returns_data" time="0.388" /><testcase classname="backend.tests.test_reports_dashboard.TestClientAnalyticsReport" name="test_client_analytics_item_structure" time="0.104" /><testcase classname="backend.tests.test_reports_dashboard.TestRevenueReport" name="test_revenue_report_returns_data" time="0.401" /><testcase classname="backend.tests.test_reports_dashboard.TestRevenueReport" name="test_revenue_report_structure" time="0.077" /><testcase classname="backend.tests.test_reports_dashboard.TestDeviceAnalyticsReport" name="test_device_analytics_returns_data" time="0.427" /><testcase classname="backend.tests.test_reports_dashboard.TestDeviceAnalyticsReport" name="test_device_analytics_structure" time="0.079" /><testcase classname="backend.tests.test_reports_dashboard.TestDashboardStats" name="test_dashboard_stats" time="0.403" /></testsuite></testsuites>