<?xml version="1.0" encoding="utf-8"?><testsuites name="pytest tests"><testsuite name="pytest" errors="0" failures="0" skipped="0" tests="25" time="2.983" timestamp="2026-04-18T02:39:32.275318+00:00" hostname="agent-env-4a7f80d7-756c-4200-8991-71de3adaf3ec"><testcase classname="backend.tests.test_iteration99_merged_modules.TestRevenueCommandCenter" name="test_revenue_forecast_dashboard" time="0.485" /><testcase classname="backend.tests.test_iteration99_merged_modules.TestRevenueCommandCenter" name="test_revenue_tracker_overview" time="0.111" /><testcase classname="backend.tests.test_iteration99_merged_modules.TestRevenueCommandCenter" name="test_revenue_tracking_dashboard" time="0.111" /><testcase classname="backend.tests.test_iteration99_merged_modules.TestAITriage" name="test_keyword_triage_analyze" time="0.114" /><testcase classname="backend.tests.test_iteration99_merged_modules.TestAITriage" name="test_ai_auto_route_requires_ticket_id" time="0.109" /><testcase classname="backend.tests.test_iteration99_merged_modules.TestBackupCommandCenter" name="test_backup_dashboard_overview" time="0.118" /><testcase classname="backend.tests.test_iteration99_merged_modules.TestBackupCommandCenter" name="test_backup_compliance_dashboard" time="0.085" /><testcase classname="backend.tests.test_iteration99_merged_modules.TestBackupCommandCenter" name="test_backup_verify_overview" time="0.122" /><testcase classname="backend.tests.test_iteration99_merged_modules.TestSLAManager" name="test_sla_timer_active" time="0.092" /><testcase classname="backend.tests.test_iteration99_merged_modules.TestSLAManager" name="test_sla_timer_predictions" time="0.109" /><testcase classname="backend.tests.test_iteration99_merged_modules.TestSLAManager" name="test_sla_penalties_dashboard" time="0.085" /><testcase classname="backend.tests.test_iteration99_merged_modules.TestSLAManager" name="test_sla_report_gen_reports" time="0.089" /><testcase classname="backend.tests.test_iteration99_merged_modules.TestComplianceHub" name="test_compliance_frameworks_overview" time="0.101" /><testcase classname="backend.tests.test_iteration99_merged_modules.TestComplianceHub" name="test_compliance_reports" time="0.116" /><testcase classname="backend.tests.test_iteration99_merged_modules.TestComplianceHub" name="test_compliance_generator_reports" time="0.078" /><testcase classname="backend.tests.test_iteration99_merged_modules.TestDispatchCenter" name="test_dispatch_board" time="0.088" /><testcase classname="backend.tests.test_iteration99_merged_modules.TestDispatchCenter" name="test_scheduling_calendar" time="0.075" /><testcase classname="backend.tests.test_iteration99_merged_modules.TestDispatchCenter" name="test_scheduling_technician_availability" time="0.086" /><testcase classname="backend.tests.test_iteration99_merged_modules.TestReportsHub" name="test_reports_ticket_analytics" time="0.084" /><testcase classname="backend.tests.test_iteration99_merged_modules.TestReportsHub" name="test_executive_reports_list" time="0.086" /><testcase classname="backend.tests.test_iteration99_merged_modules.TestReportsHub" name="test_client_reports_history" time="0.087" /><testcase classname="backend.tests.test_iteration99_merged_modules.TestReportsHub" name="test_financial_revenue_summary" time="0.086" /><testcase classname="backend.tests.test_iteration99_merged_modules.TestReportsHub" name="test_roi_reports" time="0.110" /><testcase classname="backend.tests.test_iteration99_merged_modules.TestBackendHealth" name="test_auth_endpoint_works" time="0.085" /><testcase classname="backend.tests.test_iteration99_merged_modules.TestBackendHealth" name="test_clients_endpoint_works" time="0.191" /></testsuite></testsuites>