<?xml version="1.0" encoding="utf-8"?><testsuites name="pytest tests"><testsuite name="pytest" errors="0" failures="0" skipped="0" tests="24" time="13.359" timestamp="2026-03-17T11:24:35.423262+00:00" hostname="agent-env-9146f008-7c05-406f-b8ae-eb0e3b6bf0ef"><testcase classname="backend.tests.test_iteration28_enhancements.TestDashboardEnhancements" name="test_dashboard_stats" time="0.475" /><testcase classname="backend.tests.test_iteration28_enhancements.TestDashboardEnhancements" name="test_dashboard_enhanced_stats" time="0.112" /><testcase classname="backend.tests.test_iteration28_enhancements.TestDashboardEnhancements" name="test_tickets_have_sla_due" time="0.094" /><testcase classname="backend.tests.test_iteration28_enhancements.TestDashboardEnhancements" name="test_devices_for_fleet_overview" time="0.090" /><testcase classname="backend.tests.test_iteration28_enhancements.TestDashboardEnhancements" name="test_device_stats_summary" time="0.104" /><testcase classname="backend.tests.test_iteration28_enhancements.TestDashboardEnhancements" name="test_ticket_trends" time="0.092" /><testcase classname="backend.tests.test_iteration28_enhancements.TestDashboardEnhancements" name="test_activity_feed" time="0.114" /><testcase classname="backend.tests.test_iteration28_enhancements.TestReportsEnhancements" name="test_technician_utilization" time="0.096" /><testcase classname="backend.tests.test_iteration28_enhancements.TestReportsEnhancements" name="test_ticket_analytics_for_sla" time="0.101" /><testcase classname="backend.tests.test_iteration28_enhancements.TestReportsEnhancements" name="test_client_analytics_for_profitability" time="0.106" /><testcase classname="backend.tests.test_iteration28_enhancements.TestReportsEnhancements" name="test_revenue_report" time="0.091" /><testcase classname="backend.tests.test_iteration28_enhancements.TestReportsEnhancements" name="test_device_analytics" time="0.085" /><testcase classname="backend.tests.test_iteration28_enhancements.TestTimeTrackingEnhancements" name="test_time_entries_list" time="0.121" /><testcase classname="backend.tests.test_iteration28_enhancements.TestTimeTrackingEnhancements" name="test_weekly_summary" time="0.084" /><testcase classname="backend.tests.test_iteration28_enhancements.TestTimeTrackingEnhancements" name="test_create_time_entry" time="0.094" /><testcase classname="backend.tests.test_iteration28_enhancements.TestKnowledgeBaseEnhancements" name="test_kb_articles_list" time="0.087" /><testcase classname="backend.tests.test_iteration28_enhancements.TestKnowledgeBaseEnhancements" name="test_hudu_sync_endpoint" time="0.170" /><testcase classname="backend.tests.test_iteration28_enhancements.TestKnowledgeBaseEnhancements" name="test_create_kb_article_with_pinning" time="0.091" /><testcase classname="backend.tests.test_iteration28_enhancements.TestDevicesBulkActions" name="test_devices_list_for_bulk" time="0.087" /><testcase classname="backend.tests.test_iteration28_enhancements.TestDevicesBulkActions" name="test_single_device_delete_endpoint" time="0.214" /><testcase classname="backend.tests.test_iteration28_enhancements.TestScriptingEnhancements" name="test_scripts_list" time="0.086" /><testcase classname="backend.tests.test_iteration28_enhancements.TestScriptingEnhancements" name="test_create_script_with_content" time="0.090" /><testcase classname="backend.tests.test_iteration28_enhancements.TestCoPilotCodeBlocks" name="test_copilot_response_with_code" time="9.750" /><testcase classname="backend.tests.test_iteration28_enhancements" name="test_cleanup_test_data" time="0.768" /></testsuite></testsuites>