<?xml version="1.0" encoding="utf-8"?><testsuites name="pytest tests"><testsuite name="pytest" errors="0" failures="0" skipped="0" tests="19" time="8.359" timestamp="2026-04-17T22:04:07.819683+00:00" hostname="agent-env-4a7f80d7-756c-4200-8991-71de3adaf3ec"><testcase classname="backend.tests.test_iteration94_pdf_viewer.TestPdfViewerSystem" name="test_get_contracts_list" time="0.397" /><testcase classname="backend.tests.test_iteration94_pdf_viewer.TestPdfViewerSystem" name="test_contract_pdf_preview_inline" time="0.708" /><testcase classname="backend.tests.test_iteration94_pdf_viewer.TestPdfViewerSystem" name="test_contract_pdf_download_attachment" time="0.489" /><testcase classname="backend.tests.test_iteration94_pdf_viewer.TestPdfViewerSystem" name="test_contract_pdf_invalid_id" time="0.406" /><testcase classname="backend.tests.test_iteration94_pdf_viewer.TestPdfViewerSystem" name="test_contract_pdf_no_token" time="0.423" /><testcase classname="backend.tests.test_iteration94_pdf_viewer.TestPdfViewerSystem" name="test_get_purchase_orders_list" time="0.341" /><testcase classname="backend.tests.test_iteration94_pdf_viewer.TestPdfViewerSystem" name="test_po_pdf_preview_inline" time="0.464" /><testcase classname="backend.tests.test_iteration94_pdf_viewer.TestPdfViewerSystem" name="test_po_pdf_preview_invalid_id" time="0.390" /><testcase classname="backend.tests.test_iteration94_pdf_viewer.TestPdfViewerSystem" name="test_po_pdf_preview_no_token" time="0.425" /><testcase classname="backend.tests.test_iteration94_pdf_viewer.TestPdfViewerSystem" name="test_invoice_theme_classic_preview_pdf" time="0.430" /><testcase classname="backend.tests.test_iteration94_pdf_viewer.TestPdfViewerSystem" name="test_invoice_theme_executive_preview_pdf" time="0.433" /><testcase classname="backend.tests.test_iteration94_pdf_viewer.TestPdfViewerSystem" name="test_invoice_theme_modern_preview_pdf" time="0.437" /><testcase classname="backend.tests.test_iteration94_pdf_viewer.TestPdfViewerSystem" name="test_invoice_theme_minimal_preview_pdf" time="0.401" /><testcase classname="backend.tests.test_iteration94_pdf_viewer.TestPdfViewerSystem" name="test_invoice_theme_bold_preview_pdf" time="0.424" /><testcase classname="backend.tests.test_iteration94_pdf_viewer.TestPdfViewerSystem" name="test_invoice_theme_preview_no_token" time="0.381" /><testcase classname="backend.tests.test_iteration94_pdf_viewer.TestPdfViewerSystem" name="test_invoice_theme_preview_invalid_theme" time="0.429" /><testcase classname="backend.tests.test_iteration94_pdf_viewer.TestPdfViewerSystem" name="test_get_invoices_list" time="0.339" /><testcase classname="backend.tests.test_iteration94_pdf_viewer.TestPdfViewerSystem" name="test_invoice_pdf_preview" time="0.488" /><testcase classname="backend.tests.test_iteration94_pdf_viewer.TestPdfViewerSystem" name="test_invoice_pdf_download" time="0.476" /></testsuite></testsuites>