<?xml version="1.0" encoding="utf-8"?><testsuites name="pytest tests"><testsuite name="pytest" errors="0" failures="0" skipped="0" tests="31" time="20.226" timestamp="2026-05-02T11:23:29.993715+00:00" hostname="agent-env-4a7f80d7-756c-4200-8991-71de3adaf3ec"><testcase classname="backend.tests.test_iteration143_help_atmosphere.TestHelpArticles" name="test_list_articles_auto_seeds" time="0.588" /><testcase classname="backend.tests.test_iteration143_help_atmosphere.TestHelpArticles" name="test_list_articles_search" time="0.119" /><testcase classname="backend.tests.test_iteration143_help_atmosphere.TestHelpArticles" name="test_get_article_by_slug" time="0.131" /><testcase classname="backend.tests.test_iteration143_help_atmosphere.TestHelpArticles" name="test_get_article_not_found" time="0.088" /><testcase classname="backend.tests.test_iteration143_help_atmosphere.TestHelpArticles" name="test_create_article" time="0.253" /><testcase classname="backend.tests.test_iteration143_help_atmosphere.TestHelpArticles" name="test_create_article_auto_slug" time="0.198" /><testcase classname="backend.tests.test_iteration143_help_atmosphere.TestHelpArticles" name="test_create_article_missing_title" time="0.106" /><testcase classname="backend.tests.test_iteration143_help_atmosphere.TestHelpArticles" name="test_delete_article" time="0.284" /><testcase classname="backend.tests.test_iteration143_help_atmosphere.TestHelpArticles" name="test_delete_article_not_found" time="0.089" /><testcase classname="backend.tests.test_iteration143_help_atmosphere.TestHelpArticles" name="test_reseed_articles" time="0.141" /><testcase classname="backend.tests.test_iteration143_help_atmosphere.TestChatBroadcastHooks" name="test_broadcast_sentiment_escalating" time="0.105" /><testcase classname="backend.tests.test_iteration143_help_atmosphere.TestChatBroadcastHooks" name="test_broadcast_sla_page" time="0.130" /><testcase classname="backend.tests.test_iteration143_help_atmosphere.TestChatBroadcastHooks" name="test_broadcast_tick" time="0.111" /><testcase classname="backend.tests.test_iteration143_help_atmosphere.TestChatChannelBroadcast" name="test_send_message_with_channel_mention" time="0.876" /><testcase classname="backend.tests.test_iteration143_help_atmosphere.TestChatChannelBroadcast" name="test_send_message_with_here_mention" time="0.180" /><testcase classname="backend.tests.test_iteration143_help_atmosphere.TestChatChannelBroadcast" name="test_send_message_with_everyone_mention" time="0.205" /><testcase classname="backend.tests.test_iteration143_help_atmosphere.TestChatChannelBroadcast" name="test_send_message_with_user_mention_no_broadcast" time="0.177" /><testcase classname="backend.tests.test_iteration143_help_atmosphere.TestAtmosphereFeatures" name="test_friday_reel" time="9.040" /><testcase classname="backend.tests.test_iteration143_help_atmosphere.TestAtmosphereFeatures" name="test_threat_dragon" time="0.108" /><testcase classname="backend.tests.test_iteration143_help_atmosphere.TestAtmosphereFeatures" name="test_weather_mode" time="0.088" /><testcase classname="backend.tests.test_iteration143_help_atmosphere.TestAtmosphereFeatures" name="test_launch_event_create" time="0.083" /><testcase classname="backend.tests.test_iteration143_help_atmosphere.TestAtmosphereFeatures" name="test_recent_launches" time="0.103" /><testcase classname="backend.tests.test_iteration143_help_atmosphere.TestAtmosphereFeatures" name="test_device_graveyard" time="0.094" /><testcase classname="backend.tests.test_iteration143_help_atmosphere.TestClientQuirkyFeatures" name="test_trading_card" time="0.175" /><testcase classname="backend.tests.test_iteration143_help_atmosphere.TestClientQuirkyFeatures" name="test_mood_ring" time="0.124" /><testcase classname="backend.tests.test_iteration143_help_atmosphere.TestClientQuirkyFeatures" name="test_slow_internet_detective" time="0.123" /><testcase classname="backend.tests.test_iteration143_help_atmosphere.TestClientQuirkyFeatures" name="test_password_pet" time="0.102" /><testcase classname="backend.tests.test_iteration143_help_atmosphere.TestClientQuirkyFeatures" name="test_birthdays" time="0.116" /><testcase classname="backend.tests.test_iteration143_help_atmosphere.TestClientQuirkyFeatures" name="test_device_family_tree" time="0.093" /><testcase classname="backend.tests.test_iteration143_help_atmosphere.TestNavigationRoutes" name="test_help_route_exists" time="0.087" /><testcase classname="backend.tests.test_iteration143_help_atmosphere.TestNavigationRoutes" name="test_atmosphere_endpoints_exist" time="5.997" /></testsuite></testsuites>