<?xml version="1.0" encoding="utf-8"?><testsuites name="pytest tests"><testsuite name="pytest" errors="0" failures="0" skipped="0" tests="34" time="6.064" timestamp="2026-05-09T07:50:30.428946+00:00" hostname="agent-env-4a7f80d7-756c-4200-8991-71de3adaf3ec"><testcase classname="backend.tests.test_pro_pack.TestServiceCatalog" name="test_list_services" time="0.607" /><testcase classname="backend.tests.test_pro_pack.TestServiceCatalog" name="test_create_service" time="0.104" /><testcase classname="backend.tests.test_pro_pack.TestServiceCatalog" name="test_update_service" time="0.372" /><testcase classname="backend.tests.test_pro_pack.TestServiceCatalog" name="test_delete_service" time="0.207" /><testcase classname="backend.tests.test_pro_pack.TestTriageQueue" name="test_get_triage_queue" time="0.101" /><testcase classname="backend.tests.test_pro_pack.TestNotifyChannels" name="test_list_channels" time="0.103" /><testcase classname="backend.tests.test_pro_pack.TestNotifyChannels" name="test_create_channel" time="0.114" /><testcase classname="backend.tests.test_pro_pack.TestNotifyChannels" name="test_create_channel_invalid_url" time="0.086" /><testcase classname="backend.tests.test_pro_pack.TestNotifyChannels" name="test_test_channel" time="0.441" /><testcase classname="backend.tests.test_pro_pack.TestNotifyChannels" name="test_delete_channel" time="0.192" /><testcase classname="backend.tests.test_pro_pack.TestApiTokens" name="test_list_tokens" time="0.098" /><testcase classname="backend.tests.test_pro_pack.TestApiTokens" name="test_create_token_returns_raw" time="0.339" /><testcase classname="backend.tests.test_pro_pack.TestApiTokens" name="test_revoke_token" time="0.186" /><testcase classname="backend.tests.test_pro_pack.Test2FA" name="test_setup_2fa" time="0.094" /><testcase classname="backend.tests.test_pro_pack.Test2FA" name="test_verify_2fa_wrong_code" time="0.211" /><testcase classname="backend.tests.test_pro_pack.Test2FA" name="test_disable_2fa" time="0.092" /><testcase classname="backend.tests.test_pro_pack.TestCrmPipeline" name="test_get_pipeline" time="0.086" /><testcase classname="backend.tests.test_pro_pack.TestCrmPipeline" name="test_move_lead_stage" time="0.177" /><testcase classname="backend.tests.test_pro_pack.TestCrmPipeline" name="test_move_lead_invalid_stage" time="0.210" /><testcase classname="backend.tests.test_pro_pack.TestCustomerHealth" name="test_all_customer_health" time="0.129" /><testcase classname="backend.tests.test_pro_pack.TestCustomerHealth" name="test_single_customer_health" time="0.183" /><testcase classname="backend.tests.test_pro_pack.TestQuoteToCash" name="test_get_qtc_pipeline" time="0.098" /><testcase classname="backend.tests.test_pro_pack.TestPatchTuesday" name="test_get_patch_tuesday" time="0.106" /><testcase classname="backend.tests.test_pro_pack.TestDRPlans" name="test_list_dr_plans" time="0.124" /><testcase classname="backend.tests.test_pro_pack.TestDRPlans" name="test_create_dr_plan" time="0.095" /><testcase classname="backend.tests.test_pro_pack.TestSaasSpend" name="test_get_saas_spend" time="0.082" /><testcase classname="backend.tests.test_pro_pack.TestDefenderHealth" name="test_get_defender_health" time="0.081" /><testcase classname="backend.tests.test_pro_pack.TestStocktakeMobile" name="test_stocktake_scan_not_found" time="0.083" /><testcase classname="backend.tests.test_pro_pack.TestStocktakeMobile" name="test_stocktake_session" time="0.082" /><testcase classname="backend.tests.test_pro_pack.TestCyberInsuranceExport" name="test_cyber_insurance_export" time="0.229" /><testcase classname="backend.tests.test_pro_pack.TestNpsSummary" name="test_nps_summary" time="0.112" /><testcase classname="backend.tests.test_pro_pack.TestAssetPrintBatch" name="test_print_batch_empty" time="0.079" /><testcase classname="backend.tests.test_pro_pack.TestAssetPrintBatch" name="test_print_batch" time="0.184" /><testcase classname="backend.tests.test_pro_pack.TestPhoneIntegration" name="test_phone_inbound_webhook" time="0.461" /></testsuite></testsuites>