<?xml version="1.0" encoding="utf-8"?><testsuites name="pytest tests"><testsuite name="pytest" errors="0" failures="0" skipped="0" tests="9" time="5.392" timestamp="2026-04-18T13:34:20.481805+00:00" hostname="agent-env-4a7f80d7-756c-4200-8991-71de3adaf3ec"><testcase classname="backend.tests.test_rte_sms_signature.TestSMSSignatureFeatures" name="test_get_sms_settings_includes_signature_fields" time="0.554" /><testcase classname="backend.tests.test_rte_sms_signature.TestSMSSignatureFeatures" name="test_put_sms_settings_updates_signature" time="0.594" /><testcase classname="backend.tests.test_rte_sms_signature.TestSMSSignatureFeatures" name="test_put_sms_settings_toggle_append_signature_off" time="0.621" /><testcase classname="backend.tests.test_rte_sms_signature.TestSMSSignatureFeatures" name="test_sms_send_auto_appends_signature" time="0.931" /><testcase classname="backend.tests.test_rte_sms_signature.TestSMSSignatureFeatures" name="test_sms_test_endpoint_skips_signature" time="0.806" /><testcase classname="backend.tests.test_rte_sms_signature.TestSMSSignatureFeatures" name="test_get_users_list_includes_email_signature" time="0.474" /><testcase classname="backend.tests.test_rte_sms_signature.TestSMSSignatureFeatures" name="test_put_user_updates_email_signature" time="0.507" /><testcase classname="backend.tests.test_rte_sms_signature.TestSMSSignatureFeatures" name="test_tickets_endpoint_still_works" time="0.367" /><testcase classname="backend.tests.test_rte_sms_signature.TestSMSSignatureFeatures" name="test_settings_tabs_endpoints_work" time="0.475" /></testsuite></testsuites>