<?xml version="1.0" encoding="utf-8"?><testsuites name="pytest tests"><testsuite name="pytest" errors="0" failures="0" skipped="0" tests="16" time="6.421" timestamp="2026-03-24T03:59:22.219249+00:00" hostname="agent-env-75fdfd3f-eab1-4c48-9910-6c6489986fcc"><testcase classname="backend.tests.test_iteration62_remote_devices.TestRustDeskRemoteDevices" name="test_get_all_devices_returns_enriched_list" time="0.438" /><testcase classname="backend.tests.test_iteration62_remote_devices.TestRustDeskRemoteDevices" name="test_all_devices_has_registered_devices" time="0.360" /><testcase classname="backend.tests.test_iteration62_remote_devices.TestRustDeskRemoteDevices" name="test_all_devices_has_unregistered_devices" time="0.343" /><testcase classname="backend.tests.test_iteration62_remote_devices.TestRustDeskRemoteDevices" name="test_get_rustdesk_config" time="0.390" /><testcase classname="backend.tests.test_iteration62_remote_devices.TestRustDeskRemoteDevices" name="test_save_rustdesk_config" time="0.437" /><testcase classname="backend.tests.test_iteration62_remote_devices.TestRustDeskRemoteDevices" name="test_get_sessions" time="0.395" /><testcase classname="backend.tests.test_iteration62_remote_devices.TestRustDeskRemoteDevices" name="test_quick_connect_success" time="0.390" /><testcase classname="backend.tests.test_iteration62_remote_devices.TestRustDeskRemoteDevices" name="test_quick_connect_empty_id_fails" time="0.361" /><testcase classname="backend.tests.test_iteration62_remote_devices.TestRustDeskRemoteDevices" name="test_quick_connect_creates_session" time="0.397" /><testcase classname="backend.tests.test_iteration62_remote_devices.TestRustDeskRemoteDevices" name="test_assign_rustdesk_id_to_device" time="0.470" /><testcase classname="backend.tests.test_iteration62_remote_devices.TestRustDeskRemoteDevices" name="test_assign_rustdesk_id_empty_fails" time="0.355" /><testcase classname="backend.tests.test_iteration62_remote_devices.TestRustDeskRemoteDevices" name="test_assign_rustdesk_id_nonexistent_device_fails" time="0.335" /><testcase classname="backend.tests.test_iteration62_remote_devices.TestRustDeskRemoteDevices" name="test_connect_to_registered_device" time="0.430" /><testcase classname="backend.tests.test_iteration62_remote_devices.TestRustDeskRemoteDevices" name="test_connect_nonexistent_device_fails" time="0.402" /><testcase classname="backend.tests.test_iteration62_remote_devices.TestRustDeskRemoteDevices" name="test_device_data_structure" time="0.378" /><testcase classname="backend.tests.test_iteration62_remote_devices.TestRustDeskRemoteDevices" name="test_session_data_structure" time="0.418" /></testsuite></testsuites>