<?xml version="1.0" encoding="utf-8"?><testsuites name="pytest tests"><testsuite name="pytest" errors="0" failures="0" skipped="0" tests="28" time="12.425" timestamp="2026-05-01T12:16:14.172867+00:00" hostname="agent-env-4a7f80d7-756c-4200-8991-71de3adaf3ec"><testcase classname="backend.tests.test_iteration130_warroom.TestWarRoomAuth" name="test_create_warroom_requires_auth" time="0.308" /><testcase classname="backend.tests.test_iteration130_warroom.TestWarRoomAuth" name="test_list_warrooms_requires_auth" time="0.085" /><testcase classname="backend.tests.test_iteration130_warroom.TestWarRoomAuth" name="test_get_warroom_requires_auth" time="0.331" /><testcase classname="backend.tests.test_iteration130_warroom.TestWarRoomAuth" name="test_post_message_requires_auth" time="0.081" /><testcase classname="backend.tests.test_iteration130_warroom.TestWarRoomAuth" name="test_update_status_requires_auth" time="0.107" /><testcase classname="backend.tests.test_iteration130_warroom.TestWarRoomAuth" name="test_resolve_requires_auth" time="0.106" /><testcase classname="backend.tests.test_iteration130_warroom.TestWarRoomPublicNoAuth" name="test_public_view_no_auth_required" time="0.085" /><testcase classname="backend.tests.test_iteration130_warroom.TestWarRoomCRUD" name="test_create_warroom_title_required" time="0.389" /><testcase classname="backend.tests.test_iteration130_warroom.TestWarRoomCRUD" name="test_create_warroom_empty_title" time="0.352" /><testcase classname="backend.tests.test_iteration130_warroom.TestWarRoomCRUD" name="test_create_warroom_success" time="0.431" /><testcase classname="backend.tests.test_iteration130_warroom.TestWarRoomCRUD" name="test_list_warrooms_excludes_resolved_by_default" time="0.652" /><testcase classname="backend.tests.test_iteration130_warroom.TestWarRoomCRUD" name="test_get_warroom_by_id" time="0.511" /><testcase classname="backend.tests.test_iteration130_warroom.TestWarRoomCRUD" name="test_get_warroom_not_found" time="0.343" /><testcase classname="backend.tests.test_iteration130_warroom.TestWarRoomMessages" name="test_post_message_body_required" time="0.498" /><testcase classname="backend.tests.test_iteration130_warroom.TestWarRoomMessages" name="test_post_message_success" time="0.503" /><testcase classname="backend.tests.test_iteration130_warroom.TestWarRoomMessages" name="test_post_message_adds_participant" time="0.527" /><testcase classname="backend.tests.test_iteration130_warroom.TestWarRoomStatus" name="test_update_status_invalid" time="0.534" /><testcase classname="backend.tests.test_iteration130_warroom.TestWarRoomStatus" name="test_update_status_valid_transitions" time="0.512" /><testcase classname="backend.tests.test_iteration130_warroom.TestWarRoomStatus" name="test_update_status_adds_system_message" time="0.548" /><testcase classname="backend.tests.test_iteration130_warroom.TestWarRoomStatus" name="test_update_eta" time="0.479" /><testcase classname="backend.tests.test_iteration130_warroom.TestWarRoomStatus" name="test_resolve_sets_resolved_at" time="0.513" /><testcase classname="backend.tests.test_iteration130_warroom.TestWarRoomResolve" name="test_resolve_warroom" time="0.436" /><testcase classname="backend.tests.test_iteration130_warroom.TestWarRoomResolve" name="test_resolve_not_found" time="0.533" /><testcase classname="backend.tests.test_iteration130_warroom.TestWarRoomPublicView" name="test_public_view_no_auth" time="0.565" /><testcase classname="backend.tests.test_iteration130_warroom.TestWarRoomPublicView" name="test_public_view_returns_reduced_payload" time="0.705" /><testcase classname="backend.tests.test_iteration130_warroom.TestWarRoomPublicView" name="test_public_view_filters_chat_messages" time="0.708" /><testcase classname="backend.tests.test_iteration130_warroom.TestWarRoomPublicView" name="test_public_view_not_found" time="0.636" /><testcase classname="backend.tests.test_iteration130_warroom.TestWarRoomE2E" name="test_full_incident_lifecycle" time="0.827" /></testsuite></testsuites>