<?xml version="1.0" encoding="utf-8"?><testsuites name="pytest tests"><testsuite name="pytest" errors="0" failures="0" skipped="0" tests="44" time="129.872" timestamp="2026-04-30T13:25:23.774195+00:00" hostname="agent-env-4a7f80d7-756c-4200-8991-71de3adaf3ec"><testcase classname="backend.tests.test_iteration128_trmm_scheduled_broadcasts.TestTrmmScheduledBroadcastsAuth" name="test_create_scheduled_broadcast_requires_auth" time="0.134" /><testcase classname="backend.tests.test_iteration128_trmm_scheduled_broadcasts.TestTrmmScheduledBroadcastsAuth" name="test_list_scheduled_broadcasts_requires_auth" time="0.083" /><testcase classname="backend.tests.test_iteration128_trmm_scheduled_broadcasts.TestTrmmScheduledBroadcastsAuth" name="test_get_scheduled_broadcast_requires_auth" time="0.081" /><testcase classname="backend.tests.test_iteration128_trmm_scheduled_broadcasts.TestTrmmScheduledBroadcastsAuth" name="test_cancel_scheduled_broadcast_requires_auth" time="0.111" /><testcase classname="backend.tests.test_iteration128_trmm_scheduled_broadcasts.TestTrmmScheduledBroadcastsValidation" name="test_503_when_trmm_not_configured" time="0.629" /><testcase classname="backend.tests.test_iteration128_trmm_scheduled_broadcasts.TestTrmmScheduledBroadcastsValidation" name="test_400_missing_agent_ids" time="0.414" /><testcase classname="backend.tests.test_iteration128_trmm_scheduled_broadcasts.TestTrmmScheduledBroadcastsValidation" name="test_400_empty_agent_ids" time="0.353" /><testcase classname="backend.tests.test_iteration128_trmm_scheduled_broadcasts.TestTrmmScheduledBroadcastsValidation" name="test_400_missing_command_and_script_id" time="0.398" /><testcase classname="backend.tests.test_iteration128_trmm_scheduled_broadcasts.TestTrmmScheduledBroadcastsValidation" name="test_400_missing_run_at" time="0.348" /><testcase classname="backend.tests.test_iteration128_trmm_scheduled_broadcasts.TestTrmmScheduledBroadcastsValidation" name="test_400_invalid_run_at_format" time="0.406" /><testcase classname="backend.tests.test_iteration128_trmm_scheduled_broadcasts.TestTrmmScheduledBroadcastsValidation" name="test_400_invalid_repeat_value" time="0.344" /><testcase classname="backend.tests.test_iteration128_trmm_scheduled_broadcasts.TestTrmmScheduledBroadcastsValidation" name="test_400_too_many_agents" time="0.363" /><testcase classname="backend.tests.test_iteration128_trmm_scheduled_broadcasts.TestTrmmScheduledBroadcastsCRUD" name="test_create_scheduled_broadcast_success" time="0.454" /><testcase classname="backend.tests.test_iteration128_trmm_scheduled_broadcasts.TestTrmmScheduledBroadcastsCRUD" name="test_create_scheduled_broadcast_with_script_id" time="0.525" /><testcase classname="backend.tests.test_iteration128_trmm_scheduled_broadcasts.TestTrmmScheduledBroadcastsCRUD" name="test_create_scheduled_broadcast_weekly_repeat" time="0.703" /><testcase classname="backend.tests.test_iteration128_trmm_scheduled_broadcasts.TestTrmmScheduledBroadcastsCRUD" name="test_list_scheduled_broadcasts_pending" time="0.951" /><testcase classname="backend.tests.test_iteration128_trmm_scheduled_broadcasts.TestTrmmScheduledBroadcastsCRUD" name="test_list_scheduled_broadcasts_include_completed" time="1.239" /><testcase classname="backend.tests.test_iteration128_trmm_scheduled_broadcasts.TestTrmmScheduledBroadcastsCRUD" name="test_get_scheduled_broadcast_by_id" time="1.160" /><testcase classname="backend.tests.test_iteration128_trmm_scheduled_broadcasts.TestTrmmScheduledBroadcastsCRUD" name="test_get_scheduled_broadcast_404_for_bogus_id" time="0.287" /><testcase classname="backend.tests.test_iteration128_trmm_scheduled_broadcasts.TestTrmmScheduledBroadcastsCRUD" name="test_cancel_scheduled_broadcast" time="1.391" /><testcase classname="backend.tests.test_iteration128_trmm_scheduled_broadcasts.TestTrmmScheduledBroadcastsCRUD" name="test_cancel_already_cancelled_returns_404" time="5.518" /><testcase classname="backend.tests.test_iteration128_trmm_scheduled_broadcasts.TestTrmmScheduledBroadcastsCRUD" name="test_cancel_bogus_id_returns_404" time="0.280" /><testcase classname="backend.tests.test_iteration128_trmm_scheduled_broadcasts.TestTrmmSchedulerLoop" name="test_scheduler_loop_once_repeat" time="36.559" /><testcase classname="backend.tests.test_iteration128_trmm_scheduled_broadcasts.TestTrmmSchedulerLoop" name="test_scheduler_loop_daily_repeat" time="36.705" /><testcase classname="backend.tests.test_iteration128_trmm_scheduled_broadcasts.TestTrmmSchedulerLoop" name="test_cancelled_schedules_not_picked_up" time="36.773" /><testcase classname="backend.tests.test_iteration128_trmm_scheduled_broadcasts.TestTrmmRegressionIterations122to127" name="test_trmm_settings_endpoints" time="0.197" /><testcase classname="backend.tests.test_iteration128_trmm_scheduled_broadcasts.TestTrmmRegressionIterations122to127" name="test_trmm_summary_endpoint" time="0.092" /><testcase classname="backend.tests.test_iteration128_trmm_scheduled_broadcasts.TestTrmmRegressionIterations122to127" name="test_trmm_test_endpoint" time="0.108" /><testcase classname="backend.tests.test_iteration128_trmm_scheduled_broadcasts.TestTrmmRegressionIterations122to127" name="test_trmm_auto_link_503_when_not_configured" time="0.310" /><testcase classname="backend.tests.test_iteration128_trmm_scheduled_broadcasts.TestTrmmRegressionIterations122to127" name="test_trmm_linked_devices" time="0.076" /><testcase classname="backend.tests.test_iteration128_trmm_scheduled_broadcasts.TestTrmmRegressionIterations122to127" name="test_trmm_agents_503_when_not_configured" time="0.263" /><testcase classname="backend.tests.test_iteration128_trmm_scheduled_broadcasts.TestTrmmRegressionIterations122to127" name="test_trmm_clients_503_when_not_configured" time="0.278" /><testcase classname="backend.tests.test_iteration128_trmm_scheduled_broadcasts.TestTrmmRegressionIterations122to127" name="test_trmm_scripts_503_when_not_configured" time="0.281" /><testcase classname="backend.tests.test_iteration128_trmm_scheduled_broadcasts.TestTrmmRegressionIterations122to127" name="test_trmm_scripts_favorites_mine" time="0.091" /><testcase classname="backend.tests.test_iteration128_trmm_scheduled_broadcasts.TestTrmmRegressionIterations122to127" name="test_trmm_agent_services_graceful" time="0.274" /><testcase classname="backend.tests.test_iteration128_trmm_scheduled_broadcasts.TestTrmmRegressionIterations122to127" name="test_trmm_agent_processes_graceful" time="0.251" /><testcase classname="backend.tests.test_iteration128_trmm_scheduled_broadcasts.TestTrmmRegressionIterations122to127" name="test_trmm_agent_software_graceful" time="0.271" /><testcase classname="backend.tests.test_iteration128_trmm_scheduled_broadcasts.TestTrmmRegressionIterations122to127" name="test_trmm_agent_winupdates_graceful" time="0.297" /><testcase classname="backend.tests.test_iteration128_trmm_scheduled_broadcasts.TestTrmmRegressionIterations122to127" name="test_trmm_runs_404_for_bogus" time="0.081" /><testcase classname="backend.tests.test_iteration128_trmm_scheduled_broadcasts.TestTrmmRegressionIterations122to127" name="test_trmm_actions_log" time="0.099" /><testcase classname="backend.tests.test_iteration128_trmm_scheduled_broadcasts.TestTrmmRegressionIterations122to127" name="test_trmm_broadcast_503_when_not_configured" time="0.288" /><testcase classname="backend.tests.test_iteration128_trmm_scheduled_broadcasts.TestTrmmRegressionIterations122to127" name="test_trmm_broadcasts_list" time="0.076" /><testcase classname="backend.tests.test_iteration128_trmm_scheduled_broadcasts.TestTrmmRegressionIterations122to127" name="test_trmm_broadcast_404_for_bogus" time="0.104" /><testcase classname="backend.tests.test_iteration128_trmm_scheduled_broadcasts.TestTrmmRegressionIterations122to127" name="test_remote_providers_active" time="0.094" /></testsuite></testsuites>