<?xml version="1.0" encoding="utf-8"?><testsuites name="pytest tests"><testsuite name="pytest" errors="0" failures="0" skipped="0" tests="18" time="26.000" timestamp="2026-05-03T13:05:08.680132+00:00" hostname="agent-env-4a7f80d7-756c-4200-8991-71de3adaf3ec"><testcase classname="backend.tests.test_iteration148_finance_intel_ui.TestQuoteNudgeEndpoint" name="test_quote_nudge_returns_expected_fields" time="0.834" /><testcase classname="backend.tests.test_iteration148_finance_intel_ui.TestQuoteNudgeEndpoint" name="test_quote_nudge_404_on_missing_ticket" time="0.124" /><testcase classname="backend.tests.test_iteration148_finance_intel_ui.TestApplyKitEndpoint" name="test_apply_kit_404_on_missing_ticket" time="0.088" /><testcase classname="backend.tests.test_iteration148_finance_intel_ui.TestApplyKitEndpoint" name="test_apply_kit_404_on_missing_kit" time="0.184" /><testcase classname="backend.tests.test_iteration148_finance_intel_ui.TestApplyKitEndpoint" name="test_apply_kit_with_real_kit" time="0.324" /><testcase classname="backend.tests.test_iteration148_finance_intel_ui.TestDisputeScanEndpoint" name="test_dispute_scan_returns_expected_fields" time="13.082" /><testcase classname="backend.tests.test_iteration148_finance_intel_ui.TestDisputeScanEndpoint" name="test_dispute_scan_404_on_missing_invoice" time="0.130" /><testcase classname="backend.tests.test_iteration148_finance_intel_ui.TestHelpArticles" name="test_help_articles_count" time="0.094" /><testcase classname="backend.tests.test_iteration148_finance_intel_ui.TestHelpArticles" name="test_tickets_toolbar_reference_article" time="0.086" /><testcase classname="backend.tests.test_iteration148_finance_intel_ui.TestHelpArticles" name="test_invoice_dispute_scan_article" time="0.128" /><testcase classname="backend.tests.test_iteration148_finance_intel_ui.TestHelpArticles" name="test_quote_nudge_banner_article" time="0.120" /><testcase classname="backend.tests.test_iteration148_finance_intel_ui.TestProductKitsEndpoint" name="test_product_kits_list" time="0.141" /><testcase classname="backend.tests.test_iteration148_finance_intel_ui.TestRegressionEndpoints" name="test_tickets_list" time="0.112" /><testcase classname="backend.tests.test_iteration148_finance_intel_ui.TestRegressionEndpoints" name="test_invoices_list" time="0.102" /><testcase classname="backend.tests.test_iteration148_finance_intel_ui.TestRegressionEndpoints" name="test_finance_intel_endpoints" time="0.442" /><testcase classname="backend.tests.test_iteration148_finance_intel_ui.TestRegressionEndpoints" name="test_devices_list" time="0.094" /><testcase classname="backend.tests.test_iteration148_finance_intel_ui.TestRegressionEndpoints" name="test_clients_list" time="0.093" /><testcase classname="backend.tests.test_iteration148_finance_intel_ui.TestRegressionEndpoints" name="test_help_copilot" time="9.733" /></testsuite></testsuites>