<?xml version="1.0" encoding="utf-8"?><testsuites name="pytest tests"><testsuite name="pytest" errors="0" failures="0" skipped="0" tests="16" time="8.149" timestamp="2026-03-20T07:02:08.595540+00:00" hostname="agent-env-1570bf02-b508-475a-90a6-e69c9a4fc164"><testcase classname="tests.test_iteration46_11_features.TestSelfHealing" name="test_dashboard" time="1.337" /><testcase classname="tests.test_iteration46_11_features.TestSelfHealing" name="test_runbooks_list" time="0.411" /><testcase classname="tests.test_iteration46_11_features.TestSelfHealing" name="test_simulate_issue" time="0.436" /><testcase classname="tests.test_iteration46_11_features.TestPredictiveFailure" name="test_overview" time="0.412" /><testcase classname="tests.test_iteration46_11_features.TestUsageBilling" name="test_overview" time="0.426" /><testcase classname="tests.test_iteration46_11_features.TestPricingCalculator" name="test_overview" time="0.423" /><testcase classname="tests.test_iteration46_11_features.TestPricingCalculator" name="test_calculate" time="0.428" /><testcase classname="tests.test_iteration46_11_features.TestCommsTimeline" name="test_overview" time="0.407" /><testcase classname="tests.test_iteration46_11_features.TestCommsTimeline" name="test_client_detail" time="0.406" /><testcase classname="tests.test_iteration46_11_features.TestQBRGenerator" name="test_list" time="0.411" /><testcase classname="tests.test_iteration46_11_features.TestZeroTrust" name="test_overview" time="0.426" /><testcase classname="tests.test_iteration46_11_features.TestWebhookBuilder" name="test_list" time="0.406" /><testcase classname="tests.test_iteration46_11_features.TestGitScripts" name="test_list" time="0.389" /><testcase classname="tests.test_iteration46_11_features.TestLatePayment" name="test_predictions" time="0.408" /><testcase classname="tests.test_iteration46_11_features.TestRansomwareTabletop" name="test_scenarios" time="0.405" /><testcase classname="tests.test_iteration46_11_features.TestRansomwareTabletop" name="test_start_drill" time="0.862" /></testsuite></testsuites>