<?xml version="1.0" encoding="utf-8"?><testsuites name="pytest tests"><testsuite name="pytest" errors="0" failures="0" skipped="0" tests="14" time="9.518" timestamp="2026-04-18T01:15:51.557636+00:00" hostname="agent-env-4a7f80d7-756c-4200-8991-71de3adaf3ec"><testcase classname="backend.tests.test_iteration97_portal_user_management.TestPortalUserManagement" name="test_01_list_portal_users" time="0.412" /><testcase classname="backend.tests.test_iteration97_portal_user_management.TestPortalUserManagement" name="test_02_create_portal_user_success" time="0.652" /><testcase classname="backend.tests.test_iteration97_portal_user_management.TestPortalUserManagement" name="test_03_create_portal_user_duplicate_email_returns_409" time="0.745" /><testcase classname="backend.tests.test_iteration97_portal_user_management.TestPortalUserManagement" name="test_04_update_portal_user_permissions" time="0.803" /><testcase classname="backend.tests.test_iteration97_portal_user_management.TestPortalUserManagement" name="test_05_reset_portal_user_password" time="0.902" /><testcase classname="backend.tests.test_iteration97_portal_user_management.TestPortalUserManagement" name="test_06_delete_portal_user" time="0.705" /><testcase classname="backend.tests.test_iteration97_portal_user_management.TestPortalUserManagement" name="test_07_delete_nonexistent_user_returns_404" time="0.375" /><testcase classname="backend.tests.test_iteration97_portal_user_management.TestPortalUserManagement" name="test_08_created_user_can_login_to_portal" time="1.088" /><testcase classname="backend.tests.test_iteration97_portal_user_management.TestPortalUserManagement" name="test_09_create_user_with_custom_password" time="0.970" /><testcase classname="backend.tests.test_iteration97_portal_user_management.TestPortalUserManagement" name="test_10_disable_user_blocks_login" time="1.243" /><testcase classname="backend.tests.test_iteration97_portal_user_management.TestPortalUserManagementEdgeCases" name="test_create_user_without_email_returns_400" time="0.389" /><testcase classname="backend.tests.test_iteration97_portal_user_management.TestPortalUserManagementEdgeCases" name="test_update_nonexistent_user_returns_404" time="0.394" /><testcase classname="backend.tests.test_iteration97_portal_user_management.TestPortalUserManagementEdgeCases" name="test_reset_password_nonexistent_user_returns_404" time="0.374" /><testcase classname="backend.tests.test_iteration97_portal_user_management.TestPortalUserManagementEdgeCases" name="test_list_users_for_nonexistent_client" time="0.385" /></testsuite></testsuites>