<?xml version="1.0" encoding="utf-8"?><testsuites name="pytest tests"><testsuite name="pytest" errors="0" failures="0" skipped="0" tests="14" time="1.296" timestamp="2026-03-20T11:28:23.556185+00:00" hostname="agent-env-1570bf02-b508-475a-90a6-e69c9a4fc164"><testcase classname="backend.tests.test_iteration48_ticket_enrichment.TestTicketEnrichmentAPI" name="test_ticket_enrichment_endpoint_exists" time="0.485" /><testcase classname="backend.tests.test_iteration48_ticket_enrichment.TestTicketEnrichmentAPI" name="test_ticket_enrichment_has_client_context" time="0.052" /><testcase classname="backend.tests.test_iteration48_ticket_enrichment.TestTicketEnrichmentAPI" name="test_ticket_enrichment_has_sentiment" time="0.046" /><testcase classname="backend.tests.test_iteration48_ticket_enrichment.TestTicketEnrichmentAPI" name="test_ticket_enrichment_has_blast_radius" time="0.048" /><testcase classname="backend.tests.test_iteration48_ticket_enrichment.TestTicketEnrichmentAPI" name="test_ticket_enrichment_has_ttr_prediction" time="0.050" /><testcase classname="backend.tests.test_iteration48_ticket_enrichment.TestTicketEnrichmentAPI" name="test_ticket_enrichment_has_merge_candidates" time="0.046" /><testcase classname="backend.tests.test_iteration48_ticket_enrichment.TestTicketEnrichmentAPI" name="test_ticket_enrichment_invalid_ticket" time="0.035" /><testcase classname="backend.tests.test_iteration48_ticket_enrichment.TestPhaseGRegressionEndpoints" name="test_dashboard_builder_endpoint" time="0.045" /><testcase classname="backend.tests.test_iteration48_ticket_enrichment.TestPhaseGRegressionEndpoints" name="test_channel_mode_endpoint" time="0.086" /><testcase classname="backend.tests.test_iteration48_ticket_enrichment.TestPhaseGRegressionEndpoints" name="test_mobile_tech_endpoint" time="0.046" /><testcase classname="backend.tests.test_iteration48_ticket_enrichment.TestPhaseGRegressionEndpoints" name="test_soc_realtime_endpoint" time="0.043" /><testcase classname="backend.tests.test_iteration48_ticket_enrichment.TestPhaseGRegressionEndpoints" name="test_revenue_tracker_endpoint" time="0.046" /><testcase classname="backend.tests.test_iteration48_ticket_enrichment.TestDashboardAndBasicEndpoints" name="test_dashboard_stats" time="0.057" /><testcase classname="backend.tests.test_iteration48_ticket_enrichment.TestDashboardAndBasicEndpoints" name="test_dashboard_enhanced_stats" time="0.129" /></testsuite></testsuites>