<?xml version="1.0" encoding="utf-8"?><testsuites name="pytest tests"><testsuite name="pytest" errors="0" failures="0" skipped="0" tests="13" time="3.905" timestamp="2026-03-20T11:50:29.162755+00:00" hostname="agent-env-1570bf02-b508-475a-90a6-e69c9a4fc164"><testcase classname="backend.tests.test_iteration49_ticket_enrichment_triage.TestAITicketTriage" name="test_triage_email_category_critical_priority" time="0.556" /><testcase classname="backend.tests.test_iteration49_ticket_enrichment_triage.TestAITicketTriage" name="test_triage_network_category" time="0.109" /><testcase classname="backend.tests.test_iteration49_ticket_enrichment_triage.TestAITicketTriage" name="test_triage_security_category" time="0.094" /><testcase classname="backend.tests.test_iteration49_ticket_enrichment_triage.TestAITicketTriage" name="test_triage_low_priority" time="0.187" /><testcase classname="backend.tests.test_iteration49_ticket_enrichment_triage.TestAITicketTriage" name="test_triage_has_analysis" time="0.134" /><testcase classname="backend.tests.test_iteration49_ticket_enrichment_triage.TestSkillsMatrix" name="test_get_skills_matrix" time="0.420" /><testcase classname="backend.tests.test_iteration49_ticket_enrichment_triage.TestClientContacts" name="test_get_acme_contacts" time="0.419" /><testcase classname="backend.tests.test_iteration49_ticket_enrichment_triage.TestClientContacts" name="test_get_techstart_contacts" time="0.092" /><testcase classname="backend.tests.test_iteration49_ticket_enrichment_triage.TestClientContacts" name="test_get_global_finance_contacts" time="0.078" /><testcase classname="backend.tests.test_iteration49_ticket_enrichment_triage.TestClientContacts" name="test_get_nonexistent_client_contacts" time="0.083" /><testcase classname="backend.tests.test_iteration49_ticket_enrichment_triage.TestTicketEnrichmentRegression" name="test_enrichment_endpoint_exists" time="0.511" /><testcase classname="backend.tests.test_iteration49_ticket_enrichment_triage.TestTicketTitleUpdate" name="test_update_ticket_title" time="0.681" /><testcase classname="backend.tests.test_iteration49_ticket_enrichment_triage.TestTriageAssigneeRouting" name="test_triage_routes_to_skilled_tech" time="0.413" /></testsuite></testsuites>