<?xml version="1.0" encoding="utf-8"?><testsuites name="pytest tests"><testsuite name="pytest" errors="0" failures="0" skipped="0" tests="18" time="97.347" timestamp="2026-05-08T13:29:05.061733+00:00" hostname="agent-env-4a7f80d7-756c-4200-8991-71de3adaf3ec"><testcase classname="backend.tests.test_iteration154_backup_center_advanced.TestAcronisOrphans" name="test_orphans_returns_totals" time="7.756" /><testcase classname="backend.tests.test_iteration154_backup_center_advanced.TestAcronisOrphans" name="test_orphans_with_stale_days_param" time="7.436" /><testcase classname="backend.tests.test_iteration154_backup_center_advanced.TestAcronisOrphans" name="test_orphans_unprotected_structure" time="8.205" /><testcase classname="backend.tests.test_iteration154_backup_center_advanced.TestAcronisAgentsHealth" name="test_agents_health_returns_summary" time="1.767" /><testcase classname="backend.tests.test_iteration154_backup_center_advanced.TestAcronisAgentsHealth" name="test_agents_health_online_pct_calculation" time="2.687" /><testcase classname="backend.tests.test_iteration154_backup_center_advanced.TestAcronisAlertsDismiss" name="test_dismiss_invalid_alert_graceful" time="0.924" /><testcase classname="backend.tests.test_iteration154_backup_center_advanced.TestAcronisAlertsDismiss" name="test_dismiss_requires_auth" time="0.141" /><testcase classname="backend.tests.test_iteration154_backup_center_advanced.TestAcronisConsoleLink" name="test_console_link_base_url" time="0.097" /><testcase classname="backend.tests.test_iteration154_backup_center_advanced.TestAcronisConsoleLink" name="test_console_link_with_resource_id" time="0.095" /><testcase classname="backend.tests.test_iteration154_backup_center_advanced.TestAcronisConsoleLink" name="test_console_link_with_alert_id" time="0.103" /><testcase classname="backend.tests.test_iteration154_backup_center_advanced.TestAcronisLiveActivities" name="test_live_activities_returns_structure" time="20.631" /><testcase classname="backend.tests.test_iteration154_backup_center_advanced.TestAcronisLiveActivities" name="test_live_activities_running_count_matches" time="20.701" /><testcase classname="backend.tests.test_iteration154_backup_center_advanced.TestAcronisLiveActivities" name="test_live_activities_recent_limited" time="20.681" /><testcase classname="backend.tests.test_iteration154_backup_center_advanced.TestBackupCenterExistingEndpoints" name="test_backup_dashboard_overview" time="0.142" /><testcase classname="backend.tests.test_iteration154_backup_center_advanced.TestBackupCenterExistingEndpoints" name="test_backup_compliance_dashboard" time="0.097" /><testcase classname="backend.tests.test_iteration154_backup_center_advanced.TestBackupCenterExistingEndpoints" name="test_backup_verify_overview" time="0.114" /><testcase classname="backend.tests.test_iteration154_backup_center_advanced.TestBackupCenterExistingEndpoints" name="test_acronis_usage_summary" time="4.340" /><testcase classname="backend.tests.test_iteration154_backup_center_advanced.TestBackupCenterExistingEndpoints" name="test_acronis_alerts" time="1.366" /></testsuite></testsuites>