<?xml version="1.0" encoding="utf-8"?><testsuites name="pytest tests"><testsuite name="pytest" errors="0" failures="0" skipped="0" tests="7" time="1.620" timestamp="2026-06-26T05:41:33.913382+00:00" hostname="agent-env-4a7f80d7-756c-4200-8991-71de3adaf3ec"><testcase classname="backend.tests.test_iteration172_whats_new_and_help.TestChangelog" name="test_entries_returns_at_least_six" time="0.600" /><testcase classname="backend.tests.test_iteration172_whats_new_and_help.TestChangelog" name="test_entries_requires_auth" time="0.134" /><testcase classname="backend.tests.test_iteration172_whats_new_and_help.TestChangelog" name="test_since_filters_by_date" time="0.083" /><testcase classname="backend.tests.test_iteration172_whats_new_and_help.TestChangelog" name="test_since_no_date_returns_all" time="0.119" /><testcase classname="backend.tests.test_iteration172_whats_new_and_help.TestHelpArticles" name="test_articles_contains_modern_and_excludes_stale" time="0.088" /><testcase classname="backend.tests.test_iteration172_whats_new_and_help.TestHelpArticles" name="test_whats_new_article_body" time="0.096" /><testcase classname="backend.tests.test_iteration172_whats_new_and_help.TestHelpReseed" name="test_reseed_returns_expected_fields_and_prunes" time="0.435" /></testsuite></testsuites>