<?xml version="1.0" encoding="utf-8"?><testsuites name="pytest tests"><testsuite name="pytest" errors="0" failures="0" skipped="0" tests="23" time="9.502" timestamp="2026-05-08T14:37:38.347330+00:00" hostname="agent-env-4a7f80d7-756c-4200-8991-71de3adaf3ec"><testcase classname="backend.tests.test_iteration157_new_features.TestAutoLinkAcronisEndpoint" name="test_auto_link_requires_auth" time="0.408" /><testcase classname="backend.tests.test_iteration157_new_features.TestAutoLinkAcronisEndpoint" name="test_auto_link_empty_body" time="3.371" /><testcase classname="backend.tests.test_iteration157_new_features.TestAutoLinkAcronisEndpoint" name="test_auto_link_with_client_id" time="1.587" /><testcase classname="backend.tests.test_iteration157_new_features.TestAutoLinkAcronisEndpoint" name="test_auto_link_response_includes_device_lists" time="1.466" /><testcase classname="backend.tests.test_iteration157_new_features.TestDriftWatchtowerEndpoint" name="test_drift_watchtower_requires_auth" time="0.085" /><testcase classname="backend.tests.test_iteration157_new_features.TestDriftWatchtowerEndpoint" name="test_drift_watchtower_response_structure" time="0.110" /><testcase classname="backend.tests.test_iteration157_new_features.TestDriftWatchtowerEndpoint" name="test_drift_watchtower_top_offenders_structure" time="0.139" /><testcase classname="backend.tests.test_iteration157_new_features.TestDriftWatchtowerEndpoint" name="test_drift_watchtower_with_min_drift_filter" time="0.110" /><testcase classname="backend.tests.test_iteration157_new_features.TestDriftWatchtowerCreateTicketsEndpoint" name="test_create_tickets_requires_auth" time="0.114" /><testcase classname="backend.tests.test_iteration157_new_features.TestDriftWatchtowerCreateTicketsEndpoint" name="test_create_tickets_response_structure" time="0.113" /><testcase classname="backend.tests.test_iteration157_new_features.TestDriftWatchtowerCreateTicketsEndpoint" name="test_create_tickets_idempotent" time="0.203" /><testcase classname="backend.tests.test_iteration157_new_features.TestDriftWatchtowerCreateTicketsEndpoint" name="test_create_tickets_with_thresholds" time="0.109" /><testcase classname="backend.tests.test_iteration157_new_features.TestWatchDeviceEndpoint" name="test_watch_device_requires_auth" time="0.182" /><testcase classname="backend.tests.test_iteration157_new_features.TestWatchDeviceEndpoint" name="test_unwatch_device_requires_auth" time="0.101" /><testcase classname="backend.tests.test_iteration157_new_features.TestWatchDeviceEndpoint" name="test_watch_and_unwatch_device" time="0.367" /><testcase classname="backend.tests.test_iteration157_new_features.TestWatchDeviceEndpoint" name="test_watch_nonexistent_device" time="0.092" /><testcase classname="backend.tests.test_iteration157_new_features.TestWorkspaceEndpointRegression" name="test_workspace_returns_watched_devices" time="0.103" /><testcase classname="backend.tests.test_iteration157_new_features.TestTeamPinEndpoint" name="test_team_pin_status_requires_auth" time="0.112" /><testcase classname="backend.tests.test_iteration157_new_features.TestTeamPinEndpoint" name="test_team_pin_status_returns_structure" time="0.228" /><testcase classname="backend.tests.test_iteration157_new_features.TestRegressionExistingFeatures" name="test_devices_list" time="0.142" /><testcase classname="backend.tests.test_iteration157_new_features.TestRegressionExistingFeatures" name="test_recurring_invoices_list" time="0.101" /><testcase classname="backend.tests.test_iteration157_new_features.TestRegressionExistingFeatures" name="test_tickets_list" time="0.074" /><testcase classname="backend.tests.test_iteration157_new_features.TestRegressionExistingFeatures" name="test_clients_list" time="0.087" /></testsuite></testsuites>