<?xml version="1.0" encoding="utf-8"?><testsuites name="pytest tests"><testsuite name="pytest" errors="0" failures="0" skipped="0" tests="11" time="5.108" timestamp="2026-03-16T23:07:03.424056+00:00" hostname="agent-env-8017133e-ae14-45a5-821e-6b1beef248b2"><testcase classname="backend.tests.test_iteration22_dmarc_compliance.TestDmarcComplianceDashboard" name="test_compliance_dashboard_returns_200" time="0.606" /><testcase classname="backend.tests.test_iteration22_dmarc_compliance.TestDmarcComplianceDashboard" name="test_compliance_dashboard_has_overall_score" time="0.412" /><testcase classname="backend.tests.test_iteration22_dmarc_compliance.TestDmarcComplianceDashboard" name="test_compliance_dashboard_has_total_clients" time="0.452" /><testcase classname="backend.tests.test_iteration22_dmarc_compliance.TestDmarcComplianceDashboard" name="test_compliance_dashboard_has_protected_counts" time="0.428" /><testcase classname="backend.tests.test_iteration22_dmarc_compliance.TestDmarcComplianceDashboard" name="test_compliance_dashboard_has_at_risk_clients" time="0.471" /><testcase classname="backend.tests.test_iteration22_dmarc_compliance.TestDmarcComplianceDashboard" name="test_compliance_dashboard_has_service_coverage" time="0.588" /><testcase classname="backend.tests.test_iteration22_dmarc_compliance.TestDmarcComplianceDashboard" name="test_compliance_dashboard_has_client_details" time="0.409" /><testcase classname="backend.tests.test_iteration22_dmarc_compliance.TestDmarcComplianceDashboard" name="test_compliance_dashboard_score_calculation" time="0.395" /><testcase classname="backend.tests.test_iteration22_dmarc_compliance.TestDmarcComplianceDashboard" name="test_compliance_requires_authentication" time="0.415" /><testcase classname="backend.tests.test_iteration22_dmarc_compliance.TestDmarcComplianceDashboard" name="test_partially_protected_client_has_correct_services" time="0.389" /><testcase classname="backend.tests.test_iteration22_dmarc_compliance.TestSupedServices" name="test_suped_services_returns_6_services" time="0.400" /></testsuite></testsuites>