<?xml version="1.0" encoding="utf-8"?><testsuites name="pytest tests"><testsuite name="pytest" errors="0" failures="0" skipped="0" tests="22" time="16.028" timestamp="2026-03-21T03:34:36.170701+00:00" hostname="agent-env-9a29852d-e43a-462d-b52c-2d7dfec47e87"><testcase classname="backend.tests.test_iteration57_onboarding_enhanced.TestOnboardingTemplates" name="test_get_templates_returns_4_templates" time="1.177" /><testcase classname="backend.tests.test_iteration57_onboarding_enhanced.TestOnboardingTemplates" name="test_get_templates_returns_8_step_definitions" time="0.507" /><testcase classname="backend.tests.test_iteration57_onboarding_enhanced.TestOnboardingTemplates" name="test_template_structure" time="0.397" /><testcase classname="backend.tests.test_iteration57_onboarding_enhanced.TestOnboardingSessions" name="test_create_session_with_template" time="0.810" /><testcase classname="backend.tests.test_iteration57_onboarding_enhanced.TestOnboardingSessions" name="test_list_sessions_returns_stats" time="0.848" /><testcase classname="backend.tests.test_iteration57_onboarding_enhanced.TestOnboardingSessions" name="test_get_session_by_id" time="0.394" /><testcase classname="backend.tests.test_iteration57_onboarding_enhanced.TestOnboardingSessions" name="test_get_nonexistent_session_returns_404" time="0.426" /><testcase classname="backend.tests.test_iteration57_onboarding_enhanced.TestOnboardingSteps" name="test_save_step_data" time="0.405" /><testcase classname="backend.tests.test_iteration57_onboarding_enhanced.TestOnboardingSteps" name="test_complete_step_advances_current_step" time="0.852" /><testcase classname="backend.tests.test_iteration57_onboarding_enhanced.TestOnboardingSteps" name="test_skip_step" time="0.387" /><testcase classname="backend.tests.test_iteration57_onboarding_enhanced.TestOnboardingSteps" name="test_complete_asset_discovery_step" time="0.405" /><testcase classname="backend.tests.test_iteration57_onboarding_enhanced.TestOnboardingSteps" name="test_complete_contracts_billing_step" time="0.408" /><testcase classname="backend.tests.test_iteration57_onboarding_enhanced.TestOnboardingPreflight" name="test_update_preflight_checklist" time="0.398" /><testcase classname="backend.tests.test_iteration57_onboarding_enhanced.TestOnboardingPreflight" name="test_preflight_affects_health_score" time="0.849" /><testcase classname="backend.tests.test_iteration57_onboarding_enhanced.TestOnboardingPauseResume" name="test_pause_and_resume_session" time="2.038" /><testcase classname="backend.tests.test_iteration57_onboarding_enhanced.TestOnboardingComplete" name="test_complete_onboarding_without_ticket" time="1.212" /><testcase classname="backend.tests.test_iteration57_onboarding_enhanced.TestOnboardingComplete" name="test_complete_onboarding_with_first_ticket" time="1.206" /><testcase classname="backend.tests.test_iteration57_onboarding_enhanced.TestOnboardingDelete" name="test_delete_session" time="1.193" /><testcase classname="backend.tests.test_iteration57_onboarding_enhanced.TestOnboardingDelete" name="test_delete_nonexistent_session_returns_404" time="0.411" /><testcase classname="backend.tests.test_iteration57_onboarding_enhanced.TestOnboardingDashboardStats" name="test_get_dashboard_stats" time="0.410" /><testcase classname="backend.tests.test_iteration57_onboarding_enhanced.TestOnboardingAuditLog" name="test_audit_log_records_actions" time="0.405" /><testcase classname="backend.tests.test_iteration57_onboarding_enhanced.TestOnboardingPreflightChecklist" name="test_get_preflight_checklist" time="0.798" /></testsuite></testsuites>