<?xml version="1.0" encoding="utf-8"?><testsuites name="pytest tests"><testsuite name="pytest" errors="0" failures="0" skipped="0" tests="12" time="1.568" timestamp="2026-03-12T10:41:46.161848+00:00" hostname="agent-env-f8e9ba39-be05-4758-9211-f80239f351ec"><testcase classname="backend.tests.test_device_ticket_integration.TestDeviceDetailWithTickets" name="test_device_detail_includes_tickets" time="0.462" /><testcase classname="backend.tests.test_device_ticket_integration.TestDeviceDetailWithTickets" name="test_device_003_has_tickets" time="0.048" /><testcase classname="backend.tests.test_device_ticket_integration.TestDeviceDetailWithTickets" name="test_device_005_has_tickets" time="0.046" /><testcase classname="backend.tests.test_device_ticket_integration.TestTicketsWithDeviceInfo" name="test_tickets_list_has_device_columns" time="0.038" /><testcase classname="backend.tests.test_device_ticket_integration.TestTicketsWithDeviceInfo" name="test_specific_ticket_has_correct_device" time="0.044" /><testcase classname="backend.tests.test_device_ticket_integration.TestTicketCreationWithDevice" name="test_create_ticket_with_device_resolves_name" time="0.143" /><testcase classname="backend.tests.test_device_ticket_integration.TestTicketUpdateWithDevice" name="test_update_ticket_device_resolves_name" time="0.271" /><testcase classname="backend.tests.test_device_ticket_integration.TestTicketUpdateWithDevice" name="test_clear_device_from_ticket" time="0.227" /><testcase classname="backend.tests.test_device_ticket_integration.TestDevicesPage" name="test_devices_list_returns_10_devices" time="0.040" /><testcase classname="backend.tests.test_device_ticket_integration.TestDevicesPage" name="test_devices_stats_summary" time="0.043" /><testcase classname="backend.tests.test_device_ticket_integration.TestTicketsSeedData" name="test_total_tickets_count" time="0.047" /><testcase classname="backend.tests.test_device_ticket_integration.TestTicketsSeedData" name="test_tickets_with_devices_count" time="0.035" /></testsuite></testsuites>