<?xml version="1.0" encoding="utf-8"?><testsuites name="pytest tests"><testsuite name="pytest" errors="0" failures="0" skipped="0" tests="21" time="13.232" timestamp="2026-03-17T12:27:18.653444+00:00" hostname="agent-env-9387c172-567b-45d3-98db-d69d6216eb4a"><testcase classname="backend.tests.test_iteration30_new_features.TestO365Mailbox" name="test_get_o365_settings" time="1.263" /><testcase classname="backend.tests.test_iteration30_new_features.TestO365Mailbox" name="test_connect_o365_mailbox" time="0.442" /><testcase classname="backend.tests.test_iteration30_new_features.TestO365Mailbox" name="test_o365_test_connection" time="0.399" /><testcase classname="backend.tests.test_iteration30_new_features.TestO365Mailbox" name="test_get_email_leads" time="0.405" /><testcase classname="backend.tests.test_iteration30_new_features.TestEmailToLead" name="test_incoming_email_creates_lead" time="0.402" /><testcase classname="backend.tests.test_iteration30_new_features.TestEmailToLead" name="test_duplicate_email_adds_activity" time="0.839" /><testcase classname="backend.tests.test_iteration30_new_features.TestAssetLifecycle" name="test_get_lifecycle_dashboard" time="0.408" /><testcase classname="backend.tests.test_iteration30_new_features.TestAssetLifecycle" name="test_get_all_lifecycle_assets" time="0.416" /><testcase classname="backend.tests.test_iteration30_new_features.TestAssetLifecycle" name="test_create_lifecycle_asset" time="0.402" /><testcase classname="backend.tests.test_iteration30_new_features.TestAssetLifecycle" name="test_transition_lifecycle_stage" time="1.254" /><testcase classname="backend.tests.test_iteration30_new_features.TestPredictiveMaintenance" name="test_get_predictive_dashboard" time="0.401" /><testcase classname="backend.tests.test_iteration30_new_features.TestPredictiveMaintenance" name="test_get_device_prediction" time="0.806" /><testcase classname="backend.tests.test_iteration30_new_features.TestEventBusAndViewers" name="test_publish_event" time="0.434" /><testcase classname="backend.tests.test_iteration30_new_features.TestEventBusAndViewers" name="test_get_recent_events" time="0.405" /><testcase classname="backend.tests.test_iteration30_new_features.TestEventBusAndViewers" name="test_mark_viewing_ticket" time="0.792" /><testcase classname="backend.tests.test_iteration30_new_features.TestEventBusAndViewers" name="test_get_active_viewers" time="0.396" /><testcase classname="backend.tests.test_iteration30_new_features.TestEventBusAndViewers" name="test_stop_viewing_ticket" time="0.831" /><testcase classname="backend.tests.test_iteration30_new_features.TestHealthRadar" name="test_get_health_radar_dashboard" time="0.412" /><testcase classname="backend.tests.test_iteration30_new_features.TestTicketNumbers" name="test_tickets_have_numbers" time="0.432" /><testcase classname="backend.tests.test_iteration30_new_features.TestLeadsFix" name="test_convert_lead_to_client" time="0.814" /><testcase classname="backend.tests.test_iteration30_new_features.TestLeadsFix" name="test_create_ticket_from_lead" time="1.222" /></testsuite></testsuites>