<?xml version="1.0" encoding="utf-8"?><testsuites name="pytest tests"><testsuite name="pytest" errors="0" failures="0" skipped="0" tests="27" time="35.811" timestamp="2026-03-18T12:01:49.468249+00:00" hostname="agent-env-12a2609d-2f4c-4d84-bba8-fed338581d6b"><testcase classname="backend.tests.test_iteration36_inventory_procurement.TestPurchaseOrders" name="test_get_po_stats" time="1.392" /><testcase classname="backend.tests.test_iteration36_inventory_procurement.TestPurchaseOrders" name="test_get_purchase_orders_list" time="0.435" /><testcase classname="backend.tests.test_iteration36_inventory_procurement.TestPurchaseOrders" name="test_create_purchase_order" time="1.409" /><testcase classname="backend.tests.test_iteration36_inventory_procurement.TestPurchaseOrders" name="test_create_and_submit_po" time="1.727" /><testcase classname="backend.tests.test_iteration36_inventory_procurement.TestPurchaseOrders" name="test_po_audit_log" time="1.320" /><testcase classname="backend.tests.test_iteration36_inventory_procurement.TestPurchaseOrders" name="test_check_po_escalations" time="0.448" /><testcase classname="backend.tests.test_iteration36_inventory_procurement.TestPurchaseOrders" name="test_po_ping_settings" time="0.458" /><testcase classname="backend.tests.test_iteration36_inventory_procurement.TestPurchaseOrders" name="test_overdue_pos_list" time="0.430" /><testcase classname="backend.tests.test_iteration36_inventory_procurement.TestStockReceiving" name="test_receive_stock_full_flow" time="3.338" /><testcase classname="backend.tests.test_iteration36_inventory_procurement.TestStocktake" name="test_get_stocktake_sessions" time="1.097" /><testcase classname="backend.tests.test_iteration36_inventory_procurement.TestStocktake" name="test_create_stocktake_session" time="0.431" /><testcase classname="backend.tests.test_iteration36_inventory_procurement.TestStocktake" name="test_stocktake_count_item" time="1.694" /><testcase classname="backend.tests.test_iteration36_inventory_procurement.TestStocktake" name="test_stocktake_finalize" time="1.660" /><testcase classname="backend.tests.test_iteration36_inventory_procurement.TestStocktake" name="test_stocktake_audit_log" time="1.282" /><testcase classname="backend.tests.test_iteration36_inventory_procurement.TestStocktake" name="test_stocktake_reports_summary" time="0.430" /><testcase classname="backend.tests.test_iteration36_inventory_procurement.TestProductBundling" name="test_get_product_bundle" time="1.608" /><testcase classname="backend.tests.test_iteration36_inventory_procurement.TestProductBundling" name="test_update_product_bundle" time="1.857" /><testcase classname="backend.tests.test_iteration36_inventory_procurement.TestOnOrderIndicators" name="test_product_on_order_status" time="1.657" /><testcase classname="backend.tests.test_iteration36_inventory_procurement.TestOnOrderIndicators" name="test_on_order_summary" time="0.431" /><testcase classname="backend.tests.test_iteration36_inventory_procurement.TestTicketItemization" name="test_add_product_to_ticket" time="2.495" /><testcase classname="backend.tests.test_iteration36_inventory_procurement.TestTicketItemization" name="test_get_ticket_products" time="0.925" /><testcase classname="backend.tests.test_iteration36_inventory_procurement.TestTicketItemization" name="test_push_ticket_items_to_new_invoice" time="2.293" /><testcase classname="backend.tests.test_iteration36_inventory_procurement.TestVendorsPOIntegration" name="test_get_vendors_with_pos" time="1.048" /><testcase classname="backend.tests.test_iteration36_inventory_procurement.TestVendorsPOIntegration" name="test_create_po_for_vendor" time="1.317" /><testcase classname="backend.tests.test_iteration36_inventory_procurement.TestVendorsPOIntegration" name="test_filter_pos_by_vendor" time="0.866" /><testcase classname="backend.tests.test_iteration36_inventory_procurement.TestPOFiltering" name="test_filter_pos_by_status" time="2.319" /><testcase classname="backend.tests.test_iteration36_inventory_procurement.TestPOFiltering" name="test_search_pos" time="1.268" /></testsuite></testsuites>