<?xml version="1.0" encoding="utf-8"?><testsuites name="pytest tests"><testsuite name="pytest" errors="0" failures="0" skipped="0" tests="18" time="7.871" timestamp="2026-04-19T10:31:13.703446+00:00" hostname="agent-env-4a7f80d7-756c-4200-8991-71de3adaf3ec"><testcase classname="backend.tests.test_shadow_it.TestShadowITBackend" name="test_get_baseline_default" time="0.438" /><testcase classname="backend.tests.test_shadow_it.TestShadowITBackend" name="test_put_baseline_custom" time="0.399" /><testcase classname="backend.tests.test_shadow_it.TestShadowITBackend" name="test_device_software_report" time="0.440" /><testcase classname="backend.tests.test_shadow_it.TestShadowITBackend" name="test_device_software_report_not_found" time="0.369" /><testcase classname="backend.tests.test_shadow_it.TestShadowITBackend" name="test_seed_demo" time="0.439" /><testcase classname="backend.tests.test_shadow_it.TestShadowITBackend" name="test_scan_all_clients" time="0.408" /><testcase classname="backend.tests.test_shadow_it.TestShadowITBackend" name="test_scan_single_client" time="0.359" /><testcase classname="backend.tests.test_shadow_it.TestShadowITBackend" name="test_summary" time="0.357" /><testcase classname="backend.tests.test_shadow_it.TestShadowITBackend" name="test_findings_list" time="0.363" /><testcase classname="backend.tests.test_shadow_it.TestShadowITBackend" name="test_findings_filter_by_client" time="0.356" /><testcase classname="backend.tests.test_shadow_it.TestShadowITBackend" name="test_findings_filter_by_risk" time="0.343" /><testcase classname="backend.tests.test_shadow_it.TestShadowITBackend" name="test_findings_filter_by_category" time="0.351" /><testcase classname="backend.tests.test_shadow_it.TestShadowITBackend" name="test_action_approve" time="0.480" /><testcase classname="backend.tests.test_shadow_it.TestShadowITBackend" name="test_action_ignore" time="0.799" /><testcase classname="backend.tests.test_shadow_it.TestShadowITBackend" name="test_action_create_ticket" time="0.525" /><testcase classname="backend.tests.test_shadow_it.TestShadowITBackend" name="test_action_invalid" time="0.403" /><testcase classname="backend.tests.test_shadow_it.TestShadowITBackend" name="test_action_finding_not_found" time="0.341" /><testcase classname="backend.tests.test_shadow_it.TestShadowITBackend" name="test_endpoints_require_auth" time="0.638" /></testsuite></testsuites>