<?xml version="1.0" encoding="utf-8"?><testsuites name="pytest tests"><testsuite name="pytest" errors="0" failures="0" skipped="0" tests="29" time="9.858" timestamp="2026-05-02T11:58:28.474273+00:00" hostname="agent-env-4a7f80d7-756c-4200-8991-71de3adaf3ec"><testcase classname="backend.tests.test_iteration144_change_freezes.TestChangeFreezeCreate" name="test_create_freeze_msp_wide" time="0.470" /><testcase classname="backend.tests.test_iteration144_change_freezes.TestChangeFreezeCreate" name="test_create_freeze_client_specific" time="0.162" /><testcase classname="backend.tests.test_iteration144_change_freezes.TestChangeFreezeCreate" name="test_create_freeze_missing_dates_fails" time="0.070" /><testcase classname="backend.tests.test_iteration144_change_freezes.TestChangeFreezeList" name="test_list_all_freezes" time="0.090" /><testcase classname="backend.tests.test_iteration144_change_freezes.TestChangeFreezeList" name="test_list_freezes_by_client" time="0.085" /><testcase classname="backend.tests.test_iteration144_change_freezes.TestChangeFreezeList" name="test_list_active_only" time="0.085" /><testcase classname="backend.tests.test_iteration144_change_freezes.TestChangeFreezeActive" name="test_get_active_freezes" time="0.090" /><testcase classname="backend.tests.test_iteration144_change_freezes.TestChangeFreezeCheck" name="test_check_freeze_no_params" time="0.102" /><testcase classname="backend.tests.test_iteration144_change_freezes.TestChangeFreezeCheck" name="test_check_freeze_with_client" time="0.095" /><testcase classname="backend.tests.test_iteration144_change_freezes.TestChangeFreezeCheck" name="test_check_freeze_with_kind" time="0.084" /><testcase classname="backend.tests.test_iteration144_change_freezes.TestChangeFreezeGetOne" name="test_get_freeze_by_id" time="0.101" /><testcase classname="backend.tests.test_iteration144_change_freezes.TestChangeFreezeGetOne" name="test_get_freeze_not_found" time="0.084" /><testcase classname="backend.tests.test_iteration144_change_freezes.TestChangeFreezeUpdate" name="test_update_freeze" time="0.090" /><testcase classname="backend.tests.test_iteration144_change_freezes.TestChangeFreezeUpdate" name="test_update_freeze_not_found" time="0.102" /><testcase classname="backend.tests.test_iteration144_change_freezes.TestChangeFreezeDelete" name="test_delete_freeze" time="0.172" /><testcase classname="backend.tests.test_iteration144_change_freezes.TestChangeFreezeDelete" name="test_delete_freeze_not_found" time="0.087" /><testcase classname="backend.tests.test_iteration144_change_freezes.TestChangeFreezeDelete" name="test_cleanup_client_freeze" time="0.114" /><testcase classname="backend.tests.test_iteration144_change_freezes.TestAllClearBroadcast" name="test_all_clear_endpoint_exists" time="0.100" /><testcase classname="backend.tests.test_iteration144_change_freezes.TestAllClearBroadcast" name="test_all_clear_idempotent" time="0.182" /><testcase classname="backend.tests.test_iteration144_change_freezes.TestBroadcastTick" name="test_broadcast_tick_returns_four_keys" time="0.091" /><testcase classname="backend.tests.test_iteration144_change_freezes.TestStormBroadcast" name="test_storm_check_endpoint" time="0.109" /><testcase classname="backend.tests.test_iteration144_change_freezes.TestRegressionHelpCenter" name="test_help_articles_list" time="0.084" /><testcase classname="backend.tests.test_iteration144_change_freezes.TestRegressionAtmosphere" name="test_weather_mode" time="0.133" /><testcase classname="backend.tests.test_iteration144_change_freezes.TestRegressionAtmosphere" name="test_friday_reel" time="6.388" /><testcase classname="backend.tests.test_iteration144_change_freezes.TestRegressionAtmosphere" name="test_threat_dragon" time="0.152" /><testcase classname="backend.tests.test_iteration144_change_freezes.TestRegressionAtmosphere" name="test_recent_launches" time="0.085" /><testcase classname="backend.tests.test_iteration144_change_freezes.TestRegressionAtmosphere" name="test_device_graveyard" time="0.079" /><testcase classname="backend.tests.test_iteration144_change_freezes.TestRegressionDashboard" name="test_dashboard_stats" time="0.095" /><testcase classname="backend.tests.test_iteration144_change_freezes.TestRegressionDashboard" name="test_dashboard_enhanced_stats" time="0.171" /></testsuite></testsuites>